2020-06-30 18:39:53.716 1143 [        main] - INFO         io.aetherit.kfashion.ws.Application   55 : Starting Application on jangseong-yeol-ui-MacBookPro.local with PID 1143 (/Users/jangseong-yeol/kfashion.ws/target/classes started by jangseong-yeol in /Users/jangseong-yeol/kfashion.ws)
2020-06-30 18:39:53.720 1143 [        main] - DEBUG        io.aetherit.kfashion.ws.Application   56 : Running with Spring Boot v2.2.4.RELEASE, Spring v5.2.3.RELEASE
2020-06-30 18:39:53.720 1143 [        main] - INFO         io.aetherit.kfashion.ws.Application  651 : No active profile set, falling back to default profiles: default
2020-06-30 18:39:54.531 1143 [        main] - INFO  o.s.c.s.PostProcessorRegistrationDelegate$BeanPostProcessorChecker  330 : Bean 'applicationConfiguration' of type [io.aetherit.kfashion.ws.configuration.ApplicationConfiguration$$EnhancerBySpringCGLIB$$8c211e16] is not eligible for getting processed by all BeanPostProcessors (for example: not eligible for auto-proxying)
2020-06-30 18:39:54.874 1143 [        main] - DEBUG       i.a.k.w.c.ApplicationConfiguration$1   81 : Code archive: /Users/jangseong-yeol/.m2/repository/org/springframework/boot/spring-boot/2.2.4.RELEASE/spring-boot-2.2.4.RELEASE.jar
2020-06-30 18:39:54.874 1143 [        main] - DEBUG       i.a.k.w.c.ApplicationConfiguration$1  125 : Code archive: /Users/jangseong-yeol/.m2/repository/org/springframework/boot/spring-boot/2.2.4.RELEASE/spring-boot-2.2.4.RELEASE.jar
2020-06-30 18:39:54.875 1143 [        main] - DEBUG       i.a.k.w.c.ApplicationConfiguration$1  149 : None of the document roots [src/main/webapp, public, static] point to a directory and will be ignored.
2020-06-30 18:39:54.893 1143 [        main] - INFO   o.s.b.web.embedded.tomcat.TomcatWebServer   92 : Tomcat initialized with port(s): 8080 (http)
2020-06-30 18:39:54.899 1143 [        main] - INFO  org.apache.coyote.http11.Http11NioProtocol  173 : Initializing ProtocolHandler ["http-nio-8080"]
2020-06-30 18:39:54.900 1143 [        main] - INFO    org.apache.catalina.core.StandardService  173 : Starting service [Tomcat]
2020-06-30 18:39:54.900 1143 [        main] - INFO     org.apache.catalina.core.StandardEngine  173 : Starting Servlet engine: [Apache Tomcat/9.0.30]
2020-06-30 18:39:54.955 1143 [        main] - INFO          o.a.c.c.C.[Tomcat].[localhost].[/]  173 : Initializing Spring embedded WebApplicationContext
2020-06-30 18:39:54.955 1143 [        main] - INFO               o.s.web.context.ContextLoader  284 : Root WebApplicationContext: initialization completed in 1204 ms
2020-06-30 18:39:54.998 1143 [        main] - DEBUG            i.a.k.w.c.DatabaseConfiguration   47 : Creating DB DataSource : org.mariadb.jdbc.Driver, jdbc:mariadb://192.168.10.12:3306/kfashion, user1
2020-06-30 18:39:55.529 1143 [        main] - DEBUG         i.a.k.w.r.m.K.selectUsersWhereType  159 : ==>  Preparing: SELECT id, password, name, is_admin, is_approved, created_datetime, updated_datetime FROM kfashion_user_info WHERE is_admin = ? ORDER BY created_datetime DESC 
2020-06-30 18:39:55.542 1143 [        main] - DEBUG         i.a.k.w.r.m.K.selectUsersWhereType  159 : ==> Parameters: Y(String)
2020-06-30 18:39:55.580 1143 [        main] - TRACE         i.a.k.w.r.m.K.selectUsersWhereType  165 : <==    Columns: id, password, name, is_admin, is_approved, created_datetime, updated_datetime
2020-06-30 18:39:55.582 1143 [        main] - TRACE         i.a.k.w.r.m.K.selectUsersWhereType  165 : <==        Row: admin, {bcrypt}$2a$10$.nj8ne9ZRvs/fQ6qt8khyefVHhULl8gHL5o8B2KYzZ7bDI22tJ4nG, administrator, Y, Y, 2020-06-23 11:46:43.0, 2020-06-23 11:46:43.0
2020-06-30 18:39:55.585 1143 [        main] - DEBUG         i.a.k.w.r.m.K.selectUsersWhereType  159 : <==      Total: 1
2020-06-30 18:39:55.730 1143 [        main] - INFO   i.a.k.ws.controller.InformationController   22 : Appliction Information : io.aetherit.kfashion.ws 1.0-SNAPSHOT 20200624_1106 #0
2020-06-30 18:39:56.089 1143 [        main] - INFO        o.s.s.web.DefaultSecurityFilterChain   43 : Creating filter chain: any request, [org.springframework.security.web.context.request.async.WebAsyncManagerIntegrationFilter@43aeb5e0, org.springframework.security.web.context.SecurityContextPersistenceFilter@27fe9713, org.springframework.security.web.header.HeaderWriterFilter@5d96bdf8, org.springframework.security.web.authentication.logout.LogoutFilter@78a0ff63, org.springframework.security.web.savedrequest.RequestCacheAwareFilter@4397a639, org.springframework.security.web.servletapi.SecurityContextHolderAwareRequestFilter@6242ae3b, org.springframework.security.web.authentication.AnonymousAuthenticationFilter@2274160, org.springframework.security.web.session.SessionManagementFilter@32b0876c, org.springframework.security.web.access.ExceptionTranslationFilter@27755487, org.springframework.security.web.access.intercept.FilterSecurityInterceptor@7b6c6e70]
2020-06-30 18:39:56.195 1143 [        main] - INFO     o.s.s.concurrent.ThreadPoolTaskExecutor  171 : Initializing ExecutorService 'applicationTaskExecutor'
2020-06-30 18:39:56.400 1143 [        main] - INFO  o.s.s.a.ScheduledAnnotationBeanPostProcessor  297 : No TaskScheduler/ScheduledExecutorService bean found for scheduled processing
2020-06-30 18:39:56.406 1143 [        main] - INFO  org.apache.coyote.http11.Http11NioProtocol  173 : Starting ProtocolHandler ["http-nio-8080"]
2020-06-30 18:39:56.451 1143 [        main] - INFO   o.s.b.web.embedded.tomcat.TomcatWebServer  204 : Tomcat started on port(s): 8080 (http) with context path ''
2020-06-30 18:39:56.454 1143 [        main] - INFO         io.aetherit.kfashion.ws.Application   61 : Started Application in 3.062 seconds (JVM running for 3.501)
2020-06-30 18:40:14.276 1143 [-8080-exec-1] - INFO          o.a.c.c.C.[Tomcat].[localhost].[/]  173 : Initializing Spring DispatcherServlet 'dispatcherServlet'
2020-06-30 18:40:14.276 1143 [-8080-exec-1] - INFO           o.s.web.servlet.DispatcherServlet  525 : Initializing Servlet 'dispatcherServlet'
2020-06-30 18:40:14.285 1143 [-8080-exec-1] - INFO           o.s.web.servlet.DispatcherServlet  547 : Completed initialization in 9 ms
2020-06-30 18:40:14.443 1143 [-8080-exec-1] - INFO      i.a.k.w.c.s.ControllerExceptionHandler   79 : HTTP Response [500 INTERNAL_SERVER_ERROR] to 127.0.0.1 : ErrorResponse(timestamp=2020-06-30T18:40:14.443, code=Unknown, status=500, error=Internal Server Error, message=org.springframework.security.web.authentication.WebAuthenticationDetails cannot be cast to io.aetherit.kfashion.ws.model.KfashionSimpleUser, path=/api/v1/kfashion/authentications/signcheck)
2020-06-30 18:40:17.741 1143 [-8080-exec-2] - DEBUG                   i.a.k.w.r.m.K.selectUser  159 : ==>  Preparing: SELECT id, password, name, is_admin, is_approved, created_datetime, updated_datetime FROM kfashion_user_info WHERE id = ? 
2020-06-30 18:40:17.742 1143 [-8080-exec-2] - DEBUG                   i.a.k.w.r.m.K.selectUser  159 : ==> Parameters: admin(String)
2020-06-30 18:40:17.757 1143 [-8080-exec-2] - TRACE                   i.a.k.w.r.m.K.selectUser  165 : <==    Columns: id, password, name, is_admin, is_approved, created_datetime, updated_datetime
2020-06-30 18:40:17.757 1143 [-8080-exec-2] - TRACE                   i.a.k.w.r.m.K.selectUser  165 : <==        Row: admin, {bcrypt}$2a$10$.nj8ne9ZRvs/fQ6qt8khyefVHhULl8gHL5o8B2KYzZ7bDI22tJ4nG, administrator, Y, Y, 2020-06-23 11:46:43.0, 2020-06-23 11:46:43.0
2020-06-30 18:40:17.758 1143 [-8080-exec-2] - DEBUG                   i.a.k.w.r.m.K.selectUser  159 : <==      Total: 1
2020-06-30 18:41:09.990 1143 [-8080-exec-4] - WARN  o.springframework.web.servlet.PageNotFound 1251 : No mapping for GET /step/App.js
2020-06-30 18:41:09.990 1143 [-8080-exec-3] - WARN  o.springframework.web.servlet.PageNotFound 1251 : No mapping for GET /step/ImageUpload.js
2020-06-30 18:41:09.990 1143 [-8080-exec-5] - WARN  o.springframework.web.servlet.PageNotFound 1251 : No mapping for GET /step/src/index.js
2020-06-30 18:41:09.991 1143 [-8080-exec-3] - INFO      i.a.k.w.c.s.ControllerExceptionHandler   79 : HTTP Response [404 NOT_FOUND] to 127.0.0.1 : ErrorResponse(timestamp=2020-06-30T18:41:09.991, code=Unknown, status=404, error=Not Found, message=No handler found for GET /step/ImageUpload.js, path=/step/ImageUpload.js)
2020-06-30 18:41:09.991 1143 [-8080-exec-4] - INFO      i.a.k.w.c.s.ControllerExceptionHandler   79 : HTTP Response [404 NOT_FOUND] to 127.0.0.1 : ErrorResponse(timestamp=2020-06-30T18:41:09.991, code=Unknown, status=404, error=Not Found, message=No handler found for GET /step/App.js, path=/step/App.js)
2020-06-30 18:41:09.991 1143 [-8080-exec-5] - INFO      i.a.k.w.c.s.ControllerExceptionHandler   79 : HTTP Response [404 NOT_FOUND] to 127.0.0.1 : ErrorResponse(timestamp=2020-06-30T18:41:09.991, code=Unknown, status=404, error=Not Found, message=No handler found for GET /step/src/index.js, path=/step/src/index.js)
2020-06-30 18:41:10.008 1143 [-8080-exec-8] - WARN  o.springframework.web.servlet.PageNotFound 1251 : No mapping for GET /step/src/index.js
2020-06-30 18:41:10.008 1143 [-8080-exec-7] - WARN  o.springframework.web.servlet.PageNotFound 1251 : No mapping for GET /step/ImageUpload.js
2020-06-30 18:41:10.008 1143 [-8080-exec-6] - WARN  o.springframework.web.servlet.PageNotFound 1251 : No mapping for GET /step/App.js
2020-06-30 18:41:10.009 1143 [-8080-exec-8] - INFO      i.a.k.w.c.s.ControllerExceptionHandler   79 : HTTP Response [404 NOT_FOUND] to 127.0.0.1 : ErrorResponse(timestamp=2020-06-30T18:41:10.009, code=Unknown, status=404, error=Not Found, message=No handler found for GET /step/src/index.js, path=/step/src/index.js)
2020-06-30 18:41:10.009 1143 [-8080-exec-7] - INFO      i.a.k.w.c.s.ControllerExceptionHandler   79 : HTTP Response [404 NOT_FOUND] to 127.0.0.1 : ErrorResponse(timestamp=2020-06-30T18:41:10.009, code=Unknown, status=404, error=Not Found, message=No handler found for GET /step/ImageUpload.js, path=/step/ImageUpload.js)
2020-06-30 18:41:10.009 1143 [-8080-exec-6] - INFO      i.a.k.w.c.s.ControllerExceptionHandler   79 : HTTP Response [404 NOT_FOUND] to 127.0.0.1 : ErrorResponse(timestamp=2020-06-30T18:41:10.009, code=Unknown, status=404, error=Not Found, message=No handler found for GET /step/App.js, path=/step/App.js)
2020-06-30 18:41:27.525 1143 [8080-exec-11] - WARN  o.springframework.web.servlet.PageNotFound 1251 : No mapping for GET /step/src/index.js
2020-06-30 18:41:27.525 1143 [8080-exec-12] - WARN  o.springframework.web.servlet.PageNotFound 1251 : No mapping for GET /step/App.js
2020-06-30 18:41:27.525 1143 [8080-exec-10] - WARN  o.springframework.web.servlet.PageNotFound 1251 : No mapping for GET /step/ImageUpload.js
2020-06-30 18:41:27.526 1143 [8080-exec-11] - INFO      i.a.k.w.c.s.ControllerExceptionHandler   79 : HTTP Response [404 NOT_FOUND] to 127.0.0.1 : ErrorResponse(timestamp=2020-06-30T18:41:27.526, code=Unknown, status=404, error=Not Found, message=No handler found for GET /step/src/index.js, path=/step/src/index.js)
2020-06-30 18:41:27.526 1143 [8080-exec-12] - INFO      i.a.k.w.c.s.ControllerExceptionHandler   79 : HTTP Response [404 NOT_FOUND] to 127.0.0.1 : ErrorResponse(timestamp=2020-06-30T18:41:27.526, code=Unknown, status=404, error=Not Found, message=No handler found for GET /step/App.js, path=/step/App.js)
2020-06-30 18:41:27.526 1143 [8080-exec-10] - INFO      i.a.k.w.c.s.ControllerExceptionHandler   79 : HTTP Response [404 NOT_FOUND] to 127.0.0.1 : ErrorResponse(timestamp=2020-06-30T18:41:27.526, code=Unknown, status=404, error=Not Found, message=No handler found for GET /step/ImageUpload.js, path=/step/ImageUpload.js)
2020-06-30 18:41:27.543 1143 [8080-exec-15] - WARN  o.springframework.web.servlet.PageNotFound 1251 : No mapping for GET /step/App.js
2020-06-30 18:41:27.543 1143 [8080-exec-14] - WARN  o.springframework.web.servlet.PageNotFound 1251 : No mapping for GET /step/ImageUpload.js
2020-06-30 18:41:27.543 1143 [8080-exec-13] - WARN  o.springframework.web.servlet.PageNotFound 1251 : No mapping for GET /step/src/index.js
2020-06-30 18:41:27.544 1143 [8080-exec-15] - INFO      i.a.k.w.c.s.ControllerExceptionHandler   79 : HTTP Response [404 NOT_FOUND] to 127.0.0.1 : ErrorResponse(timestamp=2020-06-30T18:41:27.544, code=Unknown, status=404, error=Not Found, message=No handler found for GET /step/App.js, path=/step/App.js)
2020-06-30 18:41:27.544 1143 [8080-exec-14] - INFO      i.a.k.w.c.s.ControllerExceptionHandler   79 : HTTP Response [404 NOT_FOUND] to 127.0.0.1 : ErrorResponse(timestamp=2020-06-30T18:41:27.544, code=Unknown, status=404, error=Not Found, message=No handler found for GET /step/ImageUpload.js, path=/step/ImageUpload.js)
2020-06-30 18:41:27.544 1143 [8080-exec-13] - INFO      i.a.k.w.c.s.ControllerExceptionHandler   79 : HTTP Response [404 NOT_FOUND] to 127.0.0.1 : ErrorResponse(timestamp=2020-06-30T18:41:27.544, code=Unknown, status=404, error=Not Found, message=No handler found for GET /step/src/index.js, path=/step/src/index.js)
2020-06-30 18:41:41.209 1143 [8080-exec-18] - WARN  o.springframework.web.servlet.PageNotFound 1251 : No mapping for GET /step/src/index.js
2020-06-30 18:41:41.209 1143 [8080-exec-17] - WARN  o.springframework.web.servlet.PageNotFound 1251 : No mapping for GET /step/ImageUpload.js
2020-06-30 18:41:41.209 1143 [8080-exec-19] - WARN  o.springframework.web.servlet.PageNotFound 1251 : No mapping for GET /step/App.js
2020-06-30 18:41:41.210 1143 [8080-exec-17] - INFO      i.a.k.w.c.s.ControllerExceptionHandler   79 : HTTP Response [404 NOT_FOUND] to 127.0.0.1 : ErrorResponse(timestamp=2020-06-30T18:41:41.210, code=Unknown, status=404, error=Not Found, message=No handler found for GET /step/ImageUpload.js, path=/step/ImageUpload.js)
2020-06-30 18:41:41.210 1143 [8080-exec-19] - INFO      i.a.k.w.c.s.ControllerExceptionHandler   79 : HTTP Response [404 NOT_FOUND] to 127.0.0.1 : ErrorResponse(timestamp=2020-06-30T18:41:41.210, code=Unknown, status=404, error=Not Found, message=No handler found for GET /step/App.js, path=/step/App.js)
2020-06-30 18:41:41.210 1143 [8080-exec-18] - INFO      i.a.k.w.c.s.ControllerExceptionHandler   79 : HTTP Response [404 NOT_FOUND] to 127.0.0.1 : ErrorResponse(timestamp=2020-06-30T18:41:41.210, code=Unknown, status=404, error=Not Found, message=No handler found for GET /step/src/index.js, path=/step/src/index.js)
2020-06-30 18:41:41.218 1143 [8080-exec-20] - WARN  o.springframework.web.servlet.PageNotFound 1251 : No mapping for GET /step/ImageUpload.js
2020-06-30 18:41:41.219 1143 [8080-exec-20] - INFO      i.a.k.w.c.s.ControllerExceptionHandler   79 : HTTP Response [404 NOT_FOUND] to 127.0.0.1 : ErrorResponse(timestamp=2020-06-30T18:41:41.219, code=Unknown, status=404, error=Not Found, message=No handler found for GET /step/ImageUpload.js, path=/step/ImageUpload.js)
2020-06-30 18:41:41.226 1143 [8080-exec-21] - WARN  o.springframework.web.servlet.PageNotFound 1251 : No mapping for GET /step/App.js
2020-06-30 18:41:41.227 1143 [8080-exec-21] - INFO      i.a.k.w.c.s.ControllerExceptionHandler   79 : HTTP Response [404 NOT_FOUND] to 127.0.0.1 : ErrorResponse(timestamp=2020-06-30T18:41:41.227, code=Unknown, status=404, error=Not Found, message=No handler found for GET /step/App.js, path=/step/App.js)
2020-06-30 18:41:41.227 1143 [8080-exec-22] - WARN  o.springframework.web.servlet.PageNotFound 1251 : No mapping for GET /step/src/index.js
2020-06-30 18:41:41.228 1143 [8080-exec-22] - INFO      i.a.k.w.c.s.ControllerExceptionHandler   79 : HTTP Response [404 NOT_FOUND] to 127.0.0.1 : ErrorResponse(timestamp=2020-06-30T18:41:41.228, code=Unknown, status=404, error=Not Found, message=No handler found for GET /step/src/index.js, path=/step/src/index.js)
2020-06-30 18:42:12.294 1143 [8080-exec-24] - DEBUG              i.a.k.w.r.m.K.selectStyleList  159 : ==>  Preparing: select * from kfashion_category_item where category_no=1; 
2020-06-30 18:42:12.295 1143 [8080-exec-24] - DEBUG              i.a.k.w.r.m.K.selectStyleList  159 : ==> Parameters: 
2020-06-30 18:42:12.297 1143 [8080-exec-29] - DEBUG            i.a.k.w.r.m.K.selectTextureList  159 : ==>  Preparing: select * from kfashion_category_item where category_no=6; 
2020-06-30 18:42:12.297 1143 [8080-exec-29] - DEBUG            i.a.k.w.r.m.K.selectTextureList  159 : ==> Parameters: 
2020-06-30 18:42:12.303 1143 [8080-exec-28] - DEBUG             i.a.k.w.r.m.K.selectLengthList  159 : ==>  Preparing: select * from kfashion_category_item where category_no=7; 
2020-06-30 18:42:12.304 1143 [8080-exec-28] - DEBUG             i.a.k.w.r.m.K.selectLengthList  159 : ==> Parameters: 
2020-06-30 18:42:12.329 1143 [8080-exec-27] - DEBUG              i.a.k.w.r.m.K.selectPrintList  159 : ==>  Preparing: select * from kfashion_category_item where category_no=5; 
2020-06-30 18:42:12.329 1143 [8080-exec-26] - DEBUG             i.a.k.w.r.m.K.selectDetailList  159 : ==>  Preparing: select * from kfashion_category_item where category_no=4; 
2020-06-30 18:42:12.329 1143 [8080-exec-25] - DEBUG           i.a.k.w.r.m.K.selectCategoryList  159 : ==>  Preparing: select * from kfashion_category_item where category_no=2; 
2020-06-30 18:42:12.330 1143 [8080-exec-26] - DEBUG             i.a.k.w.r.m.K.selectDetailList  159 : ==> Parameters: 
2020-06-30 18:42:12.330 1143 [8080-exec-27] - DEBUG              i.a.k.w.r.m.K.selectPrintList  159 : ==> Parameters: 
2020-06-30 18:42:12.330 1143 [8080-exec-25] - DEBUG           i.a.k.w.r.m.K.selectCategoryList  159 : ==> Parameters: 
2020-06-30 18:42:12.334 1143 [8080-exec-29] - TRACE            i.a.k.w.r.m.K.selectTextureList  165 : <==    Columns: no, category_no, category_item_name, created_id, updated_id, created_datetime, updated_datetime
2020-06-30 18:42:12.335 1143 [8080-exec-24] - TRACE              i.a.k.w.r.m.K.selectStyleList  165 : <==    Columns: no, category_no, category_item_name, created_id, updated_id, created_datetime, updated_datetime
2020-06-30 18:42:12.335 1143 [8080-exec-29] - TRACE            i.a.k.w.r.m.K.selectTextureList  165 : <==        Row: 161, 6, 퍼, admin, admin, 2020-06-21 14:15:00.0, 2020-06-21 14:15:00.0
2020-06-30 18:42:12.336 1143 [8080-exec-24] - TRACE              i.a.k.w.r.m.K.selectStyleList  165 : <==        Row: 1, 1, 클래식, admin, admin, 2020-06-21 14:15:00.0, 2020-06-21 14:15:00.0
2020-06-30 18:42:12.337 1143 [8080-exec-29] - TRACE            i.a.k.w.r.m.K.selectTextureList  165 : <==        Row: 162, 6, 무스탕, admin, admin, 2020-06-21 14:15:00.0, 2020-06-21 14:15:00.0
2020-06-30 18:42:12.337 1143 [8080-exec-24] - TRACE              i.a.k.w.r.m.K.selectStyleList  165 : <==        Row: 2, 1, 프레피, admin, admin, 2020-06-21 14:15:00.0, 2020-06-21 14:15:00.0
2020-06-30 18:42:12.337 1143 [8080-exec-29] - TRACE            i.a.k.w.r.m.K.selectTextureList  165 : <==        Row: 163, 6, 스웨이드, admin, admin, 2020-06-21 14:15:00.0, 2020-06-21 14:15:00.0
2020-06-30 18:42:12.338 1143 [8080-exec-24] - TRACE              i.a.k.w.r.m.K.selectStyleList  165 : <==        Row: 3, 1, 매니시, admin, admin, 2020-06-21 14:15:00.0, 2020-06-21 14:15:00.0
2020-06-30 18:42:12.338 1143 [8080-exec-29] - TRACE            i.a.k.w.r.m.K.selectTextureList  165 : <==        Row: 164, 6, 앙고라, admin, admin, 2020-06-21 14:15:00.0, 2020-06-21 14:15:00.0
2020-06-30 18:42:12.338 1143 [8080-exec-28] - TRACE             i.a.k.w.r.m.K.selectLengthList  165 : <==    Columns: no, category_no, category_item_name, created_id, updated_id, created_datetime, updated_datetime
2020-06-30 18:42:12.339 1143 [8080-exec-24] - TRACE              i.a.k.w.r.m.K.selectStyleList  165 : <==        Row: 4, 1, 톰보이, admin, admin, 2020-06-21 14:15:00.0, 2020-06-21 14:15:00.0
2020-06-30 18:42:12.339 1143 [8080-exec-28] - TRACE             i.a.k.w.r.m.K.selectLengthList  165 : <==        Row: 186, 7, 롱, admin, admin, 2020-06-21 14:15:00.0, 2020-06-21 14:15:00.0
2020-06-30 18:42:12.339 1143 [8080-exec-29] - TRACE            i.a.k.w.r.m.K.selectTextureList  165 : <==        Row: 165, 6, 코듀로이, admin, admin, 2020-06-21 14:15:00.0, 2020-06-21 14:15:00.0
2020-06-30 18:42:12.340 1143 [8080-exec-28] - TRACE             i.a.k.w.r.m.K.selectLengthList  165 : <==        Row: 187, 7, 크롭, admin, admin, 2020-06-21 14:15:00.0, 2020-06-21 14:15:00.0
2020-06-30 18:42:12.340 1143 [8080-exec-29] - TRACE            i.a.k.w.r.m.K.selectTextureList  165 : <==        Row: 166, 6, 시퀀/글리터, admin, admin, 2020-06-21 14:15:00.0, 2020-06-21 14:15:00.0
2020-06-30 18:42:12.340 1143 [8080-exec-24] - TRACE              i.a.k.w.r.m.K.selectStyleList  165 : <==        Row: 5, 1, 엘레강스, admin, admin, 2020-06-21 14:15:00.0, 2020-06-21 14:15:00.0
2020-06-30 18:42:12.341 1143 [8080-exec-28] - TRACE             i.a.k.w.r.m.K.selectLengthList  165 : <==        Row: 188, 7, 노멀, admin, admin, 2020-06-21 14:15:00.0, 2020-06-21 14:15:00.0
2020-06-30 18:42:12.341 1143 [8080-exec-29] - TRACE            i.a.k.w.r.m.K.selectTextureList  165 : <==        Row: 167, 6, 데님, admin, admin, 2020-06-21 14:15:00.0, 2020-06-21 14:15:00.0
2020-06-30 18:42:12.341 1143 [8080-exec-24] - TRACE              i.a.k.w.r.m.K.selectStyleList  165 : <==        Row: 6, 1, 소피스트케이티드, admin, admin, 2020-06-21 14:15:00.0, 2020-06-21 14:15:00.0
2020-06-30 18:42:12.342 1143 [8080-exec-28] - TRACE             i.a.k.w.r.m.K.selectLengthList  165 : <==        Row: 189, 7, 맥시, admin, admin, 2020-06-21 14:15:00.0, 2020-06-21 14:15:00.0
2020-06-30 18:42:12.342 1143 [8080-exec-29] - TRACE            i.a.k.w.r.m.K.selectTextureList  165 : <==        Row: 168, 6, 저지, admin, admin, 2020-06-21 14:15:00.0, 2020-06-21 14:15:00.0
2020-06-30 18:42:12.343 1143 [8080-exec-28] - TRACE             i.a.k.w.r.m.K.selectLengthList  165 : <==        Row: 190, 7, 하프, admin, admin, 2020-06-21 14:15:00.0, 2020-06-21 14:15:00.0
2020-06-30 18:42:12.343 1143 [8080-exec-24] - TRACE              i.a.k.w.r.m.K.selectStyleList  165 : <==        Row: 7, 1, 에스닉, admin, admin, 2020-06-21 14:15:00.0, 2020-06-21 14:15:00.0
2020-06-30 18:42:12.343 1143 [8080-exec-29] - TRACE            i.a.k.w.r.m.K.selectTextureList  165 : <==        Row: 169, 6, 니트, admin, admin, 2020-06-21 14:15:00.0, 2020-06-21 14:15:00.0
2020-06-30 18:42:12.344 1143 [8080-exec-28] - TRACE             i.a.k.w.r.m.K.selectLengthList  165 : <==        Row: 191, 7, 미니, admin, admin, 2020-06-21 14:15:00.0, 2020-06-21 14:15:00.0
2020-06-30 18:42:12.344 1143 [8080-exec-29] - TRACE            i.a.k.w.r.m.K.selectTextureList  165 : <==        Row: 170, 6, 레이스, admin, admin, 2020-06-21 14:15:00.0, 2020-06-21 14:15:00.0
2020-06-30 18:42:12.344 1143 [8080-exec-24] - TRACE              i.a.k.w.r.m.K.selectStyleList  165 : <==        Row: 8, 1, 히피, admin, admin, 2020-06-21 14:15:00.0, 2020-06-21 14:15:00.0
2020-06-30 18:42:12.344 1143 [8080-exec-29] - TRACE            i.a.k.w.r.m.K.selectTextureList  165 : <==        Row: 171, 6, 린넨, admin, admin, 2020-06-21 14:15:00.0, 2020-06-21 14:15:00.0
2020-06-30 18:42:12.344 1143 [8080-exec-28] - TRACE             i.a.k.w.r.m.K.selectLengthList  165 : <==        Row: 192, 7, 니렝스, admin, admin, 2020-06-21 14:15:00.0, 2020-06-21 14:15:00.0
2020-06-30 18:42:12.344 1143 [8080-exec-24] - TRACE              i.a.k.w.r.m.K.selectStyleList  165 : <==        Row: 9, 1, 오리엔탈, admin, admin, 2020-06-21 14:15:00.0, 2020-06-21 14:15:00.0
2020-06-30 18:42:12.345 1143 [8080-exec-29] - TRACE            i.a.k.w.r.m.K.selectTextureList  165 : <==        Row: 172, 6, 메시, admin, admin, 2020-06-21 14:15:00.0, 2020-06-21 14:15:00.0
2020-06-30 18:42:12.345 1143 [8080-exec-24] - TRACE              i.a.k.w.r.m.K.selectStyleList  165 : <==        Row: 10, 1, 모던, admin, admin, 2020-06-21 14:15:00.0, 2020-06-21 14:15:00.0
2020-06-30 18:42:12.345 1143 [8080-exec-28] - TRACE             i.a.k.w.r.m.K.selectLengthList  165 : <==        Row: 193, 7, 긴, admin, admin, 2020-06-21 14:15:00.0, 2020-06-21 14:15:00.0
2020-06-30 18:42:12.346 1143 [8080-exec-24] - TRACE              i.a.k.w.r.m.K.selectStyleList  165 : <==        Row: 11, 1, 미니멀, admin, admin, 2020-06-21 14:15:00.0, 2020-06-21 14:15:00.0
2020-06-30 18:42:12.346 1143 [8080-exec-28] - TRACE             i.a.k.w.r.m.K.selectLengthList  165 : <==        Row: 194, 7, 숏, admin, admin, 2020-06-21 14:15:00.0, 2020-06-21 14:15:00.0
2020-06-30 18:42:12.346 1143 [8080-exec-29] - TRACE            i.a.k.w.r.m.K.selectTextureList  165 : <==        Row: 173, 6, 플리스, admin, admin, 2020-06-21 14:15:00.0, 2020-06-21 14:15:00.0
2020-06-30 18:42:12.346 1143 [8080-exec-28] - DEBUG             i.a.k.w.r.m.K.selectLengthList  159 : <==      Total: 9
2020-06-30 18:42:12.346 1143 [8080-exec-24] - TRACE              i.a.k.w.r.m.K.selectStyleList  165 : <==        Row: 12, 1, 내추럴, admin, admin, 2020-06-21 14:15:00.0, 2020-06-21 14:15:00.0
2020-06-30 18:42:12.347 1143 [8080-exec-29] - TRACE            i.a.k.w.r.m.K.selectTextureList  165 : <==        Row: 174, 6, 네오프렌, admin, admin, 2020-06-21 14:15:00.0, 2020-06-21 14:15:00.0
2020-06-30 18:42:12.347 1143 [8080-exec-24] - TRACE              i.a.k.w.r.m.K.selectStyleList  165 : <==        Row: 13, 1, 컨트리, admin, admin, 2020-06-21 14:15:00.0, 2020-06-21 14:15:00.0
2020-06-30 18:42:12.347 1143 [8080-exec-24] - TRACE              i.a.k.w.r.m.K.selectStyleList  165 : <==        Row: 14, 1, 로맨틱, admin, admin, 2020-06-21 14:15:00.0, 2020-06-21 14:15:00.0
2020-06-30 18:42:12.347 1143 [8080-exec-29] - TRACE            i.a.k.w.r.m.K.selectTextureList  165 : <==        Row: 175, 6, 실크, admin, admin, 2020-06-21 14:15:00.0, 2020-06-21 14:15:00.0
2020-06-30 18:42:12.348 1143 [8080-exec-24] - TRACE              i.a.k.w.r.m.K.selectStyleList  165 : <==        Row: 15, 1, 섹시, admin, admin, 2020-06-21 14:15:00.0, 2020-06-21 14:15:00.0
2020-06-30 18:42:12.348 1143 [8080-exec-29] - TRACE            i.a.k.w.r.m.K.selectTextureList  165 : <==        Row: 176, 6, 스판덱스, admin, admin, 2020-06-21 14:15:00.0, 2020-06-21 14:15:00.0
2020-06-30 18:42:12.348 1143 [8080-exec-24] - TRACE              i.a.k.w.r.m.K.selectStyleList  165 : <==        Row: 16, 1, 스포티, admin, admin, 2020-06-21 14:15:00.0, 2020-06-21 14:15:00.0
2020-06-30 18:42:12.348 1143 [8080-exec-29] - TRACE            i.a.k.w.r.m.K.selectTextureList  165 : <==        Row: 177, 6, 트위드, admin, admin, 2020-06-21 14:15:00.0, 2020-06-21 14:15:00.0
2020-06-30 18:42:12.349 1143 [8080-exec-24] - TRACE              i.a.k.w.r.m.K.selectStyleList  165 : <==        Row: 17, 1, 애슬레저, admin, admin, 2020-06-21 14:15:00.0, 2020-06-21 14:15:00.0
2020-06-30 18:42:12.349 1143 [8080-exec-29] - TRACE            i.a.k.w.r.m.K.selectTextureList  165 : <==        Row: 178, 6, 벨벳, admin, admin, 2020-06-21 14:15:00.0, 2020-06-21 14:15:00.0
2020-06-30 18:42:12.349 1143 [8080-exec-24] - TRACE              i.a.k.w.r.m.K.selectStyleList  165 : <==        Row: 18, 1, 놈코어, admin, admin, 2020-06-21 14:15:00.0, 2020-06-21 14:15:00.0
2020-06-30 18:42:12.350 1143 [8080-exec-29] - TRACE            i.a.k.w.r.m.K.selectTextureList  165 : <==        Row: 179, 6, 비닐/pvc, admin, admin, 2020-06-21 14:15:00.0, 2020-06-21 14:15:00.0
2020-06-30 18:42:12.351 1143 [8080-exec-26] - TRACE             i.a.k.w.r.m.K.selectDetailList  165 : <==    Columns: no, category_no, category_item_name, created_id, updated_id, created_datetime, updated_datetime
2020-06-30 18:42:12.351 1143 [8080-exec-24] - TRACE              i.a.k.w.r.m.K.selectStyleList  165 : <==        Row: 19, 1, 밀리터리, admin, admin, 2020-06-21 14:15:00.0, 2020-06-21 14:15:00.0
2020-06-30 18:42:12.352 1143 [8080-exec-26] - TRACE             i.a.k.w.r.m.K.selectDetailList  165 : <==        Row: 63, 4, 비즈, admin, admin, 2020-06-21 14:15:00.0, 2020-06-21 14:15:00.0
2020-06-30 18:42:12.352 1143 [8080-exec-29] - TRACE            i.a.k.w.r.m.K.selectTextureList  165 : <==        Row: 180, 6, 울/캐시미어, admin, admin, 2020-06-21 14:15:00.0, 2020-06-21 14:15:00.0
2020-06-30 18:42:12.352 1143 [8080-exec-24] - TRACE              i.a.k.w.r.m.K.selectStyleList  165 : <==        Row: 20, 1, 문화, admin, admin, 2020-06-21 14:15:00.0, 2020-06-21 14:15:00.0
2020-06-30 18:42:12.352 1143 [8080-exec-25] - TRACE           i.a.k.w.r.m.K.selectCategoryList  165 : <==    Columns: no, category_no, category_item_name, created_id, updated_id, created_datetime, updated_datetime
2020-06-30 18:42:12.352 1143 [8080-exec-27] - TRACE              i.a.k.w.r.m.K.selectPrintList  165 : <==    Columns: no, category_no, category_item_name, created_id, updated_id, created_datetime, updated_datetime
2020-06-30 18:42:12.352 1143 [8080-exec-26] - TRACE             i.a.k.w.r.m.K.selectDetailList  165 : <==        Row: 64, 4, 단추, admin, admin, 2020-06-21 14:15:00.0, 2020-06-21 14:15:00.0
2020-06-30 18:42:12.352 1143 [8080-exec-29] - TRACE            i.a.k.w.r.m.K.selectTextureList  165 : <==        Row: 181, 6, 합성섬유, admin, admin, 2020-06-21 14:15:00.0, 2020-06-21 14:15:00.0
2020-06-30 18:42:12.352 1143 [8080-exec-25] - TRACE           i.a.k.w.r.m.K.selectCategoryList  165 : <==        Row: 26, 2, 점퍼, admin, admin, 2020-06-21 14:15:00.0, 2020-06-21 14:15:00.0
2020-06-30 18:42:12.352 1143 [8080-exec-24] - TRACE              i.a.k.w.r.m.K.selectStyleList  165 : <==        Row: 21, 1, 뉴트로, admin, admin, 2020-06-21 14:15:00.0, 2020-06-21 14:15:00.0
2020-06-30 18:42:12.352 1143 [8080-exec-27] - TRACE              i.a.k.w.r.m.K.selectPrintList  165 : <==        Row: 103, 5, 체크, admin, admin, 2020-06-21 14:15:00.0, 2020-06-21 14:15:00.0
2020-06-30 18:42:12.353 1143 [8080-exec-29] - TRACE            i.a.k.w.r.m.K.selectTextureList  165 : <==        Row: 182, 6, 자카드, admin, admin, 2020-06-21 14:15:00.0, 2020-06-21 14:15:00.0
2020-06-30 18:42:12.353 1143 [8080-exec-24] - TRACE              i.a.k.w.r.m.K.selectStyleList  165 : <==        Row: 22, 1, 힙합, admin, admin, 2020-06-21 14:15:00.0, 2020-06-21 14:15:00.0
2020-06-30 18:42:12.353 1143 [8080-exec-26] - TRACE             i.a.k.w.r.m.K.selectDetailList  165 : <==        Row: 65, 4, 니트꽈배기, admin, admin, 2020-06-21 14:15:00.0, 2020-06-21 14:15:00.0
2020-06-30 18:42:12.353 1143 [8080-exec-25] - TRACE           i.a.k.w.r.m.K.selectCategoryList  165 : <==        Row: 27, 2, 패딩, admin, admin, 2020-06-21 14:15:00.0, 2020-06-21 14:15:00.0
2020-06-30 18:42:12.353 1143 [8080-exec-27] - TRACE              i.a.k.w.r.m.K.selectPrintList  165 : <==        Row: 104, 5, 스트라이프, admin, admin, 2020-06-21 14:15:00.0, 2020-06-21 14:15:00.0
2020-06-30 18:42:12.353 1143 [8080-exec-29] - TRACE            i.a.k.w.r.m.K.selectTextureList  165 : <==        Row: 183, 6, 가죽, admin, admin, 2020-06-21 14:15:00.0, 2020-06-21 14:15:00.0
2020-06-30 18:42:12.353 1143 [8080-exec-24] - TRACE              i.a.k.w.r.m.K.selectStyleList  165 : <==        Row: 23, 1, 키치/키덜트, admin, admin, 2020-06-21 14:15:00.0, 2020-06-21 14:15:00.0
2020-06-30 18:42:12.353 1143 [8080-exec-26] - TRACE             i.a.k.w.r.m.K.selectDetailList  165 : <==        Row: 66, 4, 체인, admin, admin, 2020-06-21 14:15:00.0, 2020-06-21 14:15:00.0
2020-06-30 18:42:12.353 1143 [8080-exec-25] - TRACE           i.a.k.w.r.m.K.selectCategoryList  165 : <==        Row: 28, 2, 청바지, admin, admin, 2020-06-21 14:15:00.0, 2020-06-21 14:15:00.0
2020-06-30 18:42:12.353 1143 [8080-exec-27] - TRACE              i.a.k.w.r.m.K.selectPrintList  165 : <==        Row: 105, 5, 지그재그, admin, admin, 2020-06-21 14:15:00.0, 2020-06-21 14:15:00.0
2020-06-30 18:42:12.354 1143 [8080-exec-29] - TRACE            i.a.k.w.r.m.K.selectTextureList  165 : <==        Row: 184, 6, 면, admin, admin, 2020-06-21 14:15:00.0, 2020-06-21 14:15:00.0
2020-06-30 18:42:12.354 1143 [8080-exec-24] - TRACE              i.a.k.w.r.m.K.selectStyleList  165 : <==        Row: 24, 1, 맥시멀, admin, admin, 2020-06-21 14:15:00.0, 2020-06-21 14:15:00.0
2020-06-30 18:42:12.354 1143 [8080-exec-26] - TRACE             i.a.k.w.r.m.K.selectDetailList  165 : <==        Row: 67, 4, 컷오프, admin, admin, 2020-06-21 14:15:00.0, 2020-06-21 14:15:00.0
2020-06-30 18:42:12.354 1143 [8080-exec-27] - TRACE              i.a.k.w.r.m.K.selectPrintList  165 : <==        Row: 106, 5, 호피, admin, admin, 2020-06-21 14:15:00.0, 2020-06-21 14:15:00.0
2020-06-30 18:42:12.354 1143 [8080-exec-25] - TRACE           i.a.k.w.r.m.K.selectCategoryList  165 : <==        Row: 29, 2, 팬츠, admin, admin, 2020-06-21 14:15:00.0, 2020-06-21 14:15:00.0
2020-06-30 18:42:12.354 1143 [8080-exec-29] - TRACE            i.a.k.w.r.m.K.selectTextureList  165 : <==        Row: 185, 6, 시폰, admin, admin, 2020-06-21 14:15:00.0, 2020-06-21 14:15:00.0
2020-06-30 18:42:12.354 1143 [8080-exec-24] - TRACE              i.a.k.w.r.m.K.selectStyleList  165 : <==        Row: 25, 1, 캐주얼, admin, admin, 2020-06-21 14:15:00.0, 2020-06-21 14:15:00.0
2020-06-30 18:42:12.354 1143 [8080-exec-27] - TRACE              i.a.k.w.r.m.K.selectPrintList  165 : <==        Row: 107, 5, 지브라, admin, admin, 2020-06-21 14:15:00.0, 2020-06-21 14:15:00.0
2020-06-30 18:42:12.354 1143 [8080-exec-26] - TRACE             i.a.k.w.r.m.K.selectDetailList  165 : <==        Row: 68, 4, 더블브레스티드, admin, admin, 2020-06-21 14:15:00.0, 2020-06-21 14:15:00.0
2020-06-30 18:42:12.354 1143 [8080-exec-25] - TRACE           i.a.k.w.r.m.K.selectCategoryList  165 : <==        Row: 30, 2, 스커트, admin, admin, 2020-06-21 14:15:00.0, 2020-06-21 14:15:00.0
2020-06-30 18:42:12.355 1143 [8080-exec-29] - DEBUG            i.a.k.w.r.m.K.selectTextureList  159 : <==      Total: 25
2020-06-30 18:42:12.355 1143 [8080-exec-24] - DEBUG              i.a.k.w.r.m.K.selectStyleList  159 : <==      Total: 25
2020-06-30 18:42:12.355 1143 [8080-exec-25] - TRACE           i.a.k.w.r.m.K.selectCategoryList  165 : <==        Row: 31, 2, 드레스, admin, admin, 2020-06-21 14:15:00.0, 2020-06-21 14:15:00.0
2020-06-30 18:42:12.355 1143 [8080-exec-27] - TRACE              i.a.k.w.r.m.K.selectPrintList  165 : <==        Row: 108, 5, 도트, admin, admin, 2020-06-21 14:15:00.0, 2020-06-21 14:15:00.0
2020-06-30 18:42:12.355 1143 [8080-exec-26] - TRACE             i.a.k.w.r.m.K.selectDetailList  165 : <==        Row: 69, 4, 드롭숄더, admin, admin, 2020-06-21 14:15:00.0, 2020-06-21 14:15:00.0
2020-06-30 18:42:12.356 1143 [8080-exec-26] - TRACE             i.a.k.w.r.m.K.selectDetailList  165 : <==        Row: 70, 4, 자수, admin, admin, 2020-06-21 14:15:00.0, 2020-06-21 14:15:00.0
2020-06-30 18:42:12.356 1143 [8080-exec-27] - TRACE              i.a.k.w.r.m.K.selectPrintList  165 : <==        Row: 109, 5, 카무플라쥬, admin, admin, 2020-06-21 14:15:00.0, 2020-06-21 14:15:00.0
2020-06-30 18:42:12.356 1143 [8080-exec-25] - TRACE           i.a.k.w.r.m.K.selectCategoryList  165 : <==        Row: 32, 2, 점프수트, admin, admin, 2020-06-21 14:15:00.0, 2020-06-21 14:15:00.0
2020-06-30 18:42:12.357 1143 [8080-exec-27] - TRACE              i.a.k.w.r.m.K.selectPrintList  165 : <==        Row: 110, 5, 페이즐리, admin, admin, 2020-06-21 14:15:00.0, 2020-06-21 14:15:00.0
2020-06-30 18:42:12.357 1143 [8080-exec-26] - TRACE             i.a.k.w.r.m.K.selectDetailList  165 : <==        Row: 71, 4, 프릴, admin, admin, 2020-06-21 14:15:00.0, 2020-06-21 14:15:00.0
2020-06-30 18:42:12.357 1143 [8080-exec-25] - TRACE           i.a.k.w.r.m.K.selectCategoryList  165 : <==        Row: 33, 2, 수영복, admin, admin, 2020-06-21 14:15:00.0, 2020-06-21 14:15:00.0
2020-06-30 18:42:12.364 1143 [8080-exec-25] - TRACE           i.a.k.w.r.m.K.selectCategoryList  165 : <==        Row: 34, 2, 탑, admin, admin, 2020-06-21 14:15:00.0, 2020-06-21 14:15:00.0
2020-06-30 18:42:12.364 1143 [8080-exec-26] - TRACE             i.a.k.w.r.m.K.selectDetailList  165 : <==        Row: 72, 4, 프린지, admin, admin, 2020-06-21 14:15:00.0, 2020-06-21 14:15:00.0
2020-06-30 18:42:12.364 1143 [8080-exec-27] - TRACE              i.a.k.w.r.m.K.selectPrintList  165 : <==        Row: 111, 5, 아가일, admin, admin, 2020-06-21 14:15:00.0, 2020-06-21 14:15:00.0
2020-06-30 18:42:12.364 1143 [8080-exec-25] - TRACE           i.a.k.w.r.m.K.selectCategoryList  165 : <==        Row: 35, 2, 블라우스, admin, admin, 2020-06-21 14:15:00.0, 2020-06-21 14:15:00.0
2020-06-30 18:42:12.364 1143 [8080-exec-27] - TRACE              i.a.k.w.r.m.K.selectPrintList  165 : <==        Row: 112, 5, 플로럴, admin, admin, 2020-06-21 14:15:00.0, 2020-06-21 14:15:00.0
2020-06-30 18:42:12.364 1143 [8080-exec-26] - TRACE             i.a.k.w.r.m.K.selectDetailList  165 : <==        Row: 73, 4, 플레어, admin, admin, 2020-06-21 14:15:00.0, 2020-06-21 14:15:00.0
2020-06-30 18:42:12.365 1143 [8080-exec-27] - TRACE              i.a.k.w.r.m.K.selectPrintList  165 : <==        Row: 113, 5, 레터링, admin, admin, 2020-06-21 14:15:00.0, 2020-06-21 14:15:00.0
2020-06-30 18:42:12.365 1143 [8080-exec-25] - TRACE           i.a.k.w.r.m.K.selectCategoryList  165 : <==        Row: 36, 2, 캐주얼상의, admin, admin, 2020-06-21 14:15:00.0, 2020-06-21 14:15:00.0
2020-06-30 18:42:12.365 1143 [8080-exec-26] - TRACE             i.a.k.w.r.m.K.selectDetailList  165 : <==        Row: 74, 4, 퍼트리밍, admin, admin, 2020-06-21 14:15:00.0, 2020-06-21 14:15:00.0
2020-06-30 18:42:12.365 1143 [8080-exec-27] - TRACE              i.a.k.w.r.m.K.selectPrintList  165 : <==        Row: 114, 5, 해골, admin, admin, 2020-06-21 14:15:00.0, 2020-06-21 14:15:00.0
2020-06-30 18:42:12.365 1143 [8080-exec-26] - TRACE             i.a.k.w.r.m.K.selectDetailList  165 : <==        Row: 75, 4, 글리터, admin, admin, 2020-06-21 14:15:00.0, 2020-06-21 14:15:00.0
2020-06-30 18:42:12.365 1143 [8080-exec-25] - TRACE           i.a.k.w.r.m.K.selectCategoryList  165 : <==        Row: 37, 2, 니트웨어, admin, admin, 2020-06-21 14:15:00.0, 2020-06-21 14:15:00.0
2020-06-30 18:42:12.366 1143 [8080-exec-27] - TRACE              i.a.k.w.r.m.K.selectPrintList  165 : <==        Row: 115, 5, 타이다이, admin, admin, 2020-06-21 14:15:00.0, 2020-06-21 14:15:00.0
2020-06-30 18:42:12.366 1143 [8080-exec-26] - TRACE             i.a.k.w.r.m.K.selectDetailList  165 : <==        Row: 76, 4, 후드, admin, admin, 2020-06-21 14:15:00.0, 2020-06-21 14:15:00.0
2020-06-30 18:42:12.366 1143 [8080-exec-25] - TRACE           i.a.k.w.r.m.K.selectCategoryList  165 : <==        Row: 38, 2, 셔츠, admin, admin, 2020-06-21 14:15:00.0, 2020-06-21 14:15:00.0
2020-06-30 18:42:12.366 1143 [8080-exec-27] - TRACE              i.a.k.w.r.m.K.selectPrintList  165 : <==        Row: 116, 5, 그라데이션, admin, admin, 2020-06-21 14:15:00.0, 2020-06-21 14:15:00.0
2020-06-30 18:42:12.366 1143 [8080-exec-26] - TRACE             i.a.k.w.r.m.K.selectDetailList  165 : <==        Row: 77, 4, 레이스업, admin, admin, 2020-06-21 14:15:00.0, 2020-06-21 14:15:00.0
2020-06-30 18:42:12.366 1143 [8080-exec-25] - TRACE           i.a.k.w.r.m.K.selectCategoryList  165 : <==        Row: 39, 2, 베스트, admin, admin, 2020-06-21 14:15:00.0, 2020-06-21 14:15:00.0
2020-06-30 18:42:12.367 1143 [8080-exec-26] - TRACE             i.a.k.w.r.m.K.selectDetailList  165 : <==        Row: 78, 4, 패딩, admin, admin, 2020-06-21 14:15:00.0, 2020-06-21 14:15:00.0
2020-06-30 18:42:12.367 1143 [8080-exec-27] - TRACE              i.a.k.w.r.m.K.selectPrintList  165 : <==        Row: 117, 5, 무지, admin, admin, 2020-06-21 14:15:00.0, 2020-06-21 14:15:00.0
2020-06-30 18:42:12.367 1143 [8080-exec-25] - TRACE           i.a.k.w.r.m.K.selectCategoryList  165 : <==        Row: 40, 2, 코트, admin, admin, 2020-06-21 14:15:00.0, 2020-06-21 14:15:00.0
2020-06-30 18:42:12.367 1143 [8080-exec-26] - TRACE             i.a.k.w.r.m.K.selectDetailList  165 : <==        Row: 79, 4, 패치워크, admin, admin, 2020-06-21 14:15:00.0, 2020-06-21 14:15:00.0
2020-06-30 18:42:12.367 1143 [8080-exec-27] - TRACE              i.a.k.w.r.m.K.selectPrintList  165 : <==        Row: 118, 5, 그래픽, admin, admin, 2020-06-21 14:15:00.0, 2020-06-21 14:15:00.0
2020-06-30 18:42:12.367 1143 [8080-exec-25] - TRACE           i.a.k.w.r.m.K.selectCategoryList  165 : <==        Row: 41, 2, 재킷, admin, admin, 2020-06-21 14:15:00.0, 2020-06-21 14:15:00.0
2020-06-30 18:42:12.368 1143 [8080-exec-26] - TRACE             i.a.k.w.r.m.K.selectDetailList  165 : <==        Row: 80, 4, 페플럼, admin, admin, 2020-06-21 14:15:00.0, 2020-06-21 14:15:00.0
2020-06-30 18:42:12.368 1143 [8080-exec-27] - TRACE              i.a.k.w.r.m.K.selectPrintList  165 : <==        Row: 119, 5, 하운즈투스, admin, admin, 2020-06-21 14:15:00.0, 2020-06-21 14:15:00.0
2020-06-30 18:42:12.368 1143 [8080-exec-26] - TRACE             i.a.k.w.r.m.K.selectDetailList  165 : <==        Row: 81, 4, 플리츠, admin, admin, 2020-06-21 14:15:00.0, 2020-06-21 14:15:00.0
2020-06-30 18:42:12.368 1143 [8080-exec-25] - DEBUG           i.a.k.w.r.m.K.selectCategoryList  159 : <==      Total: 16
2020-06-30 18:42:12.368 1143 [8080-exec-27] - TRACE              i.a.k.w.r.m.K.selectPrintList  165 : <==        Row: 120, 5, 깅엄, admin, admin, 2020-06-21 14:15:00.0, 2020-06-21 14:15:00.0
2020-06-30 18:42:12.368 1143 [8080-exec-26] - TRACE             i.a.k.w.r.m.K.selectDetailList  165 : <==        Row: 82, 4, 포켓, admin, admin, 2020-06-21 14:15:00.0, 2020-06-21 14:15:00.0
2020-06-30 18:42:12.368 1143 [8080-exec-27] - DEBUG              i.a.k.w.r.m.K.selectPrintList  159 : <==      Total: 18
2020-06-30 18:42:12.369 1143 [8080-exec-26] - TRACE             i.a.k.w.r.m.K.selectDetailList  165 : <==        Row: 83, 4, 폼폼, admin, admin, 2020-06-21 14:15:00.0, 2020-06-21 14:15:00.0
2020-06-30 18:42:12.369 1143 [8080-exec-26] - TRACE             i.a.k.w.r.m.K.selectDetailList  165 : <==        Row: 84, 4, 퍼프, admin, admin, 2020-06-21 14:15:00.0, 2020-06-21 14:15:00.0
2020-06-30 18:42:12.370 1143 [8080-exec-26] - TRACE             i.a.k.w.r.m.K.selectDetailList  165 : <==        Row: 85, 4, 퀼, admin, admin, 2020-06-21 14:15:00.0, 2020-06-21 14:15:00.0
2020-06-30 18:42:12.370 1143 [8080-exec-26] - TRACE             i.a.k.w.r.m.K.selectDetailList  165 : <==        Row: 86, 4, 리본, admin, admin, 2020-06-21 14:15:00.0, 2020-06-21 14:15:00.0
2020-06-30 18:42:12.371 1143 [8080-exec-26] - TRACE             i.a.k.w.r.m.K.selectDetailList  165 : <==        Row: 87, 4, 롤업, admin, admin, 2020-06-21 14:15:00.0, 2020-06-21 14:15:00.0
2020-06-30 18:42:12.371 1143 [8080-exec-26] - TRACE             i.a.k.w.r.m.K.selectDetailList  165 : <==        Row: 88, 4, 러플, admin, admin, 2020-06-21 14:15:00.0, 2020-06-21 14:15:00.0
2020-06-30 18:42:12.371 1143 [8080-exec-26] - TRACE             i.a.k.w.r.m.K.selectDetailList  165 : <==        Row: 89, 4, 셔링, admin, admin, 2020-06-21 14:15:00.0, 2020-06-21 14:15:00.0
2020-06-30 18:42:12.372 1143 [8080-exec-26] - TRACE             i.a.k.w.r.m.K.selectDetailList  165 : <==        Row: 90, 4, 슬릿, admin, admin, 2020-06-21 14:15:00.0, 2020-06-21 14:15:00.0
2020-06-30 18:42:12.372 1143 [8080-exec-26] - TRACE             i.a.k.w.r.m.K.selectDetailList  165 : <==        Row: 91, 4, 스팽글, admin, admin, 2020-06-21 14:15:00.0, 2020-06-21 14:15:00.0
2020-06-30 18:42:12.372 1143 [8080-exec-26] - TRACE             i.a.k.w.r.m.K.selectDetailList  165 : <==        Row: 92, 4, 스티치, admin, admin, 2020-06-21 14:15:00.0, 2020-06-21 14:15:00.0
2020-06-30 18:42:12.373 1143 [8080-exec-26] - TRACE             i.a.k.w.r.m.K.selectDetailList  165 : <==        Row: 93, 4, 스터드, admin, admin, 2020-06-21 14:15:00.0, 2020-06-21 14:15:00.0
2020-06-30 18:42:12.373 1143 [8080-exec-26] - TRACE             i.a.k.w.r.m.K.selectDetailList  165 : <==        Row: 94, 4, 태슬, admin, admin, 2020-06-21 14:15:00.0, 2020-06-21 14:15:00.0
2020-06-30 18:42:12.373 1143 [8080-exec-26] - TRACE             i.a.k.w.r.m.K.selectDetailList  165 : <==        Row: 95, 4, 집업, admin, admin, 2020-06-21 14:15:00.0, 2020-06-21 14:15:00.0
2020-06-30 18:42:12.374 1143 [8080-exec-26] - TRACE             i.a.k.w.r.m.K.selectDetailList  165 : <==        Row: 96, 4, 띠, admin, admin, 2020-06-21 14:15:00.0, 2020-06-21 14:15:00.0
2020-06-30 18:42:12.374 1143 [8080-exec-26] - TRACE             i.a.k.w.r.m.K.selectDetailList  165 : <==        Row: 97, 4, 디스트로이드, admin, admin, 2020-06-21 14:15:00.0, 2020-06-21 14:15:00.0
2020-06-30 18:42:12.375 1143 [8080-exec-26] - TRACE             i.a.k.w.r.m.K.selectDetailList  165 : <==        Row: 98, 4, 드롭웨이스트, admin, admin, 2020-06-21 14:15:00.0, 2020-06-21 14:15:00.0
2020-06-30 18:42:12.375 1143 [8080-exec-26] - TRACE             i.a.k.w.r.m.K.selectDetailList  165 : <==        Row: 99, 4, 버클, admin, admin, 2020-06-21 14:15:00.0, 2020-06-21 14:15:00.0
2020-06-30 18:42:12.376 1143 [8080-exec-26] - TRACE             i.a.k.w.r.m.K.selectDetailList  165 : <==        Row: 100, 4, 컷아웃, admin, admin, 2020-06-21 14:15:00.0, 2020-06-21 14:15:00.0
2020-06-30 18:42:12.376 1143 [8080-exec-26] - TRACE             i.a.k.w.r.m.K.selectDetailList  165 : <==        Row: 101, 4, x스트랩, admin, admin, 2020-06-21 14:15:00.0, 2020-06-21 14:15:00.0
2020-06-30 18:42:12.376 1143 [8080-exec-26] - TRACE             i.a.k.w.r.m.K.selectDetailList  165 : <==        Row: 102, 4, 비대칭, admin, admin, 2020-06-21 14:15:00.0, 2020-06-21 14:15:00.0
2020-06-30 18:42:12.377 1143 [8080-exec-26] - TRACE             i.a.k.w.r.m.K.selectDetailList  165 : <==        Row: 121, 4, 비즈, admin, admin, 2020-06-21 14:15:00.0, 2020-06-21 14:15:00.0
2020-06-30 18:42:12.377 1143 [8080-exec-26] - TRACE             i.a.k.w.r.m.K.selectDetailList  165 : <==        Row: 123, 4, 니트꽈배기, admin, admin, 2020-06-21 14:15:00.0, 2020-06-21 14:15:00.0
2020-06-30 18:42:12.378 1143 [8080-exec-26] - TRACE             i.a.k.w.r.m.K.selectDetailList  165 : <==        Row: 124, 4, 체인, admin, admin, 2020-06-21 14:15:00.0, 2020-06-21 14:15:00.0
2020-06-30 18:42:12.378 1143 [8080-exec-26] - TRACE             i.a.k.w.r.m.K.selectDetailList  165 : <==        Row: 125, 4, 컷오프, admin, admin, 2020-06-21 14:15:00.0, 2020-06-21 14:15:00.0
2020-06-30 18:42:12.378 1143 [8080-exec-26] - TRACE             i.a.k.w.r.m.K.selectDetailList  165 : <==        Row: 126, 4, 더블브레스티드, admin, admin, 2020-06-21 14:15:00.0, 2020-06-21 14:15:00.0
2020-06-30 18:42:12.379 1143 [8080-exec-26] - TRACE             i.a.k.w.r.m.K.selectDetailList  165 : <==        Row: 127, 4, 드롭숄더, admin, admin, 2020-06-21 14:15:00.0, 2020-06-21 14:15:00.0
2020-06-30 18:42:12.379 1143 [8080-exec-26] - TRACE             i.a.k.w.r.m.K.selectDetailList  165 : <==        Row: 128, 4, 자수, admin, admin, 2020-06-21 14:15:00.0, 2020-06-21 14:15:00.0
2020-06-30 18:42:12.379 1143 [8080-exec-26] - TRACE             i.a.k.w.r.m.K.selectDetailList  165 : <==        Row: 129, 4, 프릴, admin, admin, 2020-06-21 14:15:00.0, 2020-06-21 14:15:00.0
2020-06-30 18:42:12.380 1143 [8080-exec-26] - TRACE             i.a.k.w.r.m.K.selectDetailList  165 : <==        Row: 130, 4, 프린지, admin, admin, 2020-06-21 14:15:00.0, 2020-06-21 14:15:00.0
2020-06-30 18:42:12.380 1143 [8080-exec-26] - TRACE             i.a.k.w.r.m.K.selectDetailList  165 : <==        Row: 131, 4, 플레어, admin, admin, 2020-06-21 14:15:00.0, 2020-06-21 14:15:00.0
2020-06-30 18:42:12.380 1143 [8080-exec-26] - TRACE             i.a.k.w.r.m.K.selectDetailList  165 : <==        Row: 132, 4, 퍼트리밍, admin, admin, 2020-06-21 14:15:00.0, 2020-06-21 14:15:00.0
2020-06-30 18:42:12.381 1143 [8080-exec-26] - TRACE             i.a.k.w.r.m.K.selectDetailList  165 : <==        Row: 133, 4, 글리터, admin, admin, 2020-06-21 14:15:00.0, 2020-06-21 14:15:00.0
2020-06-30 18:42:12.381 1143 [8080-exec-26] - TRACE             i.a.k.w.r.m.K.selectDetailList  165 : <==        Row: 134, 4, 후드, admin, admin, 2020-06-21 14:15:00.0, 2020-06-21 14:15:00.0
2020-06-30 18:42:12.381 1143 [8080-exec-26] - TRACE             i.a.k.w.r.m.K.selectDetailList  165 : <==        Row: 135, 4, 레이스업, admin, admin, 2020-06-21 14:15:00.0, 2020-06-21 14:15:00.0
2020-06-30 18:42:12.382 1143 [8080-exec-26] - TRACE             i.a.k.w.r.m.K.selectDetailList  165 : <==        Row: 136, 4, 패딩, admin, admin, 2020-06-21 14:15:00.0, 2020-06-21 14:15:00.0
2020-06-30 18:42:12.382 1143 [8080-exec-26] - TRACE             i.a.k.w.r.m.K.selectDetailList  165 : <==        Row: 137, 4, 패치워크, admin, admin, 2020-06-21 14:15:00.0, 2020-06-21 14:15:00.0
2020-06-30 18:42:12.383 1143 [8080-exec-26] - TRACE             i.a.k.w.r.m.K.selectDetailList  165 : <==        Row: 138, 4, 페플럼, admin, admin, 2020-06-21 14:15:00.0, 2020-06-21 14:15:00.0
2020-06-30 18:42:12.383 1143 [8080-exec-26] - TRACE             i.a.k.w.r.m.K.selectDetailList  165 : <==        Row: 139, 4, 플리츠, admin, admin, 2020-06-21 14:15:00.0, 2020-06-21 14:15:00.0
2020-06-30 18:42:12.383 1143 [8080-exec-26] - TRACE             i.a.k.w.r.m.K.selectDetailList  165 : <==        Row: 140, 4, 포켓, admin, admin, 2020-06-21 14:15:00.0, 2020-06-21 14:15:00.0
2020-06-30 18:42:12.383 1143 [8080-exec-26] - TRACE             i.a.k.w.r.m.K.selectDetailList  165 : <==        Row: 141, 4, 폼폼, admin, admin, 2020-06-21 14:15:00.0, 2020-06-21 14:15:00.0
2020-06-30 18:42:12.384 1143 [8080-exec-26] - TRACE             i.a.k.w.r.m.K.selectDetailList  165 : <==        Row: 142, 4, 퍼프, admin, admin, 2020-06-21 14:15:00.0, 2020-06-21 14:15:00.0
2020-06-30 18:42:12.384 1143 [8080-exec-26] - TRACE             i.a.k.w.r.m.K.selectDetailList  165 : <==        Row: 143, 4, 퀼, admin, admin, 2020-06-21 14:15:00.0, 2020-06-21 14:15:00.0
2020-06-30 18:42:12.384 1143 [8080-exec-26] - TRACE             i.a.k.w.r.m.K.selectDetailList  165 : <==        Row: 144, 4, 리본, admin, admin, 2020-06-21 14:15:00.0, 2020-06-21 14:15:00.0
2020-06-30 18:42:12.385 1143 [8080-exec-26] - TRACE             i.a.k.w.r.m.K.selectDetailList  165 : <==        Row: 145, 4, 롤업, admin, admin, 2020-06-21 14:15:00.0, 2020-06-21 14:15:00.0
2020-06-30 18:42:12.385 1143 [8080-exec-26] - TRACE             i.a.k.w.r.m.K.selectDetailList  165 : <==        Row: 146, 4, 러플, admin, admin, 2020-06-21 14:15:00.0, 2020-06-21 14:15:00.0
2020-06-30 18:42:12.385 1143 [8080-exec-26] - TRACE             i.a.k.w.r.m.K.selectDetailList  165 : <==        Row: 147, 4, 셔링, admin, admin, 2020-06-21 14:15:00.0, 2020-06-21 14:15:00.0
2020-06-30 18:42:12.385 1143 [8080-exec-26] - TRACE             i.a.k.w.r.m.K.selectDetailList  165 : <==        Row: 148, 4, 슬릿, admin, admin, 2020-06-21 14:15:00.0, 2020-06-21 14:15:00.0
2020-06-30 18:42:12.386 1143 [8080-exec-26] - TRACE             i.a.k.w.r.m.K.selectDetailList  165 : <==        Row: 149, 4, 스팽글, admin, admin, 2020-06-21 14:15:00.0, 2020-06-21 14:15:00.0
2020-06-30 18:42:12.386 1143 [8080-exec-26] - TRACE             i.a.k.w.r.m.K.selectDetailList  165 : <==        Row: 150, 4, 스티치, admin, admin, 2020-06-21 14:15:00.0, 2020-06-21 14:15:00.0
2020-06-30 18:42:12.386 1143 [8080-exec-26] - TRACE             i.a.k.w.r.m.K.selectDetailList  165 : <==        Row: 151, 4, 스터드, admin, admin, 2020-06-21 14:15:00.0, 2020-06-21 14:15:00.0
2020-06-30 18:42:12.387 1143 [8080-exec-26] - TRACE             i.a.k.w.r.m.K.selectDetailList  165 : <==        Row: 152, 4, 태슬, admin, admin, 2020-06-21 14:15:00.0, 2020-06-21 14:15:00.0
2020-06-30 18:42:12.387 1143 [8080-exec-26] - TRACE             i.a.k.w.r.m.K.selectDetailList  165 : <==        Row: 153, 4, 집업, admin, admin, 2020-06-21 14:15:00.0, 2020-06-21 14:15:00.0
2020-06-30 18:42:12.387 1143 [8080-exec-26] - TRACE             i.a.k.w.r.m.K.selectDetailList  165 : <==        Row: 154, 4, 띠, admin, admin, 2020-06-21 14:15:00.0, 2020-06-21 14:15:00.0
2020-06-30 18:42:12.387 1143 [8080-exec-26] - TRACE             i.a.k.w.r.m.K.selectDetailList  165 : <==        Row: 155, 4, 디스트로이드, admin, admin, 2020-06-21 14:15:00.0, 2020-06-21 14:15:00.0
2020-06-30 18:42:12.388 1143 [8080-exec-26] - TRACE             i.a.k.w.r.m.K.selectDetailList  165 : <==        Row: 156, 4, 드롭웨이스트, admin, admin, 2020-06-21 14:15:00.0, 2020-06-21 14:15:00.0
2020-06-30 18:42:12.388 1143 [8080-exec-26] - TRACE             i.a.k.w.r.m.K.selectDetailList  165 : <==        Row: 157, 4, 버클, admin, admin, 2020-06-21 14:15:00.0, 2020-06-21 14:15:00.0
2020-06-30 18:42:12.388 1143 [8080-exec-26] - TRACE             i.a.k.w.r.m.K.selectDetailList  165 : <==        Row: 158, 4, 컷아웃, admin, admin, 2020-06-21 14:15:00.0, 2020-06-21 14:15:00.0
2020-06-30 18:42:12.389 1143 [8080-exec-26] - TRACE             i.a.k.w.r.m.K.selectDetailList  165 : <==        Row: 159, 4, x스트랩, admin, admin, 2020-06-21 14:15:00.0, 2020-06-21 14:15:00.0
2020-06-30 18:42:12.389 1143 [8080-exec-26] - TRACE             i.a.k.w.r.m.K.selectDetailList  165 : <==        Row: 160, 4, 비대칭, admin, admin, 2020-06-21 14:15:00.0, 2020-06-21 14:15:00.0
2020-06-30 18:42:12.389 1143 [8080-exec-26] - DEBUG             i.a.k.w.r.m.K.selectDetailList  159 : <==      Total: 79
2020-06-30 18:42:12.677 1143 [8080-exec-30] - DEBUG           i.a.k.w.r.m.K.selectNeckLineList  159 : ==>  Preparing: select * from kfashion_category_item where category_no=9; 
2020-06-30 18:42:12.677 1143 [8080-exec-30] - DEBUG           i.a.k.w.r.m.K.selectNeckLineList  159 : ==> Parameters: 
2020-06-30 18:42:12.692 1143 [8080-exec-30] - TRACE           i.a.k.w.r.m.K.selectNeckLineList  165 : <==    Columns: no, category_no, category_item_name, created_id, updated_id, created_datetime, updated_datetime
2020-06-30 18:42:12.693 1143 [8080-exec-30] - TRACE           i.a.k.w.r.m.K.selectNeckLineList  165 : <==        Row: 200, 9, 라운드넥, admin, admin, 2020-06-21 14:15:00.0, 2020-06-21 14:15:00.0
2020-06-30 18:42:12.694 1143 [8080-exec-30] - TRACE           i.a.k.w.r.m.K.selectNeckLineList  165 : <==        Row: 201, 9, 유넥, admin, admin, 2020-06-21 14:15:00.0, 2020-06-21 14:15:00.0
2020-06-30 18:42:12.695 1143 [8080-exec-30] - TRACE           i.a.k.w.r.m.K.selectNeckLineList  165 : <==        Row: 202, 9, 브이넥, admin, admin, 2020-06-21 14:15:00.0, 2020-06-21 14:15:00.0
2020-06-30 18:42:12.695 1143 [8080-exec-30] - TRACE           i.a.k.w.r.m.K.selectNeckLineList  165 : <==        Row: 203, 9, 홀터넥, admin, admin, 2020-06-21 14:15:00.0, 2020-06-21 14:15:00.0
2020-06-30 18:42:12.695 1143 [8080-exec-30] - TRACE           i.a.k.w.r.m.K.selectNeckLineList  165 : <==        Row: 204, 9, 오프숄더, admin, admin, 2020-06-21 14:15:00.0, 2020-06-21 14:15:00.0
2020-06-30 18:42:12.696 1143 [8080-exec-30] - TRACE           i.a.k.w.r.m.K.selectNeckLineList  165 : <==        Row: 205, 9, 원숄더, admin, admin, 2020-06-21 14:15:00.0, 2020-06-21 14:15:00.0
2020-06-30 18:42:12.697 1143 [8080-exec-30] - TRACE           i.a.k.w.r.m.K.selectNeckLineList  165 : <==        Row: 206, 9, 스퀘어넥, admin, admin, 2020-06-21 14:15:00.0, 2020-06-21 14:15:00.0
2020-06-30 18:42:12.697 1143 [8080-exec-30] - TRACE           i.a.k.w.r.m.K.selectNeckLineList  165 : <==        Row: 207, 9, 노카라, admin, admin, 2020-06-21 14:15:00.0, 2020-06-21 14:15:00.0
2020-06-30 18:42:12.697 1143 [8080-exec-30] - TRACE           i.a.k.w.r.m.K.selectNeckLineList  165 : <==        Row: 208, 9, 후드, admin, admin, 2020-06-21 14:15:00.0, 2020-06-21 14:15:00.0
2020-06-30 18:42:12.698 1143 [8080-exec-30] - TRACE           i.a.k.w.r.m.K.selectNeckLineList  165 : <==        Row: 209, 9, 터틀넥, admin, admin, 2020-06-21 14:15:00.0, 2020-06-21 14:15:00.0
2020-06-30 18:42:12.698 1143 [8080-exec-30] - TRACE           i.a.k.w.r.m.K.selectNeckLineList  165 : <==        Row: 210, 9, 보트넥, admin, admin, 2020-06-21 14:15:00.0, 2020-06-21 14:15:00.0
2020-06-30 18:42:12.698 1143 [8080-exec-30] - TRACE           i.a.k.w.r.m.K.selectNeckLineList  165 : <==        Row: 211, 9, 스위트하트, admin, admin, 2020-06-21 14:15:00.0, 2020-06-21 14:15:00.0
2020-06-30 18:42:12.699 1143 [8080-exec-30] - DEBUG           i.a.k.w.r.m.K.selectNeckLineList  159 : <==      Total: 12
2020-06-30 18:42:12.721 1143 [8080-exec-31] - DEBUG               i.a.k.w.r.m.K.selectKaraList  159 : ==>  Preparing: select * from kfashion_category_item where category_no=10; 
2020-06-30 18:42:12.722 1143 [8080-exec-31] - DEBUG               i.a.k.w.r.m.K.selectKaraList  159 : ==> Parameters: 
2020-06-30 18:42:12.727 1143 [8080-exec-32] - DEBUG                i.a.k.w.r.m.K.selectFitList  159 : ==>  Preparing: select * from kfashion_category_item where category_no=11; 
2020-06-30 18:42:12.728 1143 [8080-exec-32] - DEBUG                i.a.k.w.r.m.K.selectFitList  159 : ==> Parameters: 
2020-06-30 18:42:12.733 1143 [8080-exec-31] - TRACE               i.a.k.w.r.m.K.selectKaraList  165 : <==    Columns: no, category_no, category_item_name, created_id, updated_id, created_datetime, updated_datetime
2020-06-30 18:42:12.734 1143 [8080-exec-31] - TRACE               i.a.k.w.r.m.K.selectKaraList  165 : <==        Row: 212, 10, 셔츠칼라, admin, admin, 2020-06-21 14:15:00.0, 2020-06-21 14:15:00.0
2020-06-30 18:42:12.734 1143 [8080-exec-34] - DEBUG         i.a.k.w.r.m.K.selectSilhouetteList  159 : ==>  Preparing: select * from kfashion_category_item where category_no=13; 
2020-06-30 18:42:12.734 1143 [8080-exec-33] - DEBUG               i.a.k.w.r.m.K.selectSafeList  159 : ==>  Preparing: select * from kfashion_category_item where category_no=12; 
2020-06-30 18:42:12.734 1143 [8080-exec-34] - DEBUG         i.a.k.w.r.m.K.selectSilhouetteList  159 : ==> Parameters: 
2020-06-30 18:42:12.734 1143 [8080-exec-31] - TRACE               i.a.k.w.r.m.K.selectKaraList  165 : <==        Row: 213, 10, 보우칼라, admin, admin, 2020-06-21 14:15:00.0, 2020-06-21 14:15:00.0
2020-06-30 18:42:12.734 1143 [8080-exec-33] - DEBUG               i.a.k.w.r.m.K.selectSafeList  159 : ==> Parameters: 
2020-06-30 18:42:12.734 1143 [8080-exec-31] - TRACE               i.a.k.w.r.m.K.selectKaraList  165 : <==        Row: 214, 10, 세일러칼라, admin, admin, 2020-06-21 14:15:00.0, 2020-06-21 14:15:00.0
2020-06-30 18:42:12.735 1143 [8080-exec-31] - TRACE               i.a.k.w.r.m.K.selectKaraList  165 : <==        Row: 215, 10, 숄칼라, admin, admin, 2020-06-21 14:15:00.0, 2020-06-21 14:15:00.0
2020-06-30 18:42:12.735 1143 [8080-exec-31] - TRACE               i.a.k.w.r.m.K.selectKaraList  165 : <==        Row: 216, 10, 폴로칼라, admin, admin, 2020-06-21 14:15:00.0, 2020-06-21 14:15:00.0
2020-06-30 18:42:12.735 1143 [8080-exec-31] - TRACE               i.a.k.w.r.m.K.selectKaraList  165 : <==        Row: 217, 10, 피터팬칼라, admin, admin, 2020-06-21 14:15:00.0, 2020-06-21 14:15:00.0
2020-06-30 18:42:12.735 1143 [8080-exec-31] - TRACE               i.a.k.w.r.m.K.selectKaraList  165 : <==        Row: 218, 10, 너치드칼라, admin, admin, 2020-06-21 14:15:00.0, 2020-06-21 14:15:00.0
2020-06-30 18:42:12.736 1143 [8080-exec-31] - TRACE               i.a.k.w.r.m.K.selectKaraList  165 : <==        Row: 219, 10, 차이나칼라, admin, admin, 2020-06-21 14:15:00.0, 2020-06-21 14:15:00.0
2020-06-30 18:42:12.736 1143 [8080-exec-31] - TRACE               i.a.k.w.r.m.K.selectKaraList  165 : <==        Row: 220, 10, 테일러드칼라, admin, admin, 2020-06-21 14:15:00.0, 2020-06-21 14:15:00.0
2020-06-30 18:42:12.736 1143 [8080-exec-31] - TRACE               i.a.k.w.r.m.K.selectKaraList  165 : <==        Row: 221, 10, 밴드칼라, admin, admin, 2020-06-21 14:15:00.0, 2020-06-21 14:15:00.0
2020-06-30 18:42:12.736 1143 [8080-exec-31] - TRACE               i.a.k.w.r.m.K.selectKaraList  165 : <==        Row: 222, 10, 밴드칼라, admin, admin, 2020-06-21 14:15:00.0, 2020-06-21 14:15:00.0
2020-06-30 18:42:12.737 1143 [8080-exec-31] - DEBUG               i.a.k.w.r.m.K.selectKaraList  159 : <==      Total: 11
2020-06-30 18:42:12.745 1143 [8080-exec-32] - TRACE                i.a.k.w.r.m.K.selectFitList  165 : <==    Columns: no, category_no, category_item_name, created_id, updated_id, created_datetime, updated_datetime
2020-06-30 18:42:12.745 1143 [8080-exec-32] - TRACE                i.a.k.w.r.m.K.selectFitList  165 : <==        Row: 223, 11, 노멀, admin, admin, 2020-06-21 14:15:00.0, 2020-06-21 14:15:00.0
2020-06-30 18:42:12.745 1143 [8080-exec-32] - TRACE                i.a.k.w.r.m.K.selectFitList  165 : <==        Row: 224, 11, 루즈, admin, admin, 2020-06-21 14:15:00.0, 2020-06-21 14:15:00.0
2020-06-30 18:42:12.746 1143 [8080-exec-32] - TRACE                i.a.k.w.r.m.K.selectFitList  165 : <==        Row: 225, 11, 오버사이즈, admin, admin, 2020-06-21 14:15:00.0, 2020-06-21 14:15:00.0
2020-06-30 18:42:12.746 1143 [8080-exec-32] - TRACE                i.a.k.w.r.m.K.selectFitList  165 : <==        Row: 226, 11, 스키니, admin, admin, 2020-06-21 14:15:00.0, 2020-06-21 14:15:00.0
2020-06-30 18:42:12.746 1143 [8080-exec-32] - TRACE                i.a.k.w.r.m.K.selectFitList  165 : <==        Row: 227, 11, 와이드, admin, admin, 2020-06-21 14:15:00.0, 2020-06-21 14:15:00.0
2020-06-30 18:42:12.747 1143 [8080-exec-32] - TRACE                i.a.k.w.r.m.K.selectFitList  165 : <==        Row: 228, 11, 타이트, admin, admin, 2020-06-21 14:15:00.0, 2020-06-21 14:15:00.0
2020-06-30 18:42:12.747 1143 [8080-exec-32] - DEBUG                i.a.k.w.r.m.K.selectFitList  159 : <==      Total: 6
2020-06-30 18:42:12.753 1143 [8080-exec-34] - TRACE         i.a.k.w.r.m.K.selectSilhouetteList  165 : <==    Columns: no, category_no, category_item_name, created_id, updated_id, created_datetime, updated_datetime
2020-06-30 18:42:12.753 1143 [8080-exec-34] - TRACE         i.a.k.w.r.m.K.selectSilhouetteList  165 : <==        Row: 240, 13, 아우러글래스, admin, admin, 2020-06-21 14:15:00.0, 2020-06-21 14:15:00.0
2020-06-30 18:42:12.754 1143 [8080-exec-33] - TRACE               i.a.k.w.r.m.K.selectSafeList  165 : <==    Columns: no, category_no, category_item_name, created_id, updated_id, created_datetime, updated_datetime
2020-06-30 18:42:12.754 1143 [8080-exec-34] - TRACE         i.a.k.w.r.m.K.selectSilhouetteList  165 : <==        Row: 241, 13, 스트레이트, admin, admin, 2020-06-21 14:15:00.0, 2020-06-21 14:15:00.0
2020-06-30 18:42:12.754 1143 [8080-exec-33] - TRACE               i.a.k.w.r.m.K.selectSafeList  165 : <==        Row: 229, 12, 페플럼, admin, admin, 2020-06-21 14:15:00.0, 2020-06-21 14:15:00.0
2020-06-30 18:42:12.754 1143 [8080-exec-34] - TRACE         i.a.k.w.r.m.K.selectSilhouetteList  165 : <==        Row: 242, 13, 벌크, admin, admin, 2020-06-21 14:15:00.0, 2020-06-21 14:15:00.0
2020-06-30 18:42:12.755 1143 [8080-exec-34] - TRACE         i.a.k.w.r.m.K.selectSilhouetteList  165 : <==        Row: 243, 13, A, admin, admin, 2020-06-21 14:15:00.0, 2020-06-21 14:15:00.0
2020-06-30 18:42:12.755 1143 [8080-exec-33] - TRACE               i.a.k.w.r.m.K.selectSafeList  165 : <==        Row: 230, 12, 비대칭, admin, admin, 2020-06-21 14:15:00.0, 2020-06-21 14:15:00.0
2020-06-30 18:42:12.755 1143 [8080-exec-34] - TRACE         i.a.k.w.r.m.K.selectSilhouetteList  165 : <==        Row: 244, 13, T/Y, admin, admin, 2020-06-21 14:15:00.0, 2020-06-21 14:15:00.0
2020-06-30 18:42:12.755 1143 [8080-exec-33] - TRACE               i.a.k.w.r.m.K.selectSafeList  165 : <==        Row: 231, 12, 알수없음, admin, admin, 2020-06-21 14:15:00.0, 2020-06-21 14:15:00.0
2020-06-30 18:42:12.756 1143 [8080-exec-34] - DEBUG         i.a.k.w.r.m.K.selectSilhouetteList  159 : <==      Total: 5
2020-06-30 18:42:12.756 1143 [8080-exec-33] - TRACE               i.a.k.w.r.m.K.selectSafeList  165 : <==        Row: 232, 12, 펜슬, admin, admin, 2020-06-21 14:15:00.0, 2020-06-21 14:15:00.0
2020-06-30 18:42:12.756 1143 [8080-exec-33] - TRACE               i.a.k.w.r.m.K.selectSafeList  165 : <==        Row: 233, 12, A라인, admin, admin, 2020-06-21 14:15:00.0, 2020-06-21 14:15:00.0
2020-06-30 18:42:12.757 1143 [8080-exec-33] - TRACE               i.a.k.w.r.m.K.selectSafeList  165 : <==        Row: 234, 12, H라인, admin, admin, 2020-06-21 14:15:00.0, 2020-06-21 14:15:00.0
2020-06-30 18:42:12.757 1143 [8080-exec-33] - TRACE               i.a.k.w.r.m.K.selectSafeList  165 : <==        Row: 235, 12, 머메이드, admin, admin, 2020-06-21 14:15:00.0, 2020-06-21 14:15:00.0
2020-06-30 18:42:12.758 1143 [8080-exec-33] - TRACE               i.a.k.w.r.m.K.selectSafeList  165 : <==        Row: 236, 12, 벨보텀/플레어, admin, admin, 2020-06-21 14:15:00.0, 2020-06-21 14:15:00.0
2020-06-30 18:42:12.758 1143 [8080-exec-33] - TRACE               i.a.k.w.r.m.K.selectSafeList  165 : <==        Row: 237, 12, 부츠컷, admin, admin, 2020-06-21 14:15:00.0, 2020-06-21 14:15:00.0
2020-06-30 18:42:12.758 1143 [8080-exec-33] - TRACE               i.a.k.w.r.m.K.selectSafeList  165 : <==        Row: 238, 12, 테이퍼드, admin, admin, 2020-06-21 14:15:00.0, 2020-06-21 14:15:00.0
2020-06-30 18:42:12.759 1143 [8080-exec-33] - TRACE               i.a.k.w.r.m.K.selectSafeList  165 : <==        Row: 239, 12, 스트레이트, admin, admin, 2020-06-21 14:15:00.0, 2020-06-21 14:15:00.0
2020-06-30 18:42:12.759 1143 [8080-exec-33] - DEBUG               i.a.k.w.r.m.K.selectSafeList  159 : <==      Total: 11
2020-06-30 18:42:13.004 1143 [8080-exec-35] - DEBUG              i.a.k.w.r.m.K.selectColorList  159 : ==>  Preparing: select * from kfashion_category_item kci where category_no=3; 
2020-06-30 18:42:13.004 1143 [8080-exec-35] - DEBUG              i.a.k.w.r.m.K.selectColorList  159 : ==> Parameters: 
2020-06-30 18:42:13.025 1143 [8080-exec-35] - TRACE              i.a.k.w.r.m.K.selectColorList  165 : <==    Columns: no, category_no, category_item_name, created_id, updated_id, created_datetime, updated_datetime
2020-06-30 18:42:13.026 1143 [8080-exec-35] - TRACE              i.a.k.w.r.m.K.selectColorList  165 : <==        Row: 42, 3, 블랙, admin, admin, 2020-06-21 14:15:00.0, 2020-06-21 14:15:00.0
2020-06-30 18:42:13.027 1143 [8080-exec-35] - TRACE              i.a.k.w.r.m.K.selectColorList  165 : <==        Row: 43, 3, 화이트, admin, admin, 2020-06-21 14:15:00.0, 2020-06-21 14:15:00.0
2020-06-30 18:42:13.027 1143 [8080-exec-35] - TRACE              i.a.k.w.r.m.K.selectColorList  165 : <==        Row: 44, 3, 그레이, admin, admin, 2020-06-21 14:15:00.0, 2020-06-21 14:15:00.0
2020-06-30 18:42:13.028 1143 [8080-exec-35] - TRACE              i.a.k.w.r.m.K.selectColorList  165 : <==        Row: 45, 3, 레드, admin, admin, 2020-06-21 14:15:00.0, 2020-06-21 14:15:00.0
2020-06-30 18:42:13.028 1143 [8080-exec-35] - TRACE              i.a.k.w.r.m.K.selectColorList  165 : <==        Row: 46, 3, 핑크, admin, admin, 2020-06-21 14:15:00.0, 2020-06-21 14:15:00.0
2020-06-30 18:42:13.028 1143 [8080-exec-35] - TRACE              i.a.k.w.r.m.K.selectColorList  165 : <==        Row: 47, 3, 오렌지, admin, admin, 2020-06-21 14:15:00.0, 2020-06-21 14:15:00.0
2020-06-30 18:42:13.029 1143 [8080-exec-35] - TRACE              i.a.k.w.r.m.K.selectColorList  165 : <==        Row: 48, 3, 베이지, admin, admin, 2020-06-21 14:15:00.0, 2020-06-21 14:15:00.0
2020-06-30 18:42:13.029 1143 [8080-exec-35] - TRACE              i.a.k.w.r.m.K.selectColorList  165 : <==        Row: 49, 3, 브라운, admin, admin, 2020-06-21 14:15:00.0, 2020-06-21 14:15:00.0
2020-06-30 18:42:13.029 1143 [8080-exec-35] - TRACE              i.a.k.w.r.m.K.selectColorList  165 : <==        Row: 50, 3, 옐로우, admin, admin, 2020-06-21 14:15:00.0, 2020-06-21 14:15:00.0
2020-06-30 18:42:13.030 1143 [8080-exec-35] - TRACE              i.a.k.w.r.m.K.selectColorList  165 : <==        Row: 51, 3, 그린, admin, admin, 2020-06-21 14:15:00.0, 2020-06-21 14:15:00.0
2020-06-30 18:42:13.030 1143 [8080-exec-35] - TRACE              i.a.k.w.r.m.K.selectColorList  165 : <==        Row: 52, 3, 카키, admin, admin, 2020-06-21 14:15:00.0, 2020-06-21 14:15:00.0
2020-06-30 18:42:13.030 1143 [8080-exec-35] - TRACE              i.a.k.w.r.m.K.selectColorList  165 : <==        Row: 53, 3, 민트, admin, admin, 2020-06-21 14:15:00.0, 2020-06-21 14:15:00.0
2020-06-30 18:42:13.031 1143 [8080-exec-35] - TRACE              i.a.k.w.r.m.K.selectColorList  165 : <==        Row: 54, 3, 블루, admin, admin, 2020-06-21 14:15:00.0, 2020-06-21 14:15:00.0
2020-06-30 18:42:13.031 1143 [8080-exec-35] - TRACE              i.a.k.w.r.m.K.selectColorList  165 : <==        Row: 55, 3, 네이비, admin, admin, 2020-06-21 14:15:00.0, 2020-06-21 14:15:00.0
2020-06-30 18:42:13.031 1143 [8080-exec-35] - TRACE              i.a.k.w.r.m.K.selectColorList  165 : <==        Row: 56, 3, 스카이블루, admin, admin, 2020-06-21 14:15:00.0, 2020-06-21 14:15:00.0
2020-06-30 18:42:13.032 1143 [8080-exec-35] - TRACE              i.a.k.w.r.m.K.selectColorList  165 : <==        Row: 57, 3, 퍼플, admin, admin, 2020-06-21 14:15:00.0, 2020-06-21 14:15:00.0
2020-06-30 18:42:13.032 1143 [8080-exec-35] - TRACE              i.a.k.w.r.m.K.selectColorList  165 : <==        Row: 58, 3, 라벤더, admin, admin, 2020-06-21 14:15:00.0, 2020-06-21 14:15:00.0
2020-06-30 18:42:13.032 1143 [8080-exec-35] - TRACE              i.a.k.w.r.m.K.selectColorList  165 : <==        Row: 59, 3, 와인, admin, admin, 2020-06-21 14:15:00.0, 2020-06-21 14:15:00.0
2020-06-30 18:42:13.033 1143 [8080-exec-35] - TRACE              i.a.k.w.r.m.K.selectColorList  165 : <==        Row: 60, 3, 네온, admin, admin, 2020-06-21 14:15:00.0, 2020-06-21 14:15:00.0
2020-06-30 18:42:13.033 1143 [8080-exec-35] - TRACE              i.a.k.w.r.m.K.selectColorList  165 : <==        Row: 61, 3, 골드, admin, admin, 2020-06-21 14:15:00.0, 2020-06-21 14:15:00.0
2020-06-30 18:42:13.033 1143 [8080-exec-35] - TRACE              i.a.k.w.r.m.K.selectColorList  165 : <==        Row: 62, 3, 실버, admin, admin, 2020-06-21 14:15:00.0, 2020-06-21 14:15:00.0
2020-06-30 18:42:13.034 1143 [8080-exec-35] - DEBUG              i.a.k.w.r.m.K.selectColorList  159 : <==      Total: 21
2020-06-30 18:42:13.100 1143 [8080-exec-36] - DEBUG       i.a.k.w.r.m.K.selectSleeveLengthList  159 : ==>  Preparing: select * from kfashion_category_item kci where category_no=8; 
2020-06-30 18:42:13.101 1143 [8080-exec-36] - DEBUG       i.a.k.w.r.m.K.selectSleeveLengthList  159 : ==> Parameters: 
2020-06-30 18:42:13.121 1143 [8080-exec-36] - TRACE       i.a.k.w.r.m.K.selectSleeveLengthList  165 : <==    Columns: no, category_no, category_item_name, created_id, updated_id, created_datetime, updated_datetime
2020-06-30 18:42:13.122 1143 [8080-exec-36] - TRACE       i.a.k.w.r.m.K.selectSleeveLengthList  165 : <==        Row: 195, 8, 민소매, admin, admin, 2020-06-21 14:15:00.0, 2020-06-21 14:15:00.0
2020-06-30 18:42:13.124 1143 [8080-exec-36] - TRACE       i.a.k.w.r.m.K.selectSleeveLengthList  165 : <==        Row: 196, 8, 반팔, admin, admin, 2020-06-21 14:15:00.0, 2020-06-21 14:15:00.0
2020-06-30 18:42:13.125 1143 [8080-exec-36] - TRACE       i.a.k.w.r.m.K.selectSleeveLengthList  165 : <==        Row: 197, 8, 캡, admin, admin, 2020-06-21 14:15:00.0, 2020-06-21 14:15:00.0
2020-06-30 18:42:13.125 1143 [8080-exec-36] - TRACE       i.a.k.w.r.m.K.selectSleeveLengthList  165 : <==        Row: 198, 8, 7부소매, admin, admin, 2020-06-21 14:15:00.0, 2020-06-21 14:15:00.0
2020-06-30 18:42:13.126 1143 [8080-exec-36] - TRACE       i.a.k.w.r.m.K.selectSleeveLengthList  165 : <==        Row: 199, 8, 긴팔, admin, admin, 2020-06-21 14:15:00.0, 2020-06-21 14:15:00.0
2020-06-30 18:42:13.126 1143 [8080-exec-36] - DEBUG       i.a.k.w.r.m.K.selectSleeveLengthList  159 : <==      Total: 5
2020-06-30 18:42:17.859 1143 [8080-exec-39] - WARN  o.springframework.web.servlet.PageNotFound 1251 : No mapping for GET /step/App.js
2020-06-30 18:42:17.859 1143 [8080-exec-37] - WARN  o.springframework.web.servlet.PageNotFound 1251 : No mapping for GET /step/ImageUpload.js
2020-06-30 18:42:17.859 1143 [8080-exec-38] - WARN  o.springframework.web.servlet.PageNotFound 1251 : No mapping for GET /step/src/index.js
2020-06-30 18:42:17.859 1143 [8080-exec-39] - INFO      i.a.k.w.c.s.ControllerExceptionHandler   79 : HTTP Response [404 NOT_FOUND] to 127.0.0.1 : ErrorResponse(timestamp=2020-06-30T18:42:17.859, code=Unknown, status=404, error=Not Found, message=No handler found for GET /step/App.js, path=/step/App.js)
2020-06-30 18:42:17.859 1143 [8080-exec-37] - INFO      i.a.k.w.c.s.ControllerExceptionHandler   79 : HTTP Response [404 NOT_FOUND] to 127.0.0.1 : ErrorResponse(timestamp=2020-06-30T18:42:17.859, code=Unknown, status=404, error=Not Found, message=No handler found for GET /step/ImageUpload.js, path=/step/ImageUpload.js)
2020-06-30 18:42:17.859 1143 [8080-exec-38] - INFO      i.a.k.w.c.s.ControllerExceptionHandler   79 : HTTP Response [404 NOT_FOUND] to 127.0.0.1 : ErrorResponse(timestamp=2020-06-30T18:42:17.859, code=Unknown, status=404, error=Not Found, message=No handler found for GET /step/src/index.js, path=/step/src/index.js)
2020-06-30 18:42:17.868 1143 [8080-exec-40] - WARN  o.springframework.web.servlet.PageNotFound 1251 : No mapping for GET /step/ImageUpload.js
2020-06-30 18:42:17.868 1143 [8080-exec-41] - WARN  o.springframework.web.servlet.PageNotFound 1251 : No mapping for GET /step/App.js
2020-06-30 18:42:17.869 1143 [8080-exec-41] - INFO      i.a.k.w.c.s.ControllerExceptionHandler   79 : HTTP Response [404 NOT_FOUND] to 127.0.0.1 : ErrorResponse(timestamp=2020-06-30T18:42:17.869, code=Unknown, status=404, error=Not Found, message=No handler found for GET /step/App.js, path=/step/App.js)
2020-06-30 18:42:17.869 1143 [8080-exec-40] - INFO      i.a.k.w.c.s.ControllerExceptionHandler   79 : HTTP Response [404 NOT_FOUND] to 127.0.0.1 : ErrorResponse(timestamp=2020-06-30T18:42:17.869, code=Unknown, status=404, error=Not Found, message=No handler found for GET /step/ImageUpload.js, path=/step/ImageUpload.js)
2020-06-30 18:42:17.876 1143 [8080-exec-42] - WARN  o.springframework.web.servlet.PageNotFound 1251 : No mapping for GET /step/src/index.js
2020-06-30 18:42:17.877 1143 [8080-exec-42] - INFO      i.a.k.w.c.s.ControllerExceptionHandler   79 : HTTP Response [404 NOT_FOUND] to 127.0.0.1 : ErrorResponse(timestamp=2020-06-30T18:42:17.877, code=Unknown, status=404, error=Not Found, message=No handler found for GET /step/src/index.js, path=/step/src/index.js)
2020-06-30 18:42:59.494 1143 [8080-exec-45] - DEBUG                   i.a.k.w.r.m.K.selectUser  159 : ==>  Preparing: SELECT id, password, name, is_admin, is_approved, created_datetime, updated_datetime FROM kfashion_user_info WHERE id = ? 
2020-06-30 18:42:59.496 1143 [8080-exec-45] - DEBUG                   i.a.k.w.r.m.K.selectUser  159 : ==> Parameters: admin(String)
2020-06-30 18:42:59.504 1143 [8080-exec-45] - TRACE                   i.a.k.w.r.m.K.selectUser  165 : <==    Columns: id, password, name, is_admin, is_approved, created_datetime, updated_datetime
2020-06-30 18:42:59.505 1143 [8080-exec-45] - TRACE                   i.a.k.w.r.m.K.selectUser  165 : <==        Row: admin, {bcrypt}$2a$10$.nj8ne9ZRvs/fQ6qt8khyefVHhULl8gHL5o8B2KYzZ7bDI22tJ4nG, administrator, Y, Y, 2020-06-23 11:46:43.0, 2020-06-23 11:46:43.0
2020-06-30 18:42:59.505 1143 [8080-exec-45] - DEBUG                   i.a.k.w.r.m.K.selectUser  159 : <==      Total: 1
2020-06-30 18:43:02.657 1143 [8080-exec-46] - WARN  o.springframework.web.servlet.PageNotFound 1251 : No mapping for GET /step/ImageUpload.js
2020-06-30 18:43:02.657 1143 [8080-exec-47] - WARN  o.springframework.web.servlet.PageNotFound 1251 : No mapping for GET /step/App.js
2020-06-30 18:43:02.657 1143 [8080-exec-48] - WARN  o.springframework.web.servlet.PageNotFound 1251 : No mapping for GET /step/src/index.js
2020-06-30 18:43:02.657 1143 [8080-exec-46] - INFO      i.a.k.w.c.s.ControllerExceptionHandler   79 : HTTP Response [404 NOT_FOUND] to 127.0.0.1 : ErrorResponse(timestamp=2020-06-30T18:43:02.657, code=Unknown, status=404, error=Not Found, message=No handler found for GET /step/ImageUpload.js, path=/step/ImageUpload.js)
2020-06-30 18:43:02.657 1143 [8080-exec-48] - INFO      i.a.k.w.c.s.ControllerExceptionHandler   79 : HTTP Response [404 NOT_FOUND] to 127.0.0.1 : ErrorResponse(timestamp=2020-06-30T18:43:02.657, code=Unknown, status=404, error=Not Found, message=No handler found for GET /step/src/index.js, path=/step/src/index.js)
2020-06-30 18:43:02.657 1143 [8080-exec-47] - INFO      i.a.k.w.c.s.ControllerExceptionHandler   79 : HTTP Response [404 NOT_FOUND] to 127.0.0.1 : ErrorResponse(timestamp=2020-06-30T18:43:02.657, code=Unknown, status=404, error=Not Found, message=No handler found for GET /step/App.js, path=/step/App.js)
2020-06-30 18:43:02.672 1143 [8080-exec-50] - WARN  o.springframework.web.servlet.PageNotFound 1251 : No mapping for GET /step/ImageUpload.js
2020-06-30 18:43:02.672 1143 [8080-exec-49] - WARN  o.springframework.web.servlet.PageNotFound 1251 : No mapping for GET /step/App.js
2020-06-30 18:43:02.672 1143 [8080-exec-51] - WARN  o.springframework.web.servlet.PageNotFound 1251 : No mapping for GET /step/src/index.js
2020-06-30 18:43:02.672 1143 [8080-exec-49] - INFO      i.a.k.w.c.s.ControllerExceptionHandler   79 : HTTP Response [404 NOT_FOUND] to 127.0.0.1 : ErrorResponse(timestamp=2020-06-30T18:43:02.672, code=Unknown, status=404, error=Not Found, message=No handler found for GET /step/App.js, path=/step/App.js)
2020-06-30 18:43:02.672 1143 [8080-exec-51] - INFO      i.a.k.w.c.s.ControllerExceptionHandler   79 : HTTP Response [404 NOT_FOUND] to 127.0.0.1 : ErrorResponse(timestamp=2020-06-30T18:43:02.672, code=Unknown, status=404, error=Not Found, message=No handler found for GET /step/src/index.js, path=/step/src/index.js)
2020-06-30 18:43:02.672 1143 [8080-exec-50] - INFO      i.a.k.w.c.s.ControllerExceptionHandler   79 : HTTP Response [404 NOT_FOUND] to 127.0.0.1 : ErrorResponse(timestamp=2020-06-30T18:43:02.672, code=Unknown, status=404, error=Not Found, message=No handler found for GET /step/ImageUpload.js, path=/step/ImageUpload.js)
2020-06-30 18:43:05.501 1143 [8080-exec-53] - WARN  o.springframework.web.servlet.PageNotFound 1251 : No mapping for GET /step/ImageUpload.js
2020-06-30 18:43:05.501 1143 [8080-exec-55] - WARN  o.springframework.web.servlet.PageNotFound 1251 : No mapping for GET /step/src/index.js
2020-06-30 18:43:05.501 1143 [8080-exec-54] - WARN  o.springframework.web.servlet.PageNotFound 1251 : No mapping for GET /step/App.js
2020-06-30 18:43:05.502 1143 [8080-exec-54] - INFO      i.a.k.w.c.s.ControllerExceptionHandler   79 : HTTP Response [404 NOT_FOUND] to 127.0.0.1 : ErrorResponse(timestamp=2020-06-30T18:43:05.502, code=Unknown, status=404, error=Not Found, message=No handler found for GET /step/App.js, path=/step/App.js)
2020-06-30 18:43:05.502 1143 [8080-exec-53] - INFO      i.a.k.w.c.s.ControllerExceptionHandler   79 : HTTP Response [404 NOT_FOUND] to 127.0.0.1 : ErrorResponse(timestamp=2020-06-30T18:43:05.502, code=Unknown, status=404, error=Not Found, message=No handler found for GET /step/ImageUpload.js, path=/step/ImageUpload.js)
2020-06-30 18:43:05.502 1143 [8080-exec-55] - INFO      i.a.k.w.c.s.ControllerExceptionHandler   79 : HTTP Response [404 NOT_FOUND] to 127.0.0.1 : ErrorResponse(timestamp=2020-06-30T18:43:05.502, code=Unknown, status=404, error=Not Found, message=No handler found for GET /step/src/index.js, path=/step/src/index.js)
2020-06-30 18:43:08.042 1143 [8080-exec-57] - WARN  o.springframework.web.servlet.PageNotFound 1251 : No mapping for GET /step/ImageUpload.js
2020-06-30 18:43:08.042 1143 [8080-exec-57] - INFO      i.a.k.w.c.s.ControllerExceptionHandler   79 : HTTP Response [404 NOT_FOUND] to 127.0.0.1 : ErrorResponse(timestamp=2020-06-30T18:43:08.042, code=Unknown, status=404, error=Not Found, message=No handler found for GET /step/ImageUpload.js, path=/step/ImageUpload.js)
2020-06-30 18:43:08.049 1143 [8080-exec-59] - WARN  o.springframework.web.servlet.PageNotFound 1251 : No mapping for GET /step/src/index.js
2020-06-30 18:43:08.049 1143 [8080-exec-58] - WARN  o.springframework.web.servlet.PageNotFound 1251 : No mapping for GET /step/App.js
2020-06-30 18:43:08.050 1143 [8080-exec-58] - INFO      i.a.k.w.c.s.ControllerExceptionHandler   79 : HTTP Response [404 NOT_FOUND] to 127.0.0.1 : ErrorResponse(timestamp=2020-06-30T18:43:08.050, code=Unknown, status=404, error=Not Found, message=No handler found for GET /step/App.js, path=/step/App.js)
2020-06-30 18:43:08.050 1143 [8080-exec-59] - INFO      i.a.k.w.c.s.ControllerExceptionHandler   79 : HTTP Response [404 NOT_FOUND] to 127.0.0.1 : ErrorResponse(timestamp=2020-06-30T18:43:08.050, code=Unknown, status=404, error=Not Found, message=No handler found for GET /step/src/index.js, path=/step/src/index.js)
2020-06-30 18:44:12.931 1143 [8080-exec-62] - WARN  o.springframework.web.servlet.PageNotFound 1251 : No mapping for GET /step/App.js
2020-06-30 18:44:12.931 1143 [8080-exec-61] - WARN  o.springframework.web.servlet.PageNotFound 1251 : No mapping for GET /step/ImageUpload.js
2020-06-30 18:44:12.931 1143 [8080-exec-63] - WARN  o.springframework.web.servlet.PageNotFound 1251 : No mapping for GET /step/src/index.js
2020-06-30 18:44:12.931 1143 [8080-exec-62] - INFO      i.a.k.w.c.s.ControllerExceptionHandler   79 : HTTP Response [404 NOT_FOUND] to 127.0.0.1 : ErrorResponse(timestamp=2020-06-30T18:44:12.931, code=Unknown, status=404, error=Not Found, message=No handler found for GET /step/App.js, path=/step/App.js)
2020-06-30 18:44:12.931 1143 [8080-exec-61] - INFO      i.a.k.w.c.s.ControllerExceptionHandler   79 : HTTP Response [404 NOT_FOUND] to 127.0.0.1 : ErrorResponse(timestamp=2020-06-30T18:44:12.931, code=Unknown, status=404, error=Not Found, message=No handler found for GET /step/ImageUpload.js, path=/step/ImageUpload.js)
2020-06-30 18:44:12.931 1143 [8080-exec-63] - INFO      i.a.k.w.c.s.ControllerExceptionHandler   79 : HTTP Response [404 NOT_FOUND] to 127.0.0.1 : ErrorResponse(timestamp=2020-06-30T18:44:12.931, code=Unknown, status=404, error=Not Found, message=No handler found for GET /step/src/index.js, path=/step/src/index.js)
2020-06-30 18:44:12.947 1143 [8080-exec-66] - WARN  o.springframework.web.servlet.PageNotFound 1251 : No mapping for GET /step/src/index.js
2020-06-30 18:44:12.947 1143 [8080-exec-64] - WARN  o.springframework.web.servlet.PageNotFound 1251 : No mapping for GET /step/App.js
2020-06-30 18:44:12.947 1143 [8080-exec-65] - WARN  o.springframework.web.servlet.PageNotFound 1251 : No mapping for GET /step/ImageUpload.js
2020-06-30 18:44:12.947 1143 [8080-exec-65] - INFO      i.a.k.w.c.s.ControllerExceptionHandler   79 : HTTP Response [404 NOT_FOUND] to 127.0.0.1 : ErrorResponse(timestamp=2020-06-30T18:44:12.947, code=Unknown, status=404, error=Not Found, message=No handler found for GET /step/ImageUpload.js, path=/step/ImageUpload.js)
2020-06-30 18:44:12.947 1143 [8080-exec-64] - INFO      i.a.k.w.c.s.ControllerExceptionHandler   79 : HTTP Response [404 NOT_FOUND] to 127.0.0.1 : ErrorResponse(timestamp=2020-06-30T18:44:12.947, code=Unknown, status=404, error=Not Found, message=No handler found for GET /step/App.js, path=/step/App.js)
2020-06-30 18:44:12.947 1143 [8080-exec-66] - INFO      i.a.k.w.c.s.ControllerExceptionHandler   79 : HTTP Response [404 NOT_FOUND] to 127.0.0.1 : ErrorResponse(timestamp=2020-06-30T18:44:12.947, code=Unknown, status=404, error=Not Found, message=No handler found for GET /step/src/index.js, path=/step/src/index.js)
2020-06-30 18:44:45.349 1143 [8080-exec-68] - DEBUG i.a.k.w.r.m.K.selectUserGroupAuthorityList  159 : ==>  Preparing: SELECT kfashion_user_group_authority.group_no, kfashion_user_group_authority.authority_no, kfashion_user_group_authority.created_datetime, kfashion_user_group_authority.updated_datetime, kfashion_user_authority.authority_name, kfashion_user_group.group_name FROM kfashion_user_group_authority LEFT JOIN kfashion_user_authority ON kfashion_user_group_authority.authority_no = kfashion_user_authority.no RIGHT JOIN kfashion_user_group ON kfashion_user_group_authority.group_no = kfashion_user_group.no ORDER BY kfashion_user_group_authority.group_no ASC 
2020-06-30 18:44:45.350 1143 [8080-exec-68] - DEBUG i.a.k.w.r.m.K.selectUserGroupAuthorityList  159 : ==> Parameters: 
2020-06-30 18:44:45.387 1143 [8080-exec-68] - TRACE i.a.k.w.r.m.K.selectUserGroupAuthorityList  165 : <==    Columns: group_no, authority_no, created_datetime, updated_datetime, authority_name, group_name
2020-06-30 18:44:45.388 1143 [8080-exec-68] - TRACE i.a.k.w.r.m.K.selectUserGroupAuthorityList  165 : <==        Row: 1, 4, 2020-06-21 14:15:00.0, 2020-06-21 14:15:00.0, Basic, highschool
2020-06-30 18:44:45.389 1143 [8080-exec-68] - TRACE i.a.k.w.r.m.K.selectUserGroupAuthorityList  165 : <==        Row: 2, 5, 2020-06-21 14:15:00.0, 2020-06-21 14:15:00.0, Professional, 이화여자대학교
2020-06-30 18:44:45.390 1143 [8080-exec-68] - TRACE i.a.k.w.r.m.K.selectUserGroupAuthorityList  165 : <==        Row: 3, 5, 2020-06-25 20:43:02.0, 2020-06-25 20:43:02.0, Professional, 아이테르대학교
2020-06-30 18:44:45.390 1143 [8080-exec-68] - TRACE i.a.k.w.r.m.K.selectUserGroupAuthorityList  165 : <==        Row: 4, 4, 2020-06-25 20:43:34.0, 2020-06-25 20:43:34.0, Basic, 아이테르고등학교
2020-06-30 18:44:45.391 1143 [8080-exec-68] - TRACE i.a.k.w.r.m.K.selectUserGroupAuthorityList  165 : <==        Row: 5, 3, 2020-06-26 10:37:42.0, 2020-06-26 10:37:42.0, Polygon, 찬호찬호
2020-06-30 18:44:45.391 1143 [8080-exec-68] - TRACE i.a.k.w.r.m.K.selectUserGroupAuthorityList  165 : <==        Row: 6, 2, 2020-06-29 12:24:45.0, 2020-06-29 12:24:45.0, BoundaryBox, choi
2020-06-30 18:44:45.392 1143 [8080-exec-68] - TRACE i.a.k.w.r.m.K.selectUserGroupAuthorityList  165 : <==        Row: 7, 2, 2020-06-29 12:24:59.0, 2020-06-29 12:24:59.0, BoundaryBox, choichoi
2020-06-30 18:44:45.392 1143 [8080-exec-68] - DEBUG i.a.k.w.r.m.K.selectUserGroupAuthorityList  159 : <==      Total: 7
2020-06-30 18:45:06.482 1143 [8080-exec-69] - DEBUG  i.a.k.w.r.m.KfashionWorkMapper.insertWork  159 : ==>  Preparing: INSERT INTO kfashion_work ( work_name, work_state, created_datetime, updated_datetime ) VALUE( ?, 1, NOW(), NOW() ) 
2020-06-30 18:45:06.482 1143 [8080-exec-69] - DEBUG  i.a.k.w.r.m.KfashionWorkMapper.insertWork  159 : ==> Parameters: 72c46fe0-d719-4054-bf2e-ce55c001ca5f_hot-air-balloons-4381674_1920.jpg(String)
2020-06-30 18:45:06.497 1143 [8080-exec-69] - DEBUG  i.a.k.w.r.m.KfashionWorkMapper.insertWork  159 : <==    Updates: 1
2020-06-30 18:45:06.499 1143 [8080-exec-69] - DEBUG                 i.a.k.w.r.m.K.selectWorkNo  159 : ==>  Preparing: SELECT no FROM kfashion_work WHERE work_name=? 
2020-06-30 18:45:06.499 1143 [8080-exec-69] - DEBUG                 i.a.k.w.r.m.K.selectWorkNo  159 : ==> Parameters: 72c46fe0-d719-4054-bf2e-ce55c001ca5f_hot-air-balloons-4381674_1920.jpg(String)
2020-06-30 18:45:06.520 1143 [8080-exec-69] - TRACE                 i.a.k.w.r.m.K.selectWorkNo  165 : <==    Columns: no
2020-06-30 18:45:06.521 1143 [8080-exec-69] - TRACE                 i.a.k.w.r.m.K.selectWorkNo  165 : <==        Row: 15
2020-06-30 18:45:06.523 1143 [8080-exec-69] - DEBUG                 i.a.k.w.r.m.K.selectWorkNo  159 : <==      Total: 1
2020-06-30 18:45:06.527 1143 [8080-exec-69] - DEBUG              i.a.k.w.r.m.K.insertImgUpload  159 : ==>  Preparing: INSERT INTO kfashion_image ( work_no, img_data, created_datetime, updated_datetime ) VALUES ( ?, ?, NOW(), NOW() ) 
2020-06-30 18:45:06.527 1143 [8080-exec-69] - DEBUG              i.a.k.w.r.m.K.insertImgUpload  159 : ==> Parameters: 15(Long), [B@4263a22d(byte[])
2020-06-30 18:45:06.656 1143 [8080-exec-69] - DEBUG              i.a.k.w.r.m.K.insertImgUpload  159 : <==    Updates: 1
2020-06-30 18:45:06.661 1143 [8080-exec-69] - DEBUG            i.a.k.w.r.m.K.insertWorkHistory  159 : ==>  Preparing: INSERT INTO kfashion_work_history ( work_no, work_step, created_id, created_datetime, updated_datetime ) VALUES ( ?, ?, ?, NOW(), NOW() ) 
2020-06-30 18:45:06.661 1143 [8080-exec-69] - DEBUG            i.a.k.w.r.m.K.insertWorkHistory  159 : ==> Parameters: 15(Long), 1(Integer), admin(String)
2020-06-30 18:45:06.675 1143 [8080-exec-69] - DEBUG            i.a.k.w.r.m.K.insertWorkHistory  159 : <==    Updates: 1
2020-06-30 18:45:06.691 1143 [8080-exec-69] - DEBUG  i.a.k.w.r.m.KfashionWorkMapper.insertWork  159 : ==>  Preparing: INSERT INTO kfashion_work ( work_name, work_state, created_datetime, updated_datetime ) VALUE( ?, 1, NOW(), NOW() ) 
2020-06-30 18:45:06.692 1143 [8080-exec-69] - DEBUG  i.a.k.w.r.m.KfashionWorkMapper.insertWork  159 : ==> Parameters: 35bd0f62-38fc-4be5-ba27-8ef71b1e3ab8_images (1).jpeg(String)
2020-06-30 18:45:06.700 1143 [8080-exec-69] - DEBUG  i.a.k.w.r.m.KfashionWorkMapper.insertWork  159 : <==    Updates: 1
2020-06-30 18:45:06.700 1143 [8080-exec-69] - DEBUG                 i.a.k.w.r.m.K.selectWorkNo  159 : ==>  Preparing: SELECT no FROM kfashion_work WHERE work_name=? 
2020-06-30 18:45:06.701 1143 [8080-exec-69] - DEBUG                 i.a.k.w.r.m.K.selectWorkNo  159 : ==> Parameters: 35bd0f62-38fc-4be5-ba27-8ef71b1e3ab8_images (1).jpeg(String)
2020-06-30 18:45:06.714 1143 [8080-exec-69] - TRACE                 i.a.k.w.r.m.K.selectWorkNo  165 : <==    Columns: no
2020-06-30 18:45:06.714 1143 [8080-exec-69] - TRACE                 i.a.k.w.r.m.K.selectWorkNo  165 : <==        Row: 16
2020-06-30 18:45:06.715 1143 [8080-exec-69] - DEBUG                 i.a.k.w.r.m.K.selectWorkNo  159 : <==      Total: 1
2020-06-30 18:45:06.715 1143 [8080-exec-69] - DEBUG              i.a.k.w.r.m.K.insertImgUpload  159 : ==>  Preparing: INSERT INTO kfashion_image ( work_no, img_data, created_datetime, updated_datetime ) VALUES ( ?, ?, NOW(), NOW() ) 
2020-06-30 18:45:06.716 1143 [8080-exec-69] - DEBUG              i.a.k.w.r.m.K.insertImgUpload  159 : ==> Parameters: 16(Long), [B@13a78682(byte[])
2020-06-30 18:45:06.747 1143 [8080-exec-69] - DEBUG              i.a.k.w.r.m.K.insertImgUpload  159 : <==    Updates: 1
2020-06-30 18:45:06.748 1143 [8080-exec-69] - DEBUG            i.a.k.w.r.m.K.insertWorkHistory  159 : ==>  Preparing: INSERT INTO kfashion_work_history ( work_no, work_step, created_id, created_datetime, updated_datetime ) VALUES ( ?, ?, ?, NOW(), NOW() ) 
2020-06-30 18:45:06.749 1143 [8080-exec-69] - DEBUG            i.a.k.w.r.m.K.insertWorkHistory  159 : ==> Parameters: 16(Long), 1(Integer), admin(String)
2020-06-30 18:45:06.756 1143 [8080-exec-69] - DEBUG            i.a.k.w.r.m.K.insertWorkHistory  159 : <==    Updates: 1
2020-06-30 18:45:06.757 1143 [8080-exec-69] - DEBUG  i.a.k.w.r.m.KfashionWorkMapper.insertWork  159 : ==>  Preparing: INSERT INTO kfashion_work ( work_name, work_state, created_datetime, updated_datetime ) VALUE( ?, 1, NOW(), NOW() ) 
2020-06-30 18:45:06.757 1143 [8080-exec-69] - DEBUG  i.a.k.w.r.m.KfashionWorkMapper.insertWork  159 : ==> Parameters: 784bb200-9915-462f-b828-8345e6bb9eba_images.jpeg(String)
2020-06-30 18:45:06.764 1143 [8080-exec-69] - DEBUG  i.a.k.w.r.m.KfashionWorkMapper.insertWork  159 : <==    Updates: 1
2020-06-30 18:45:06.765 1143 [8080-exec-69] - DEBUG                 i.a.k.w.r.m.K.selectWorkNo  159 : ==>  Preparing: SELECT no FROM kfashion_work WHERE work_name=? 
2020-06-30 18:45:06.765 1143 [8080-exec-69] - DEBUG                 i.a.k.w.r.m.K.selectWorkNo  159 : ==> Parameters: 784bb200-9915-462f-b828-8345e6bb9eba_images.jpeg(String)
2020-06-30 18:45:06.775 1143 [8080-exec-69] - TRACE                 i.a.k.w.r.m.K.selectWorkNo  165 : <==    Columns: no
2020-06-30 18:45:06.775 1143 [8080-exec-69] - TRACE                 i.a.k.w.r.m.K.selectWorkNo  165 : <==        Row: 17
2020-06-30 18:45:06.776 1143 [8080-exec-69] - DEBUG                 i.a.k.w.r.m.K.selectWorkNo  159 : <==      Total: 1
2020-06-30 18:45:06.776 1143 [8080-exec-69] - DEBUG              i.a.k.w.r.m.K.insertImgUpload  159 : ==>  Preparing: INSERT INTO kfashion_image ( work_no, img_data, created_datetime, updated_datetime ) VALUES ( ?, ?, NOW(), NOW() ) 
2020-06-30 18:45:06.777 1143 [8080-exec-69] - DEBUG              i.a.k.w.r.m.K.insertImgUpload  159 : ==> Parameters: 17(Long), [B@715b38f6(byte[])
2020-06-30 18:45:06.793 1143 [8080-exec-69] - DEBUG              i.a.k.w.r.m.K.insertImgUpload  159 : <==    Updates: 1
2020-06-30 18:45:06.793 1143 [8080-exec-69] - DEBUG            i.a.k.w.r.m.K.insertWorkHistory  159 : ==>  Preparing: INSERT INTO kfashion_work_history ( work_no, work_step, created_id, created_datetime, updated_datetime ) VALUES ( ?, ?, ?, NOW(), NOW() ) 
2020-06-30 18:45:06.794 1143 [8080-exec-69] - DEBUG            i.a.k.w.r.m.K.insertWorkHistory  159 : ==> Parameters: 17(Long), 1(Integer), admin(String)
2020-06-30 18:45:06.805 1143 [8080-exec-69] - DEBUG            i.a.k.w.r.m.K.insertWorkHistory  159 : <==    Updates: 1
2020-06-30 18:46:51.742 1143 [8080-exec-71] - DEBUG i.a.k.w.r.m.K.selectUserGroupAuthorityList  159 : ==>  Preparing: SELECT kfashion_user_group_authority.group_no, kfashion_user_group_authority.authority_no, kfashion_user_group_authority.created_datetime, kfashion_user_group_authority.updated_datetime, kfashion_user_authority.authority_name, kfashion_user_group.group_name FROM kfashion_user_group_authority LEFT JOIN kfashion_user_authority ON kfashion_user_group_authority.authority_no = kfashion_user_authority.no RIGHT JOIN kfashion_user_group ON kfashion_user_group_authority.group_no = kfashion_user_group.no ORDER BY kfashion_user_group_authority.group_no ASC 
2020-06-30 18:46:51.742 1143 [8080-exec-71] - DEBUG i.a.k.w.r.m.K.selectUserGroupAuthorityList  159 : ==> Parameters: 
2020-06-30 18:46:51.746 1143 [8080-exec-70] - DEBUG               i.a.k.w.r.m.K.selectUserList  159 : ==>  Preparing: SELECT * FROM kfashion_user_info WHERE group_no IS NULL AND is_approved = 'Y' AND id NOT IN('admin') ORDER BY created_datetime 
2020-06-30 18:46:51.747 1143 [8080-exec-70] - DEBUG               i.a.k.w.r.m.K.selectUserList  159 : ==> Parameters: 
2020-06-30 18:46:51.761 1143 [8080-exec-71] - TRACE i.a.k.w.r.m.K.selectUserGroupAuthorityList  165 : <==    Columns: group_no, authority_no, created_datetime, updated_datetime, authority_name, group_name
2020-06-30 18:46:51.761 1143 [8080-exec-71] - TRACE i.a.k.w.r.m.K.selectUserGroupAuthorityList  165 : <==        Row: 1, 4, 2020-06-21 14:15:00.0, 2020-06-21 14:15:00.0, Basic, highschool
2020-06-30 18:46:51.762 1143 [8080-exec-71] - TRACE i.a.k.w.r.m.K.selectUserGroupAuthorityList  165 : <==        Row: 2, 5, 2020-06-21 14:15:00.0, 2020-06-21 14:15:00.0, Professional, 이화여자대학교
2020-06-30 18:46:51.763 1143 [8080-exec-71] - TRACE i.a.k.w.r.m.K.selectUserGroupAuthorityList  165 : <==        Row: 3, 5, 2020-06-25 20:43:02.0, 2020-06-25 20:43:02.0, Professional, 아이테르대학교
2020-06-30 18:46:51.763 1143 [8080-exec-71] - TRACE i.a.k.w.r.m.K.selectUserGroupAuthorityList  165 : <==        Row: 4, 4, 2020-06-25 20:43:34.0, 2020-06-25 20:43:34.0, Basic, 아이테르고등학교
2020-06-30 18:46:51.764 1143 [8080-exec-71] - TRACE i.a.k.w.r.m.K.selectUserGroupAuthorityList  165 : <==        Row: 5, 3, 2020-06-26 10:37:42.0, 2020-06-26 10:37:42.0, Polygon, 찬호찬호
2020-06-30 18:46:51.764 1143 [8080-exec-70] - TRACE               i.a.k.w.r.m.K.selectUserList  165 : <==    Columns: id, password, name, birth, gender, email, phone, group_no, is_admin, is_approved, created_datetime, updated_datetime
2020-06-30 18:46:51.764 1143 [8080-exec-71] - TRACE i.a.k.w.r.m.K.selectUserGroupAuthorityList  165 : <==        Row: 6, 2, 2020-06-29 12:24:45.0, 2020-06-29 12:24:45.0, BoundaryBox, choi
2020-06-30 18:46:51.764 1143 [8080-exec-70] - TRACE               i.a.k.w.r.m.K.selectUserList  165 : <==        Row: jang6845, {bcrypt}$2a$10$sAfkYH704x/uGH3P85q29OAZm18mVCHjLLybOPoAGd/EXEakTqYHi, 장성열, null, null, jang6845@naver.com, null, null, N, Y, 2020-06-22 12:31:44.0, 2020-06-22 12:31:44.0
2020-06-30 18:46:51.764 1143 [8080-exec-71] - TRACE i.a.k.w.r.m.K.selectUserGroupAuthorityList  165 : <==        Row: 7, 2, 2020-06-29 12:24:59.0, 2020-06-29 12:24:59.0, BoundaryBox, choichoi
2020-06-30 18:46:51.765 1143 [8080-exec-70] - TRACE               i.a.k.w.r.m.K.selectUserList  165 : <==        Row: cksgh1103, {bcrypt}$2a$10$4toz5du53c2IEFZTFM18heIrjjLypesjXU8L1RZtmg43GSCxcCHKi, 찬호, null, null, andypark1103@naver.com, null, null, N, Y, 2020-06-22 18:42:45.0, 2020-06-22 18:42:45.0
2020-06-30 18:46:51.765 1143 [8080-exec-71] - DEBUG i.a.k.w.r.m.K.selectUserGroupAuthorityList  159 : <==      Total: 7
2020-06-30 18:46:51.765 1143 [8080-exec-70] - TRACE               i.a.k.w.r.m.K.selectUserList  165 : <==        Row: jang1, {bcrypt}$2a$10$Np1Or7a5GenQTN70KziKG.0FySBMQ/quyeTkUzb2f2bfFQwg5sWVa, 장성열, null, null, jang6845@gmail.com, null, null, N, Y, 2020-06-24 12:05:39.0, 2020-06-24 12:05:39.0
2020-06-30 18:46:51.766 1143 [8080-exec-70] - TRACE               i.a.k.w.r.m.K.selectUserList  165 : <==        Row: park123, {bcrypt}$2a$10$yn7wb5wViyBF56NWkC6QYOzaaowJAvt/zyvi/Da08FJmH0k49e4yG, 장성열, null, null, jang6845@naver.com, null, null, N, Y, 2020-06-24 16:00:32.0, 2020-06-24 16:00:32.0
2020-06-30 18:46:51.766 1143 [8080-exec-70] - TRACE               i.a.k.w.r.m.K.selectUserList  165 : <==        Row: park1, {bcrypt}$2a$10$SFaOFEv.pD4pNcEfmeZJ9ehg7gKULc/wTQ5hHELL.PMii9MWQclEC, 장성열, null, null, jang6845@naver.com, null, null, N, Y, 2020-06-24 16:05:15.0, 2020-06-24 16:05:15.0
2020-06-30 18:46:51.767 1143 [8080-exec-70] - TRACE               i.a.k.w.r.m.K.selectUserList  165 : <==        Row: jang8, {bcrypt}$2a$10$dLr6OrreIEnNqBSQUecqHeMzEnNx2vWz2yRXfYV6lnvakcOSNVey2, 홍길동, null, null, jang6845@naver.com, null, null, N, Y, 2020-06-24 16:34:12.0, 2020-06-24 16:34:12.0
2020-06-30 18:46:51.767 1143 [8080-exec-70] - TRACE               i.a.k.w.r.m.K.selectUserList  165 : <==        Row: a1234, {bcrypt}$2a$10$TUBdgBB1rpk3gvgmPnhga.xJ9I4v7rOCvR1SCGXAitaOwVKd0DSSy, 장성열, null, null, jang6845@naver.com, null, null, N, Y, 2020-06-24 17:51:15.0, 2020-06-24 17:51:15.0
2020-06-30 18:46:51.767 1143 [8080-exec-70] - TRACE               i.a.k.w.r.m.K.selectUserList  165 : <==        Row: asdf123, {bcrypt}$2a$10$gGtLWtj7j7lGFfFuETcT5O93NqtJaehLrv8y9Du57gbiBTDGs8OlK, 장성열, null, null, jang6845@naver.com, null, null, N, Y, 2020-06-24 18:08:57.0, 2020-06-24 18:08:57.0
2020-06-30 18:46:51.768 1143 [8080-exec-70] - DEBUG               i.a.k.w.r.m.K.selectUserList  159 : <==      Total: 8
2020-06-30 19:24:10.778 1143 [ShutdownHook] - INFO     o.s.s.concurrent.ThreadPoolTaskExecutor  208 : Shutting down ExecutorService 'applicationTaskExecutor'
