2020-06-18 09:51:37.380 823 [        main] - INFO         io.aetherit.kfashion.ws.Application   55 : Starting Application on canhoui-MacBookPro.local with PID 823 (/Users/ho/kfashion.ws/target/classes started by ho in /Users/ho/kfashion.ws)
2020-06-18 09:51:37.384 823 [        main] - DEBUG        io.aetherit.kfashion.ws.Application   56 : Running with Spring Boot v2.2.4.RELEASE, Spring v5.2.3.RELEASE
2020-06-18 09:51:37.385 823 [        main] - INFO         io.aetherit.kfashion.ws.Application  651 : No active profile set, falling back to default profiles: default
2020-06-18 09:51:38.061 823 [        main] - INFO  o.s.c.s.PostProcessorRegistrationDelegate$BeanPostProcessorChecker  330 : Bean 'applicationConfiguration' of type [io.aetherit.kfashion.ws.configuration.ApplicationConfiguration$$EnhancerBySpringCGLIB$$f053319] is not eligible for getting processed by all BeanPostProcessors (for example: not eligible for auto-proxying)
2020-06-18 09:51:38.367 823 [        main] - DEBUG       i.a.k.w.c.ApplicationConfiguration$1   81 : Code archive: /Users/ho/.m2/repository/org/springframework/boot/spring-boot/2.2.4.RELEASE/spring-boot-2.2.4.RELEASE.jar
2020-06-18 09:51:38.370 823 [        main] - DEBUG       i.a.k.w.c.ApplicationConfiguration$1  125 : Code archive: /Users/ho/.m2/repository/org/springframework/boot/spring-boot/2.2.4.RELEASE/spring-boot-2.2.4.RELEASE.jar
2020-06-18 09:51:38.371 823 [        main] - DEBUG       i.a.k.w.c.ApplicationConfiguration$1  149 : None of the document roots [src/main/webapp, public, static] point to a directory and will be ignored.
2020-06-18 09:51:38.389 823 [        main] - INFO   o.s.b.web.embedded.tomcat.TomcatWebServer   92 : Tomcat initialized with port(s): 8080 (http)
2020-06-18 09:51:38.396 823 [        main] - INFO  org.apache.coyote.http11.Http11NioProtocol  173 : Initializing ProtocolHandler ["http-nio-8080"]
2020-06-18 09:51:38.397 823 [        main] - INFO    org.apache.catalina.core.StandardService  173 : Starting service [Tomcat]
2020-06-18 09:51:38.397 823 [        main] - INFO     org.apache.catalina.core.StandardEngine  173 : Starting Servlet engine: [Apache Tomcat/9.0.30]
2020-06-18 09:51:38.451 823 [        main] - INFO          o.a.c.c.C.[Tomcat].[localhost].[/]  173 : Initializing Spring embedded WebApplicationContext
2020-06-18 09:51:38.451 823 [        main] - INFO               o.s.web.context.ContextLoader  284 : Root WebApplicationContext: initialization completed in 1033 ms
2020-06-18 09:51:38.489 823 [        main] - DEBUG            i.a.k.w.c.DatabaseConfiguration   47 : Creating DB DataSource : org.mariadb.jdbc.Driver, jdbc:mariadb://192.168.0.13:3306/kfashion, user1
2020-06-18 09:51:38.906 823 [        main] - DEBUG         i.a.k.w.r.m.U.selectUsersWhereType  159 : ==>  Preparing: SELECT id, password, name, type, is_enabled, created_datetime, updated_datetime FROM kfashion_users WHERE type = ? ORDER BY created_datetime DESC 
2020-06-18 09:51:38.919 823 [        main] - DEBUG         i.a.k.w.r.m.U.selectUsersWhereType  159 : ==> Parameters: Admin(String)
2020-06-18 09:51:38.937 823 [        main] - TRACE         i.a.k.w.r.m.U.selectUsersWhereType  165 : <==    Columns: id, password, name, type, is_enabled, created_datetime, updated_datetime
2020-06-18 09:51:38.938 823 [        main] - TRACE         i.a.k.w.r.m.U.selectUsersWhereType  165 : <==        Row: admin, {bcrypt}$2a$10$AYladbn9V26tseFXJduxXOeCvTHLP7XSRnBjN72f6tLjmLQfm.rBS, administrator, Admin, 1, 2020-06-15 10:42:05.0, 2020-06-15 10:42:05.0
2020-06-18 09:51:38.941 823 [        main] - DEBUG         i.a.k.w.r.m.U.selectUsersWhereType  159 : <==      Total: 1
2020-06-18 09:51:39.064 823 [        main] - INFO   i.a.k.ws.controller.InformationController   22 : Appliction Information : io.aetherit.kfashion.ws 1.0-SNAPSHOT 20200616_1231 #0
2020-06-18 09:51:39.214 823 [        main] - INFO        o.s.s.web.DefaultSecurityFilterChain   43 : Creating filter chain: any request, [org.springframework.security.web.context.request.async.WebAsyncManagerIntegrationFilter@14982a82, org.springframework.security.web.context.SecurityContextPersistenceFilter@7d04529c, org.springframework.security.web.header.HeaderWriterFilter@3b4d50b, org.springframework.security.web.authentication.logout.LogoutFilter@3ad4a7d6, org.springframework.security.web.savedrequest.RequestCacheAwareFilter@b16e202, org.springframework.security.web.servletapi.SecurityContextHolderAwareRequestFilter@70c53dbe, org.springframework.security.web.authentication.AnonymousAuthenticationFilter@4ee5b2d9, org.springframework.security.web.session.SessionManagementFilter@4195105b, org.springframework.security.web.access.ExceptionTranslationFilter@6c931d35, org.springframework.security.web.access.intercept.FilterSecurityInterceptor@21079a12]
2020-06-18 09:51:39.323 823 [        main] - INFO     o.s.s.concurrent.ThreadPoolTaskExecutor  171 : Initializing ExecutorService 'applicationTaskExecutor'
2020-06-18 09:51:39.506 823 [        main] - INFO  o.s.s.a.ScheduledAnnotationBeanPostProcessor  297 : No TaskScheduler/ScheduledExecutorService bean found for scheduled processing
2020-06-18 09:51:39.512 823 [        main] - INFO  org.apache.coyote.http11.Http11NioProtocol  173 : Starting ProtocolHandler ["http-nio-8080"]
2020-06-18 09:51:39.560 823 [        main] - INFO   o.s.b.web.embedded.tomcat.TomcatWebServer  204 : Tomcat started on port(s): 8080 (http) with context path ''
2020-06-18 09:51:39.562 823 [        main] - INFO         io.aetherit.kfashion.ws.Application   61 : Started Application in 2.591 seconds (JVM running for 3.287)
2020-06-18 09:51:42.626 823 [-8080-exec-1] - INFO          o.a.c.c.C.[Tomcat].[localhost].[/]  173 : Initializing Spring DispatcherServlet 'dispatcherServlet'
2020-06-18 09:51:42.626 823 [-8080-exec-1] - INFO           o.s.web.servlet.DispatcherServlet  525 : Initializing Servlet 'dispatcherServlet'
2020-06-18 09:51:42.634 823 [-8080-exec-1] - INFO           o.s.web.servlet.DispatcherServlet  547 : Completed initialization in 7 ms
2020-06-18 09:51:42.836 823 [-8080-exec-1] - DEBUG     i.a.k.w.r.mapper.UserMapper.selectUser  159 : ==>  Preparing: SELECT id, password, name, type, is_enabled, created_datetime, updated_datetime FROM kfashion_users WHERE id = ? 
2020-06-18 09:51:42.836 823 [-8080-exec-1] - DEBUG     i.a.k.w.r.mapper.UserMapper.selectUser  159 : ==> Parameters: admin(String)
2020-06-18 09:51:42.842 823 [-8080-exec-1] - TRACE     i.a.k.w.r.mapper.UserMapper.selectUser  165 : <==    Columns: id, password, name, type, is_enabled, created_datetime, updated_datetime
2020-06-18 09:51:42.843 823 [-8080-exec-1] - TRACE     i.a.k.w.r.mapper.UserMapper.selectUser  165 : <==        Row: admin, {bcrypt}$2a$10$AYladbn9V26tseFXJduxXOeCvTHLP7XSRnBjN72f6tLjmLQfm.rBS, administrator, Admin, 1, 2020-06-15 10:42:05.0, 2020-06-15 10:42:05.0
2020-06-18 09:51:42.843 823 [-8080-exec-1] - DEBUG     i.a.k.w.r.mapper.UserMapper.selectUser  159 : <==      Total: 1
2020-06-18 10:09:59.694 823 [ShutdownHook] - INFO     o.s.s.concurrent.ThreadPoolTaskExecutor  208 : Shutting down ExecutorService 'applicationTaskExecutor'
2020-06-18 10:15:54.017 4392 [        main] - INFO         io.aetherit.kfashion.ws.Application   55 : Starting Application on jangseong-yeol-ui-MacBookPro.local with PID 4392 (/Users/jangseong-yeol/kfashion.ws/target/classes started by jangseong-yeol in /Users/jangseong-yeol/kfashion.ws)
2020-06-18 10:15:54.019 4392 [        main] - DEBUG        io.aetherit.kfashion.ws.Application   56 : Running with Spring Boot v2.2.4.RELEASE, Spring v5.2.3.RELEASE
2020-06-18 10:15:54.019 4392 [        main] - INFO         io.aetherit.kfashion.ws.Application  651 : No active profile set, falling back to default profiles: default
2020-06-18 10:15:54.797 4392 [        main] - INFO  o.s.c.s.PostProcessorRegistrationDelegate$BeanPostProcessorChecker  330 : Bean 'applicationConfiguration' of type [io.aetherit.kfashion.ws.configuration.ApplicationConfiguration$$EnhancerBySpringCGLIB$$881d5562] is not eligible for getting processed by all BeanPostProcessors (for example: not eligible for auto-proxying)
2020-06-18 10:15:55.111 4392 [        main] - DEBUG       i.a.k.w.c.ApplicationConfiguration$1   81 : Code archive: /Users/jangseong-yeol/.m2/repository/org/springframework/boot/spring-boot/2.2.4.RELEASE/spring-boot-2.2.4.RELEASE.jar
2020-06-18 10:15:55.111 4392 [        main] - DEBUG       i.a.k.w.c.ApplicationConfiguration$1  125 : Code archive: /Users/jangseong-yeol/.m2/repository/org/springframework/boot/spring-boot/2.2.4.RELEASE/spring-boot-2.2.4.RELEASE.jar
2020-06-18 10:15:55.111 4392 [        main] - DEBUG       i.a.k.w.c.ApplicationConfiguration$1  149 : None of the document roots [src/main/webapp, public, static] point to a directory and will be ignored.
2020-06-18 10:15:55.124 4392 [        main] - INFO   o.s.b.web.embedded.tomcat.TomcatWebServer   92 : Tomcat initialized with port(s): 8080 (http)
2020-06-18 10:15:55.129 4392 [        main] - INFO  org.apache.coyote.http11.Http11NioProtocol  173 : Initializing ProtocolHandler ["http-nio-8080"]
2020-06-18 10:15:55.130 4392 [        main] - INFO    org.apache.catalina.core.StandardService  173 : Starting service [Tomcat]
2020-06-18 10:15:55.130 4392 [        main] - INFO     org.apache.catalina.core.StandardEngine  173 : Starting Servlet engine: [Apache Tomcat/9.0.30]
2020-06-18 10:15:55.176 4392 [        main] - INFO          o.a.c.c.C.[Tomcat].[localhost].[/]  173 : Initializing Spring embedded WebApplicationContext
2020-06-18 10:15:55.176 4392 [        main] - INFO               o.s.web.context.ContextLoader  284 : Root WebApplicationContext: initialization completed in 1132 ms
2020-06-18 10:15:55.219 4392 [        main] - DEBUG            i.a.k.w.c.DatabaseConfiguration   47 : Creating DB DataSource : org.mariadb.jdbc.Driver, jdbc:mariadb://192.168.0.13:3306/kfashion, user1
2020-06-18 10:15:55.749 4392 [        main] - DEBUG         i.a.k.w.r.m.U.selectUsersWhereType  159 : ==>  Preparing: SELECT id, password, name, type, is_enabled, created_datetime, updated_datetime FROM kfashion_users WHERE type = ? ORDER BY created_datetime DESC 
2020-06-18 10:15:55.760 4392 [        main] - DEBUG         i.a.k.w.r.m.U.selectUsersWhereType  159 : ==> Parameters: Admin(String)
2020-06-18 10:15:55.896 4392 [        main] - TRACE         i.a.k.w.r.m.U.selectUsersWhereType  165 : <==    Columns: id, password, name, type, is_enabled, created_datetime, updated_datetime
2020-06-18 10:15:55.896 4392 [        main] - TRACE         i.a.k.w.r.m.U.selectUsersWhereType  165 : <==        Row: admin, {bcrypt}$2a$10$AYladbn9V26tseFXJduxXOeCvTHLP7XSRnBjN72f6tLjmLQfm.rBS, administrator, Admin, 1, 2020-06-15 10:42:05.0, 2020-06-15 10:42:05.0
2020-06-18 10:15:55.898 4392 [        main] - DEBUG         i.a.k.w.r.m.U.selectUsersWhereType  159 : <==      Total: 1
2020-06-18 10:15:56.017 4392 [        main] - INFO   i.a.k.ws.controller.InformationController   22 : Appliction Information : io.aetherit.kfashion.ws 1.0-SNAPSHOT 20200616_1844 #0
2020-06-18 10:15:56.295 4392 [        main] - INFO        o.s.s.web.DefaultSecurityFilterChain   43 : Creating filter chain: any request, [org.springframework.security.web.context.request.async.WebAsyncManagerIntegrationFilter@4d18b73a, org.springframework.security.web.context.SecurityContextPersistenceFilter@6ada9c0c, org.springframework.security.web.header.HeaderWriterFilter@6325f352, org.springframework.security.web.authentication.logout.LogoutFilter@5f2bd6d9, org.springframework.security.web.savedrequest.RequestCacheAwareFilter@6e7c351d, org.springframework.security.web.servletapi.SecurityContextHolderAwareRequestFilter@2f4e40d7, org.springframework.security.web.authentication.AnonymousAuthenticationFilter@177515d1, org.springframework.security.web.session.SessionManagementFilter@2a869a16, org.springframework.security.web.access.ExceptionTranslationFilter@2d64160c, org.springframework.security.web.access.intercept.FilterSecurityInterceptor@765ffb14]
2020-06-18 10:15:56.388 4392 [        main] - INFO     o.s.s.concurrent.ThreadPoolTaskExecutor  171 : Initializing ExecutorService 'applicationTaskExecutor'
2020-06-18 10:15:56.543 4392 [        main] - INFO  o.s.s.a.ScheduledAnnotationBeanPostProcessor  297 : No TaskScheduler/ScheduledExecutorService bean found for scheduled processing
2020-06-18 10:15:56.547 4392 [        main] - INFO  org.apache.coyote.http11.Http11NioProtocol  173 : Starting ProtocolHandler ["http-nio-8080"]
2020-06-18 10:15:56.597 4392 [        main] - INFO   o.s.b.web.embedded.tomcat.TomcatWebServer  204 : Tomcat started on port(s): 8080 (http) with context path ''
2020-06-18 10:15:56.600 4392 [        main] - INFO         io.aetherit.kfashion.ws.Application   61 : Started Application in 2.891 seconds (JVM running for 3.449)
2020-06-18 10:16:07.641 4392 [-8080-exec-1] - INFO          o.a.c.c.C.[Tomcat].[localhost].[/]  173 : Initializing Spring DispatcherServlet 'dispatcherServlet'
2020-06-18 10:16:07.642 4392 [-8080-exec-1] - INFO           o.s.web.servlet.DispatcherServlet  525 : Initializing Servlet 'dispatcherServlet'
2020-06-18 10:16:07.648 4392 [-8080-exec-1] - INFO           o.s.web.servlet.DispatcherServlet  547 : Completed initialization in 6 ms
2020-06-18 10:23:14.220 4392 [ShutdownHook] - INFO     o.s.s.concurrent.ThreadPoolTaskExecutor  208 : Shutting down ExecutorService 'applicationTaskExecutor'
2020-06-18 10:23:16.457 4475 [        main] - INFO         io.aetherit.kfashion.ws.Application   55 : Starting Application on jangseong-yeol-ui-MacBookPro.local with PID 4475 (/Users/jangseong-yeol/kfashion.ws/target/classes started by jangseong-yeol in /Users/jangseong-yeol/kfashion.ws)
2020-06-18 10:23:16.459 4475 [        main] - DEBUG        io.aetherit.kfashion.ws.Application   56 : Running with Spring Boot v2.2.4.RELEASE, Spring v5.2.3.RELEASE
2020-06-18 10:23:16.460 4475 [        main] - INFO         io.aetherit.kfashion.ws.Application  651 : No active profile set, falling back to default profiles: default
2020-06-18 10:23:17.250 4475 [        main] - INFO  o.s.c.s.PostProcessorRegistrationDelegate$BeanPostProcessorChecker  330 : Bean 'applicationConfiguration' of type [io.aetherit.kfashion.ws.configuration.ApplicationConfiguration$$EnhancerBySpringCGLIB$$717e3365] is not eligible for getting processed by all BeanPostProcessors (for example: not eligible for auto-proxying)
2020-06-18 10:23:17.517 4475 [        main] - DEBUG       i.a.k.w.c.ApplicationConfiguration$1   81 : Code archive: /Users/jangseong-yeol/.m2/repository/org/springframework/boot/spring-boot/2.2.4.RELEASE/spring-boot-2.2.4.RELEASE.jar
2020-06-18 10:23:17.517 4475 [        main] - DEBUG       i.a.k.w.c.ApplicationConfiguration$1  125 : Code archive: /Users/jangseong-yeol/.m2/repository/org/springframework/boot/spring-boot/2.2.4.RELEASE/spring-boot-2.2.4.RELEASE.jar
2020-06-18 10:23:17.518 4475 [        main] - DEBUG       i.a.k.w.c.ApplicationConfiguration$1  149 : None of the document roots [src/main/webapp, public, static] point to a directory and will be ignored.
2020-06-18 10:23:17.531 4475 [        main] - INFO   o.s.b.web.embedded.tomcat.TomcatWebServer   92 : Tomcat initialized with port(s): 8080 (http)
2020-06-18 10:23:17.536 4475 [        main] - INFO  org.apache.coyote.http11.Http11NioProtocol  173 : Initializing ProtocolHandler ["http-nio-8080"]
2020-06-18 10:23:17.537 4475 [        main] - INFO    org.apache.catalina.core.StandardService  173 : Starting service [Tomcat]
2020-06-18 10:23:17.537 4475 [        main] - INFO     org.apache.catalina.core.StandardEngine  173 : Starting Servlet engine: [Apache Tomcat/9.0.30]
2020-06-18 10:23:17.584 4475 [        main] - INFO          o.a.c.c.C.[Tomcat].[localhost].[/]  173 : Initializing Spring embedded WebApplicationContext
2020-06-18 10:23:17.584 4475 [        main] - INFO               o.s.web.context.ContextLoader  284 : Root WebApplicationContext: initialization completed in 1090 ms
2020-06-18 10:23:17.626 4475 [        main] - DEBUG            i.a.k.w.c.DatabaseConfiguration   47 : Creating DB DataSource : org.mariadb.jdbc.Driver, jdbc:mariadb://192.168.0.13:3306/kfashion, user1
2020-06-18 10:23:18.021 4475 [        main] - DEBUG         i.a.k.w.r.m.U.selectUsersWhereType  159 : ==>  Preparing: SELECT id, password, name, type, is_enabled, created_datetime, updated_datetime FROM kfashion_users WHERE type = ? ORDER BY created_datetime DESC 
2020-06-18 10:23:18.033 4475 [        main] - DEBUG         i.a.k.w.r.m.U.selectUsersWhereType  159 : ==> Parameters: Admin(String)
2020-06-18 10:23:18.051 4475 [        main] - TRACE         i.a.k.w.r.m.U.selectUsersWhereType  165 : <==    Columns: id, password, name, type, is_enabled, created_datetime, updated_datetime
2020-06-18 10:23:18.052 4475 [        main] - TRACE         i.a.k.w.r.m.U.selectUsersWhereType  165 : <==        Row: admin, {bcrypt}$2a$10$AYladbn9V26tseFXJduxXOeCvTHLP7XSRnBjN72f6tLjmLQfm.rBS, administrator, Admin, 1, 2020-06-15 10:42:05.0, 2020-06-15 10:42:05.0
2020-06-18 10:23:18.054 4475 [        main] - DEBUG         i.a.k.w.r.m.U.selectUsersWhereType  159 : <==      Total: 1
2020-06-18 10:23:18.172 4475 [        main] - INFO   i.a.k.ws.controller.InformationController   22 : Appliction Information : io.aetherit.kfashion.ws 1.0-SNAPSHOT 20200616_1844 #0
2020-06-18 10:23:18.462 4475 [        main] - INFO        o.s.s.web.DefaultSecurityFilterChain   43 : Creating filter chain: any request, [org.springframework.security.web.context.request.async.WebAsyncManagerIntegrationFilter@9679750, org.springframework.security.web.context.SecurityContextPersistenceFilter@3291b443, org.springframework.security.web.header.HeaderWriterFilter@6192a5d5, org.springframework.security.web.authentication.logout.LogoutFilter@ed91d8d, org.springframework.security.web.savedrequest.RequestCacheAwareFilter@53d13cd4, org.springframework.security.web.servletapi.SecurityContextHolderAwareRequestFilter@5578be42, org.springframework.security.web.authentication.AnonymousAuthenticationFilter@9b9a327, org.springframework.security.web.session.SessionManagementFilter@67064bdc, org.springframework.security.web.access.ExceptionTranslationFilter@2373ad99, org.springframework.security.web.access.intercept.FilterSecurityInterceptor@6920b0bc]
2020-06-18 10:23:18.555 4475 [        main] - INFO     o.s.s.concurrent.ThreadPoolTaskExecutor  171 : Initializing ExecutorService 'applicationTaskExecutor'
2020-06-18 10:23:18.714 4475 [        main] - INFO  o.s.s.a.ScheduledAnnotationBeanPostProcessor  297 : No TaskScheduler/ScheduledExecutorService bean found for scheduled processing
2020-06-18 10:23:18.719 4475 [        main] - INFO  org.apache.coyote.http11.Http11NioProtocol  173 : Starting ProtocolHandler ["http-nio-8080"]
2020-06-18 10:23:18.762 4475 [        main] - INFO   o.s.b.web.embedded.tomcat.TomcatWebServer  204 : Tomcat started on port(s): 8080 (http) with context path ''
2020-06-18 10:23:18.764 4475 [        main] - INFO         io.aetherit.kfashion.ws.Application   61 : Started Application in 2.651 seconds (JVM running for 3.243)
2020-06-18 10:27:34.759 4475 [-8080-exec-1] - INFO          o.a.c.c.C.[Tomcat].[localhost].[/]  173 : Initializing Spring DispatcherServlet 'dispatcherServlet'
2020-06-18 10:27:34.760 4475 [-8080-exec-1] - INFO           o.s.web.servlet.DispatcherServlet  525 : Initializing Servlet 'dispatcherServlet'
2020-06-18 10:27:34.766 4475 [-8080-exec-1] - INFO           o.s.web.servlet.DispatcherServlet  547 : Completed initialization in 6 ms
2020-06-18 14:27:01.615 4475 [8080-exec-12] - INFO      i.a.k.w.c.s.ControllerExceptionHandler   79 : HTTP Response [500 INTERNAL_SERVER_ERROR] to 127.0.0.1 : ErrorResponse(timestamp=2020-06-18T14:27:01.615, code=Unknown, status=500, error=Internal Server Error, message=org.springframework.security.web.authentication.WebAuthenticationDetails cannot be cast to io.aetherit.kfashion.ws.model.SimpleUser, path=/api/v1/authentications/signcheck)
2020-06-18 14:27:05.016 4475 [8080-exec-13] - DEBUG     i.a.k.w.r.mapper.UserMapper.selectUser  159 : ==>  Preparing: SELECT id, password, name, type, is_enabled, created_datetime, updated_datetime FROM kfashion_users WHERE id = ? 
2020-06-18 14:27:05.017 4475 [8080-exec-13] - DEBUG     i.a.k.w.r.mapper.UserMapper.selectUser  159 : ==> Parameters: admin(String)
2020-06-18 14:27:05.022 4475 [8080-exec-13] - TRACE     i.a.k.w.r.mapper.UserMapper.selectUser  165 : <==    Columns: id, password, name, type, is_enabled, created_datetime, updated_datetime
2020-06-18 14:27:05.023 4475 [8080-exec-13] - TRACE     i.a.k.w.r.mapper.UserMapper.selectUser  165 : <==        Row: admin, {bcrypt}$2a$10$AYladbn9V26tseFXJduxXOeCvTHLP7XSRnBjN72f6tLjmLQfm.rBS, administrator, Admin, 1, 2020-06-15 10:42:05.0, 2020-06-15 10:42:05.0
2020-06-18 14:27:05.023 4475 [8080-exec-13] - DEBUG     i.a.k.w.r.mapper.UserMapper.selectUser  159 : <==      Total: 1
2020-06-18 14:28:21.462 4475 [8080-exec-15] - DEBUG     i.a.k.w.r.mapper.UserMapper.selectUser  159 : ==>  Preparing: SELECT id, password, name, type, is_enabled, created_datetime, updated_datetime FROM kfashion_users WHERE id = ? 
2020-06-18 14:28:21.463 4475 [8080-exec-15] - DEBUG     i.a.k.w.r.mapper.UserMapper.selectUser  159 : ==> Parameters: admin(String)
2020-06-18 14:28:21.470 4475 [8080-exec-15] - TRACE     i.a.k.w.r.mapper.UserMapper.selectUser  165 : <==    Columns: id, password, name, type, is_enabled, created_datetime, updated_datetime
2020-06-18 14:28:21.470 4475 [8080-exec-15] - TRACE     i.a.k.w.r.mapper.UserMapper.selectUser  165 : <==        Row: admin, {bcrypt}$2a$10$AYladbn9V26tseFXJduxXOeCvTHLP7XSRnBjN72f6tLjmLQfm.rBS, administrator, Admin, 1, 2020-06-15 10:42:05.0, 2020-06-15 10:42:05.0
2020-06-18 14:28:21.471 4475 [8080-exec-15] - DEBUG     i.a.k.w.r.mapper.UserMapper.selectUser  159 : <==      Total: 1
2020-06-18 14:35:56.635 4475 [8080-exec-17] - DEBUG     i.a.k.w.r.mapper.UserMapper.selectUser  159 : ==>  Preparing: SELECT id, password, name, type, is_enabled, created_datetime, updated_datetime FROM kfashion_users WHERE id = ? 
2020-06-18 14:35:56.637 4475 [8080-exec-17] - DEBUG     i.a.k.w.r.mapper.UserMapper.selectUser  159 : ==> Parameters: admin(String)
2020-06-18 14:35:56.645 4475 [8080-exec-17] - TRACE     i.a.k.w.r.mapper.UserMapper.selectUser  165 : <==    Columns: id, password, name, type, is_enabled, created_datetime, updated_datetime
2020-06-18 14:35:56.646 4475 [8080-exec-17] - TRACE     i.a.k.w.r.mapper.UserMapper.selectUser  165 : <==        Row: admin, {bcrypt}$2a$10$AYladbn9V26tseFXJduxXOeCvTHLP7XSRnBjN72f6tLjmLQfm.rBS, administrator, Admin, 1, 2020-06-15 10:42:05.0, 2020-06-15 10:42:05.0
2020-06-18 14:35:56.647 4475 [8080-exec-17] - DEBUG     i.a.k.w.r.mapper.UserMapper.selectUser  159 : <==      Total: 1
2020-06-18 19:32:19.695 4475 [ShutdownHook] - INFO     o.s.s.concurrent.ThreadPoolTaskExecutor  208 : Shutting down ExecutorService 'applicationTaskExecutor'
2020-06-18 20:02:11.632 7146 [        main] - INFO         io.aetherit.kfashion.ws.Application   55 : Starting Application on jangseong-yeol-ui-MacBookPro.local with PID 7146 (/Users/jangseong-yeol/kfashion.ws/target/classes started by jangseong-yeol in /Users/jangseong-yeol/kfashion.ws)
2020-06-18 20:02:11.635 7146 [        main] - DEBUG        io.aetherit.kfashion.ws.Application   56 : Running with Spring Boot v2.2.4.RELEASE, Spring v5.2.3.RELEASE
2020-06-18 20:02:11.635 7146 [        main] - INFO         io.aetherit.kfashion.ws.Application  651 : No active profile set, falling back to default profiles: default
2020-06-18 20:02:12.329 7146 [        main] - INFO  o.s.c.s.PostProcessorRegistrationDelegate$BeanPostProcessorChecker  330 : Bean 'applicationConfiguration' of type [io.aetherit.kfashion.ws.configuration.ApplicationConfiguration$$EnhancerBySpringCGLIB$$aab761ee] is not eligible for getting processed by all BeanPostProcessors (for example: not eligible for auto-proxying)
2020-06-18 20:02:12.647 7146 [        main] - DEBUG       i.a.k.w.c.ApplicationConfiguration$1   81 : Code archive: /Users/jangseong-yeol/.m2/repository/org/springframework/boot/spring-boot/2.2.4.RELEASE/spring-boot-2.2.4.RELEASE.jar
2020-06-18 20:02:12.647 7146 [        main] - DEBUG       i.a.k.w.c.ApplicationConfiguration$1  125 : Code archive: /Users/jangseong-yeol/.m2/repository/org/springframework/boot/spring-boot/2.2.4.RELEASE/spring-boot-2.2.4.RELEASE.jar
2020-06-18 20:02:12.647 7146 [        main] - DEBUG       i.a.k.w.c.ApplicationConfiguration$1  149 : None of the document roots [src/main/webapp, public, static] point to a directory and will be ignored.
2020-06-18 20:02:12.667 7146 [        main] - INFO   o.s.b.web.embedded.tomcat.TomcatWebServer   92 : Tomcat initialized with port(s): 8080 (http)
2020-06-18 20:02:12.675 7146 [        main] - INFO  org.apache.coyote.http11.Http11NioProtocol  173 : Initializing ProtocolHandler ["http-nio-8080"]
2020-06-18 20:02:12.675 7146 [        main] - INFO    org.apache.catalina.core.StandardService  173 : Starting service [Tomcat]
2020-06-18 20:02:12.676 7146 [        main] - INFO     org.apache.catalina.core.StandardEngine  173 : Starting Servlet engine: [Apache Tomcat/9.0.30]
2020-06-18 20:02:12.729 7146 [        main] - INFO          o.a.c.c.C.[Tomcat].[localhost].[/]  173 : Initializing Spring embedded WebApplicationContext
2020-06-18 20:02:12.729 7146 [        main] - INFO               o.s.web.context.ContextLoader  284 : Root WebApplicationContext: initialization completed in 1065 ms
2020-06-18 20:02:12.769 7146 [        main] - DEBUG            i.a.k.w.c.DatabaseConfiguration   47 : Creating DB DataSource : org.mariadb.jdbc.Driver, jdbc:mariadb://192.168.0.13:3306/kfashion, user1
2020-06-18 20:02:13.601 7146 [        main] - DEBUG         i.a.k.w.r.m.U.selectUsersWhereType  159 : ==>  Preparing: SELECT id, password, name, type, is_enabled, created_datetime, updated_datetime FROM kfashion_users WHERE type = ? ORDER BY created_datetime DESC 
2020-06-18 20:02:13.614 7146 [        main] - DEBUG         i.a.k.w.r.m.U.selectUsersWhereType  159 : ==> Parameters: Admin(String)
2020-06-18 20:02:13.631 7146 [        main] - TRACE         i.a.k.w.r.m.U.selectUsersWhereType  165 : <==    Columns: id, password, name, type, is_enabled, created_datetime, updated_datetime
2020-06-18 20:02:13.632 7146 [        main] - TRACE         i.a.k.w.r.m.U.selectUsersWhereType  165 : <==        Row: admin, {bcrypt}$2a$10$AYladbn9V26tseFXJduxXOeCvTHLP7XSRnBjN72f6tLjmLQfm.rBS, administrator, Admin, 1, 2020-06-15 10:42:05.0, 2020-06-15 10:42:05.0
2020-06-18 20:02:13.634 7146 [        main] - DEBUG         i.a.k.w.r.m.U.selectUsersWhereType  159 : <==      Total: 1
2020-06-18 20:02:13.761 7146 [        main] - INFO   i.a.k.ws.controller.InformationController   22 : Appliction Information : io.aetherit.kfashion.ws 1.0-SNAPSHOT 20200616_1844 #0
2020-06-18 20:02:14.118 7146 [        main] - INFO        o.s.s.web.DefaultSecurityFilterChain   43 : Creating filter chain: any request, [org.springframework.security.web.context.request.async.WebAsyncManagerIntegrationFilter@5922d3e9, org.springframework.security.web.context.SecurityContextPersistenceFilter@6b6b3572, org.springframework.security.web.header.HeaderWriterFilter@7c2dfa2, org.springframework.security.web.authentication.logout.LogoutFilter@f1868c9, org.springframework.security.web.savedrequest.RequestCacheAwareFilter@444f44c5, org.springframework.security.web.servletapi.SecurityContextHolderAwareRequestFilter@2d5ef498, org.springframework.security.web.authentication.AnonymousAuthenticationFilter@7d57dbb5, org.springframework.security.web.session.SessionManagementFilter@4fa822ad, org.springframework.security.web.access.ExceptionTranslationFilter@79b2852b, org.springframework.security.web.access.intercept.FilterSecurityInterceptor@6504a875]
2020-06-18 20:02:14.213 7146 [        main] - INFO     o.s.s.concurrent.ThreadPoolTaskExecutor  171 : Initializing ExecutorService 'applicationTaskExecutor'
2020-06-18 20:02:14.388 7146 [        main] - INFO  o.s.s.a.ScheduledAnnotationBeanPostProcessor  297 : No TaskScheduler/ScheduledExecutorService bean found for scheduled processing
2020-06-18 20:02:14.393 7146 [        main] - INFO  org.apache.coyote.http11.Http11NioProtocol  173 : Starting ProtocolHandler ["http-nio-8080"]
2020-06-18 20:02:14.458 7146 [        main] - INFO   o.s.b.web.embedded.tomcat.TomcatWebServer  204 : Tomcat started on port(s): 8080 (http) with context path ''
2020-06-18 20:02:14.461 7146 [        main] - INFO         io.aetherit.kfashion.ws.Application   61 : Started Application in 3.15 seconds (JVM running for 3.693)
2020-06-18 20:03:06.740 7146 [-8080-exec-1] - INFO          o.a.c.c.C.[Tomcat].[localhost].[/]  173 : Initializing Spring DispatcherServlet 'dispatcherServlet'
2020-06-18 20:03:06.740 7146 [-8080-exec-1] - INFO           o.s.web.servlet.DispatcherServlet  525 : Initializing Servlet 'dispatcherServlet'
2020-06-18 20:03:06.748 7146 [-8080-exec-1] - INFO           o.s.web.servlet.DispatcherServlet  547 : Completed initialization in 8 ms
2020-06-18 20:03:06.810 7146 [-8080-exec-1] - INFO      i.a.k.w.c.s.ControllerExceptionHandler   79 : HTTP Response [500 INTERNAL_SERVER_ERROR] to 127.0.0.1 : ErrorResponse(timestamp=2020-06-18T20:03:06.810, code=Unknown, status=500, error=Internal Server Error, message=org.springframework.security.web.authentication.WebAuthenticationDetails cannot be cast to io.aetherit.kfashion.ws.model.SimpleUser, path=/api/v1/authentications/signcheck)
2020-06-18 20:03:11.036 7146 [-8080-exec-2] - DEBUG     i.a.k.w.r.mapper.UserMapper.selectUser  159 : ==>  Preparing: SELECT id, password, name, type, is_enabled, created_datetime, updated_datetime FROM kfashion_users WHERE id = ? 
2020-06-18 20:03:11.037 7146 [-8080-exec-2] - DEBUG     i.a.k.w.r.mapper.UserMapper.selectUser  159 : ==> Parameters: admin(String)
2020-06-18 20:03:11.041 7146 [-8080-exec-2] - TRACE     i.a.k.w.r.mapper.UserMapper.selectUser  165 : <==    Columns: id, password, name, type, is_enabled, created_datetime, updated_datetime
2020-06-18 20:03:11.041 7146 [-8080-exec-2] - TRACE     i.a.k.w.r.mapper.UserMapper.selectUser  165 : <==        Row: admin, {bcrypt}$2a$10$AYladbn9V26tseFXJduxXOeCvTHLP7XSRnBjN72f6tLjmLQfm.rBS, administrator, Admin, 1, 2020-06-15 10:42:05.0, 2020-06-15 10:42:05.0
2020-06-18 20:03:11.042 7146 [-8080-exec-2] - DEBUG     i.a.k.w.r.mapper.UserMapper.selectUser  159 : <==      Total: 1
2020-06-18 20:04:42.938 7146 [-8080-exec-5] - DEBUG  i.a.k.w.r.m.KfashionColorMapper.colorList  159 : ==>  Preparing: select color_name, color_hexcode, color_rgb from kfashion_color 
2020-06-18 20:04:42.941 7146 [-8080-exec-5] - DEBUG  i.a.k.w.r.m.KfashionColorMapper.colorList  159 : ==> Parameters: 
2020-06-18 20:04:42.947 7146 [-8080-exec-5] - TRACE  i.a.k.w.r.m.KfashionColorMapper.colorList  165 : <==    Columns: color_name, color_hexcode, color_rgb
2020-06-18 20:04:42.948 7146 [-8080-exec-5] - TRACE  i.a.k.w.r.m.KfashionColorMapper.colorList  165 : <==        Row: block, #000000, (0,0,0)
2020-06-18 20:04:42.950 7146 [-8080-exec-5] - TRACE  i.a.k.w.r.m.KfashionColorMapper.colorList  165 : <==        Row: Gray, #808080, (128,128,128)
2020-06-18 20:04:42.951 7146 [-8080-exec-5] - TRACE  i.a.k.w.r.m.KfashionColorMapper.colorList  165 : <==        Row: Silver, #COCOCO, (192,192,192)
2020-06-18 20:04:42.952 7146 [-8080-exec-5] - TRACE  i.a.k.w.r.m.KfashionColorMapper.colorList  165 : <==        Row: White, #FFFFFF, (255,255,255)
2020-06-18 20:04:42.952 7146 [-8080-exec-5] - TRACE  i.a.k.w.r.m.KfashionColorMapper.colorList  165 : <==        Row: Red, #FF0000, (255,0,0)
2020-06-18 20:04:42.952 7146 [-8080-exec-5] - TRACE  i.a.k.w.r.m.KfashionColorMapper.colorList  165 : <==        Row: Maroon, #800000, (128,0,0)
2020-06-18 20:04:42.953 7146 [-8080-exec-5] - TRACE  i.a.k.w.r.m.KfashionColorMapper.colorList  165 : <==        Row: Yellow, #FFFF00, (255,255,0)
2020-06-18 20:04:42.953 7146 [-8080-exec-5] - TRACE  i.a.k.w.r.m.KfashionColorMapper.colorList  165 : <==        Row: Olive, #808000, (128,128,0)
2020-06-18 20:04:42.954 7146 [-8080-exec-5] - TRACE  i.a.k.w.r.m.KfashionColorMapper.colorList  165 : <==        Row: Lime, #00FF00, (0,255,0)
2020-06-18 20:04:42.954 7146 [-8080-exec-5] - TRACE  i.a.k.w.r.m.KfashionColorMapper.colorList  165 : <==        Row: Green, #008000, (0,128,0)
2020-06-18 20:04:42.955 7146 [-8080-exec-5] - TRACE  i.a.k.w.r.m.KfashionColorMapper.colorList  165 : <==        Row: Cyan, #00FFFF, (0,255,255)
2020-06-18 20:04:42.955 7146 [-8080-exec-5] - TRACE  i.a.k.w.r.m.KfashionColorMapper.colorList  165 : <==        Row: Teal, #008080, (0,128,128)
2020-06-18 20:04:42.956 7146 [-8080-exec-5] - TRACE  i.a.k.w.r.m.KfashionColorMapper.colorList  165 : <==        Row: Blue, #0000FF, (0,0,255)
2020-06-18 20:04:42.956 7146 [-8080-exec-5] - TRACE  i.a.k.w.r.m.KfashionColorMapper.colorList  165 : <==        Row: Navy, #000080, (0,0,128)
2020-06-18 20:04:42.957 7146 [-8080-exec-5] - TRACE  i.a.k.w.r.m.KfashionColorMapper.colorList  165 : <==        Row: Magenta, #FF00FF, (255,0,255)
2020-06-18 20:04:42.957 7146 [-8080-exec-5] - TRACE  i.a.k.w.r.m.KfashionColorMapper.colorList  165 : <==        Row: Purple, #800080, (128,0,128)
2020-06-18 20:04:42.958 7146 [-8080-exec-5] - DEBUG  i.a.k.w.r.m.KfashionColorMapper.colorList  159 : <==      Total: 16
2020-06-18 20:04:43.028 7146 [-8080-exec-6] - WARN  o.springframework.web.servlet.PageNotFound 1251 : No mapping for GET /favicon.ico
2020-06-18 20:04:43.029 7146 [-8080-exec-6] - INFO      i.a.k.w.c.s.ControllerExceptionHandler   79 : HTTP Response [404 NOT_FOUND] to 0:0:0:0:0:0:0:1 : ErrorResponse(timestamp=2020-06-18T20:04:43.029, code=Unknown, status=404, error=Not Found, message=No handler found for GET /favicon.ico, path=/favicon.ico)
2020-06-18 20:24:22.890 7146 [8080-exec-14] - DEBUG  i.a.k.w.r.m.KfashionColorMapper.colorList  159 : ==>  Preparing: select color_name, color_hexcode, color_rgb from kfashion_color 
2020-06-18 20:24:22.892 7146 [8080-exec-14] - DEBUG  i.a.k.w.r.m.KfashionColorMapper.colorList  159 : ==> Parameters: 
2020-06-18 20:24:22.897 7146 [8080-exec-14] - TRACE  i.a.k.w.r.m.KfashionColorMapper.colorList  165 : <==    Columns: color_name, color_hexcode, color_rgb
2020-06-18 20:24:22.898 7146 [8080-exec-14] - TRACE  i.a.k.w.r.m.KfashionColorMapper.colorList  165 : <==        Row: block, #000000, (0,0,0)
2020-06-18 20:24:22.900 7146 [8080-exec-14] - TRACE  i.a.k.w.r.m.KfashionColorMapper.colorList  165 : <==        Row: Gray, #808080, (128,128,128)
2020-06-18 20:24:22.900 7146 [8080-exec-14] - TRACE  i.a.k.w.r.m.KfashionColorMapper.colorList  165 : <==        Row: Silver, #COCOCO, (192,192,192)
2020-06-18 20:24:22.901 7146 [8080-exec-14] - TRACE  i.a.k.w.r.m.KfashionColorMapper.colorList  165 : <==        Row: White, #FFFFFF, (255,255,255)
2020-06-18 20:24:22.901 7146 [8080-exec-14] - TRACE  i.a.k.w.r.m.KfashionColorMapper.colorList  165 : <==        Row: Red, #FF0000, (255,0,0)
2020-06-18 20:24:22.902 7146 [8080-exec-14] - TRACE  i.a.k.w.r.m.KfashionColorMapper.colorList  165 : <==        Row: Maroon, #800000, (128,0,0)
2020-06-18 20:24:22.902 7146 [8080-exec-14] - TRACE  i.a.k.w.r.m.KfashionColorMapper.colorList  165 : <==        Row: Yellow, #FFFF00, (255,255,0)
2020-06-18 20:24:22.903 7146 [8080-exec-14] - TRACE  i.a.k.w.r.m.KfashionColorMapper.colorList  165 : <==        Row: Olive, #808000, (128,128,0)
2020-06-18 20:24:22.903 7146 [8080-exec-14] - TRACE  i.a.k.w.r.m.KfashionColorMapper.colorList  165 : <==        Row: Lime, #00FF00, (0,255,0)
2020-06-18 20:24:22.903 7146 [8080-exec-14] - TRACE  i.a.k.w.r.m.KfashionColorMapper.colorList  165 : <==        Row: Green, #008000, (0,128,0)
2020-06-18 20:24:22.904 7146 [8080-exec-14] - TRACE  i.a.k.w.r.m.KfashionColorMapper.colorList  165 : <==        Row: Cyan, #00FFFF, (0,255,255)
2020-06-18 20:24:22.904 7146 [8080-exec-14] - TRACE  i.a.k.w.r.m.KfashionColorMapper.colorList  165 : <==        Row: Teal, #008080, (0,128,128)
2020-06-18 20:24:22.904 7146 [8080-exec-14] - TRACE  i.a.k.w.r.m.KfashionColorMapper.colorList  165 : <==        Row: Blue, #0000FF, (0,0,255)
2020-06-18 20:24:22.905 7146 [8080-exec-14] - TRACE  i.a.k.w.r.m.KfashionColorMapper.colorList  165 : <==        Row: Navy, #000080, (0,0,128)
2020-06-18 20:24:22.905 7146 [8080-exec-14] - TRACE  i.a.k.w.r.m.KfashionColorMapper.colorList  165 : <==        Row: Magenta, #FF00FF, (255,0,255)
2020-06-18 20:24:22.905 7146 [8080-exec-14] - TRACE  i.a.k.w.r.m.KfashionColorMapper.colorList  165 : <==        Row: Purple, #800080, (128,0,128)
2020-06-18 20:24:22.906 7146 [8080-exec-14] - DEBUG  i.a.k.w.r.m.KfashionColorMapper.colorList  159 : <==      Total: 16
2020-06-18 21:04:44.951 7146 [ShutdownHook] - INFO     o.s.s.concurrent.ThreadPoolTaskExecutor  208 : Shutting down ExecutorService 'applicationTaskExecutor'
