2020-07-02 00:55:27.267 38593 [l-2-thread-1] - ERROR      o.s.s.s.TaskUtils$LoggingErrorHandler   95 : Unexpected error occurred in scheduled task
org.springframework.transaction.CannotCreateTransactionException: Could not open JDBC Connection for transaction; nested exception is java.sql.SQLTransientConnectionException: HikariPool-1 - Connection is not available, request timed out after 30131ms.
	at org.springframework.jdbc.datasource.DataSourceTransactionManager.doBegin(DataSourceTransactionManager.java:307)
	at org.springframework.transaction.support.AbstractPlatformTransactionManager.getTransaction(AbstractPlatformTransactionManager.java:376)
	at org.springframework.transaction.support.TransactionTemplate.execute(TransactionTemplate.java:137)
	at org.springframework.session.jdbc.JdbcIndexedSessionRepository.cleanUpExpiredSessions(JdbcIndexedSessionRepository.java:553)
	at org.springframework.scheduling.support.DelegatingErrorHandlingRunnable.run(DelegatingErrorHandlingRunnable.java:54)
	at org.springframework.scheduling.concurrent.ReschedulingRunnable.run(ReschedulingRunnable.java:93)
	at java.util.concurrent.Executors$RunnableAdapter.call(Executors.java:511)
	at java.util.concurrent.FutureTask.run(FutureTask.java:266)
	at java.util.concurrent.ScheduledThreadPoolExecutor$ScheduledFutureTask.access$201(ScheduledThreadPoolExecutor.java:180)
	at java.util.concurrent.ScheduledThreadPoolExecutor$ScheduledFutureTask.run(ScheduledThreadPoolExecutor.java:293)
	at java.util.concurrent.ThreadPoolExecutor.runWorker(ThreadPoolExecutor.java:1149)
	at java.util.concurrent.ThreadPoolExecutor$Worker.run(ThreadPoolExecutor.java:624)
	at java.lang.Thread.run(Thread.java:748)
Caused by: java.sql.SQLTransientConnectionException: HikariPool-1 - Connection is not available, request timed out after 30131ms.
	at com.zaxxer.hikari.pool.HikariPool.createTimeoutException(HikariPool.java:689)
	at com.zaxxer.hikari.pool.HikariPool.getConnection(HikariPool.java:196)
	at com.zaxxer.hikari.pool.HikariPool.getConnection(HikariPool.java:161)
	at com.zaxxer.hikari.HikariDataSource.getConnection(HikariDataSource.java:128)
	at org.springframework.jdbc.datasource.DataSourceTransactionManager.doBegin(DataSourceTransactionManager.java:263)
	... 12 common frames omitted
Caused by: java.sql.SQLException: Connection.setNetworkTimeout cannot be called on a closed connection
	at org.mariadb.jdbc.internal.util.exceptions.ExceptionMapper.getSqlException(ExceptionMapper.java:277)
	at org.mariadb.jdbc.MariaDbConnection.setNetworkTimeout(MariaDbConnection.java:1700)
	at com.zaxxer.hikari.pool.PoolBase.setNetworkTimeout(PoolBase.java:556)
	at com.zaxxer.hikari.pool.PoolBase.isConnectionAlive(PoolBase.java:169)
	at com.zaxxer.hikari.pool.HikariPool.getConnection(HikariPool.java:185)
	... 15 common frames omitted
2020-07-02 06:57:14.467 38593 [l-2-thread-1] - ERROR      o.s.s.s.TaskUtils$LoggingErrorHandler   95 : Unexpected error occurred in scheduled task
org.springframework.transaction.CannotCreateTransactionException: Could not open JDBC Connection for transaction; nested exception is java.sql.SQLTransientConnectionException: HikariPool-1 - Connection is not available, request timed out after 7217271ms.
	at org.springframework.jdbc.datasource.DataSourceTransactionManager.doBegin(DataSourceTransactionManager.java:307)
	at org.springframework.transaction.support.AbstractPlatformTransactionManager.getTransaction(AbstractPlatformTransactionManager.java:376)
	at org.springframework.transaction.support.TransactionTemplate.execute(TransactionTemplate.java:137)
	at org.springframework.session.jdbc.JdbcIndexedSessionRepository.cleanUpExpiredSessions(JdbcIndexedSessionRepository.java:553)
	at org.springframework.scheduling.support.DelegatingErrorHandlingRunnable.run(DelegatingErrorHandlingRunnable.java:54)
	at org.springframework.scheduling.concurrent.ReschedulingRunnable.run(ReschedulingRunnable.java:93)
	at java.util.concurrent.Executors$RunnableAdapter.call(Executors.java:511)
	at java.util.concurrent.FutureTask.run(FutureTask.java:266)
	at java.util.concurrent.ScheduledThreadPoolExecutor$ScheduledFutureTask.access$201(ScheduledThreadPoolExecutor.java:180)
	at java.util.concurrent.ScheduledThreadPoolExecutor$ScheduledFutureTask.run(ScheduledThreadPoolExecutor.java:293)
	at java.util.concurrent.ThreadPoolExecutor.runWorker(ThreadPoolExecutor.java:1149)
	at java.util.concurrent.ThreadPoolExecutor$Worker.run(ThreadPoolExecutor.java:624)
	at java.lang.Thread.run(Thread.java:748)
Caused by: java.sql.SQLTransientConnectionException: HikariPool-1 - Connection is not available, request timed out after 7217271ms.
	at com.zaxxer.hikari.pool.HikariPool.createTimeoutException(HikariPool.java:689)
	at com.zaxxer.hikari.pool.HikariPool.getConnection(HikariPool.java:196)
	at com.zaxxer.hikari.pool.HikariPool.getConnection(HikariPool.java:161)
	at com.zaxxer.hikari.HikariDataSource.getConnection(HikariDataSource.java:128)
	at org.springframework.jdbc.datasource.DataSourceTransactionManager.doBegin(DataSourceTransactionManager.java:263)
	... 12 common frames omitted
Caused by: java.sql.SQLException: Connection.setNetworkTimeout cannot be called on a closed connection
	at org.mariadb.jdbc.internal.util.exceptions.ExceptionMapper.getSqlException(ExceptionMapper.java:277)
	at org.mariadb.jdbc.MariaDbConnection.setNetworkTimeout(MariaDbConnection.java:1700)
	at com.zaxxer.hikari.pool.PoolBase.setNetworkTimeout(PoolBase.java:556)
	at com.zaxxer.hikari.pool.PoolBase.isConnectionAlive(PoolBase.java:169)
	at com.zaxxer.hikari.pool.HikariPool.getConnection(HikariPool.java:185)
	... 15 common frames omitted
2020-07-02 08:58:05.335 38593 [l-2-thread-1] - ERROR      o.s.s.s.TaskUtils$LoggingErrorHandler   95 : Unexpected error occurred in scheduled task
org.springframework.transaction.CannotCreateTransactionException: Could not open JDBC Connection for transaction; nested exception is java.sql.SQLTransientConnectionException: HikariPool-1 - Connection is not available, request timed out after 7205314ms.
	at org.springframework.jdbc.datasource.DataSourceTransactionManager.doBegin(DataSourceTransactionManager.java:307)
	at org.springframework.transaction.support.AbstractPlatformTransactionManager.getTransaction(AbstractPlatformTransactionManager.java:376)
	at org.springframework.transaction.support.TransactionTemplate.execute(TransactionTemplate.java:137)
	at org.springframework.session.jdbc.JdbcIndexedSessionRepository.cleanUpExpiredSessions(JdbcIndexedSessionRepository.java:553)
	at org.springframework.scheduling.support.DelegatingErrorHandlingRunnable.run(DelegatingErrorHandlingRunnable.java:54)
	at org.springframework.scheduling.concurrent.ReschedulingRunnable.run(ReschedulingRunnable.java:93)
	at java.util.concurrent.Executors$RunnableAdapter.call(Executors.java:511)
	at java.util.concurrent.FutureTask.run(FutureTask.java:266)
	at java.util.concurrent.ScheduledThreadPoolExecutor$ScheduledFutureTask.access$201(ScheduledThreadPoolExecutor.java:180)
	at java.util.concurrent.ScheduledThreadPoolExecutor$ScheduledFutureTask.run(ScheduledThreadPoolExecutor.java:293)
	at java.util.concurrent.ThreadPoolExecutor.runWorker(ThreadPoolExecutor.java:1149)
	at java.util.concurrent.ThreadPoolExecutor$Worker.run(ThreadPoolExecutor.java:624)
	at java.lang.Thread.run(Thread.java:748)
Caused by: java.sql.SQLTransientConnectionException: HikariPool-1 - Connection is not available, request timed out after 7205314ms.
	at com.zaxxer.hikari.pool.HikariPool.createTimeoutException(HikariPool.java:689)
	at com.zaxxer.hikari.pool.HikariPool.getConnection(HikariPool.java:196)
	at com.zaxxer.hikari.pool.HikariPool.getConnection(HikariPool.java:161)
	at com.zaxxer.hikari.HikariDataSource.getConnection(HikariDataSource.java:128)
	at org.springframework.jdbc.datasource.DataSourceTransactionManager.doBegin(DataSourceTransactionManager.java:263)
	... 12 common frames omitted
Caused by: java.sql.SQLException: Connection.setNetworkTimeout cannot be called on a closed connection
	at org.mariadb.jdbc.internal.util.exceptions.ExceptionMapper.getSqlException(ExceptionMapper.java:277)
	at org.mariadb.jdbc.MariaDbConnection.setNetworkTimeout(MariaDbConnection.java:1700)
	at com.zaxxer.hikari.pool.PoolBase.setNetworkTimeout(PoolBase.java:556)
	at com.zaxxer.hikari.pool.PoolBase.isConnectionAlive(PoolBase.java:169)
	at com.zaxxer.hikari.pool.HikariPool.getConnection(HikariPool.java:185)
	... 15 common frames omitted
2020-07-02 10:07:22.220 38593 [8080-exec-19] - INFO      i.a.k.w.c.s.ControllerExceptionHandler   79 : HTTP Response [500 INTERNAL_SERVER_ERROR] to 127.0.0.1 : ErrorResponse(timestamp=2020-07-02T10:07:22.220, code=Unknown, status=500, error=Internal Server Error, message=org.springframework.security.web.authentication.WebAuthenticationDetails cannot be cast to io.aetherit.kfashion.ws.model.KfashionSimpleUser, path=/api/v1/kfashion/authentications/signcheck)
2020-07-02 10:07:23.573 38593 [8080-exec-20] - DEBUG                   i.a.k.w.r.m.K.selectUser  159 : ==>  Preparing: SELECT id, password, name, is_admin, is_approved, created_datetime, updated_datetime FROM kfashion_user_info WHERE id = ? 
2020-07-02 10:07:23.574 38593 [8080-exec-20] - DEBUG                   i.a.k.w.r.m.K.selectUser  159 : ==> Parameters: admin(String)
2020-07-02 10:07:23.789 38593 [8080-exec-20] - TRACE                   i.a.k.w.r.m.K.selectUser  165 : <==    Columns: id, password, name, is_admin, is_approved, created_datetime, updated_datetime
2020-07-02 10:07:23.791 38593 [8080-exec-20] - TRACE                   i.a.k.w.r.m.K.selectUser  165 : <==        Row: admin, {bcrypt}$2a$10$.nj8ne9ZRvs/fQ6qt8khyefVHhULl8gHL5o8B2KYzZ7bDI22tJ4nG, administrator, Y, Y, 2020-06-23 11:46:43.0, 2020-06-23 11:46:43.0
2020-07-02 10:07:23.792 38593 [8080-exec-20] - DEBUG                   i.a.k.w.r.m.K.selectUser  159 : <==      Total: 1
2020-07-02 10:07:27.209 38593 [8080-exec-21] - DEBUG           i.a.k.w.r.m.K.selectBoundaryList  159 : ==>  Preparing: SELECT kfashion_image.work_no, kfashion_image.created_datetime, kfashion_work.work_name, kfashion_image.img_data, kfashion_work_history.created_id FROM kfashion_image LEFT JOIN kfashion_work_history on kfashion_image.work_no = kfashion_work_history.work_no RIGHT JOIN kfashion_work ON kfashion_image.work_no = kfashion_work.no 
2020-07-02 10:07:27.210 38593 [8080-exec-21] - DEBUG           i.a.k.w.r.m.K.selectBoundaryList  159 : ==> Parameters: 
2020-07-02 10:07:30.303 38593 [8080-exec-21] - TRACE           i.a.k.w.r.m.K.selectBoundaryList  165 : <==    Columns: work_no, created_datetime, work_name, img_data, created_id
2020-07-02 10:07:30.304 38593 [8080-exec-21] - TRACE           i.a.k.w.r.m.K.selectBoundaryList  165 : <==        Row: null, null, labeling1.png, <<BLOB>>, null
2020-07-02 10:07:30.305 38593 [8080-exec-21] - TRACE           i.a.k.w.r.m.K.selectBoundaryList  165 : <==        Row: null, null, oclavi-bounding-box-mac.png, <<BLOB>>, null
2020-07-02 10:07:30.306 38593 [8080-exec-21] - TRACE           i.a.k.w.r.m.K.selectBoundaryList  165 : <==        Row: null, null, image-1.png, <<BLOB>>, null
2020-07-02 10:07:30.306 38593 [8080-exec-21] - TRACE           i.a.k.w.r.m.K.selectBoundaryList  165 : <==        Row: null, null, kfashion.png, <<BLOB>>, null
2020-07-02 10:07:30.307 38593 [8080-exec-21] - TRACE           i.a.k.w.r.m.K.selectBoundaryList  165 : <==        Row: null, null, 스크린샷 2020-06-18 오후 2.20.29.png, <<BLOB>>, null
2020-07-02 10:07:30.307 38593 [8080-exec-21] - TRACE           i.a.k.w.r.m.K.selectBoundaryList  165 : <==        Row: null, null, Labelbox.png, <<BLOB>>, null
2020-07-02 10:07:30.308 38593 [8080-exec-21] - TRACE           i.a.k.w.r.m.K.selectBoundaryList  165 : <==        Row: null, null, labeling1.png, <<BLOB>>, null
2020-07-02 10:07:30.308 38593 [8080-exec-21] - TRACE           i.a.k.w.r.m.K.selectBoundaryList  165 : <==        Row: null, null, cloth.jpg, <<BLOB>>, null
2020-07-02 10:07:30.309 38593 [8080-exec-21] - TRACE           i.a.k.w.r.m.K.selectBoundaryList  165 : <==        Row: null, null, Labelbox.png, <<BLOB>>, null
2020-07-02 10:07:30.309 38593 [8080-exec-21] - TRACE           i.a.k.w.r.m.K.selectBoundaryList  165 : <==        Row: null, null, images (1).jpeg, <<BLOB>>, null
2020-07-02 10:07:30.310 38593 [8080-exec-21] - TRACE           i.a.k.w.r.m.K.selectBoundaryList  165 : <==        Row: 11, 2020-06-29 17:36:21.0, hot-air-balloons-4381674_1920.jpg, <<BLOB>>, admin
2020-07-02 10:07:30.310 38593 [8080-exec-21] - TRACE           i.a.k.w.r.m.K.selectBoundaryList  165 : <==        Row: 12, 2020-06-29 17:47:20.0, f5857961-ad4c-46f2-ac20-ad272ab8214b_hot-air-balloons-4381674_1920.jpg, <<BLOB>>, admin
2020-07-02 10:07:30.311 38593 [8080-exec-21] - TRACE           i.a.k.w.r.m.K.selectBoundaryList  165 : <==        Row: 13, 2020-06-29 17:47:20.0, 84fbdfef-05f9-4cd7-9b91-f4e35c2e9e89_images (1).jpeg, <<BLOB>>, admin
2020-07-02 10:07:30.311 38593 [8080-exec-21] - TRACE           i.a.k.w.r.m.K.selectBoundaryList  165 : <==        Row: 14, 2020-06-29 17:47:20.0, ccdebb34-ad97-436e-8743-90e51039d9b1_images.jpeg, <<BLOB>>, admin
2020-07-02 10:07:30.312 38593 [8080-exec-21] - TRACE           i.a.k.w.r.m.K.selectBoundaryList  165 : <==        Row: 15, 2020-06-30 18:45:00.0, 72c46fe0-d719-4054-bf2e-ce55c001ca5f_hot-air-balloons-4381674_1920.jpg, <<BLOB>>, admin
2020-07-02 10:07:30.312 38593 [8080-exec-21] - TRACE           i.a.k.w.r.m.K.selectBoundaryList  165 : <==        Row: 16, 2020-06-30 18:45:00.0, 35bd0f62-38fc-4be5-ba27-8ef71b1e3ab8_images (1).jpeg, <<BLOB>>, admin
2020-07-02 10:07:30.313 38593 [8080-exec-21] - TRACE           i.a.k.w.r.m.K.selectBoundaryList  165 : <==        Row: 17, 2020-06-30 18:45:00.0, 784bb200-9915-462f-b828-8345e6bb9eba_images.jpeg, <<BLOB>>, admin
2020-07-02 10:07:30.313 38593 [8080-exec-21] - TRACE           i.a.k.w.r.m.K.selectBoundaryList  165 : <==        Row: null, null, labeling1.png, <<BLOB>>, null
2020-07-02 10:07:30.313 38593 [8080-exec-21] - TRACE           i.a.k.w.r.m.K.selectBoundaryList  165 : <==        Row: 19, 2020-07-01 10:48:16.0, 티셔츠.jpeg, <<BLOB>>, null
2020-07-02 10:07:30.314 38593 [8080-exec-21] - TRACE           i.a.k.w.r.m.K.selectBoundaryList  165 : <==        Row: null, null, 티셔츠.jpeg, <<BLOB>>, null
2020-07-02 10:07:30.314 38593 [8080-exec-21] - TRACE           i.a.k.w.r.m.K.selectBoundaryList  165 : <==        Row: 21, 2020-07-01 10:50:54.0, 티셔츠111.jpeg, <<BLOB>>, null
2020-07-02 10:07:30.314 38593 [8080-exec-21] - TRACE           i.a.k.w.r.m.K.selectBoundaryList  165 : <==        Row: 22, 2020-07-01 10:52:45.0, 티셔츠2.jpeg, <<BLOB>>, [object Object]
2020-07-02 10:07:30.315 38593 [8080-exec-21] - TRACE           i.a.k.w.r.m.K.selectBoundaryList  165 : <==        Row: 23, 2020-07-01 11:03:00.0, 5809ba07-9b81-4387-9f76-2a4b80a8ec7a_images (1).jpeg, <<BLOB>>, undefined
2020-07-02 10:07:30.315 38593 [8080-exec-21] - TRACE           i.a.k.w.r.m.K.selectBoundaryList  165 : <==        Row: 24, 2020-07-01 11:04:02.0, 4e52cfa4-7942-4792-85d1-35f2fa1189b7_hot-air-balloons-4381674_1920.jpg, <<BLOB>>, admin
2020-07-02 10:07:30.315 38593 [8080-exec-21] - TRACE           i.a.k.w.r.m.K.selectBoundaryList  165 : <==        Row: 25, 2020-07-01 11:12:01.0, 티셔츠3.jpeg, <<BLOB>>, admin
2020-07-02 10:07:30.316 38593 [8080-exec-21] - TRACE           i.a.k.w.r.m.K.selectBoundaryList  165 : <==        Row: null, null, labeling1.png, <<BLOB>>, null
2020-07-02 10:07:30.316 38593 [8080-exec-21] - TRACE           i.a.k.w.r.m.K.selectBoundaryList  165 : <==        Row: null, null, 티셔츠3.jpeg, <<BLOB>>, null
2020-07-02 10:07:30.316 38593 [8080-exec-21] - TRACE           i.a.k.w.r.m.K.selectBoundaryList  165 : <==        Row: 28, 2020-07-01 11:16:04.0, ae98ce1c-6da4-466f-84d7-45a0cc5db24a_images (1).jpeg, <<BLOB>>, undefined
2020-07-02 10:07:30.317 38593 [8080-exec-21] - TRACE           i.a.k.w.r.m.K.selectBoundaryList  165 : <==        Row: 29, 2020-07-01 11:16:37.0, 493e103f-f06a-4072-bcc1-e80c2eadee21_KakaoTalk_Photo_2020-06-15-16-04-31.jpeg, <<BLOB>>, undefined
2020-07-02 10:07:30.317 38593 [8080-exec-21] - TRACE           i.a.k.w.r.m.K.selectBoundaryList  165 : <==        Row: 30, 2020-07-01 11:16:56.0, 티셔츠444.jpeg, <<BLOB>>, undefined
2020-07-02 10:07:30.317 38593 [8080-exec-21] - TRACE           i.a.k.w.r.m.K.selectBoundaryList  165 : <==        Row: 31, 2020-07-01 11:17:09.0, 53387a61-ca29-4b38-b7fb-3b7f0cee0675_KakaoTalk_Photo_2020-06-15-16-04-46.jpeg, <<BLOB>>, jang6845
2020-07-02 10:07:30.318 38593 [8080-exec-21] - TRACE           i.a.k.w.r.m.K.selectBoundaryList  165 : <==        Row: 32, 2020-07-01 11:19:11.0, 08dbc9ad-b0d1-49a1-b381-915528709d75_images (1).jpeg, <<BLOB>>, jang6845
2020-07-02 10:07:30.318 38593 [8080-exec-21] - TRACE           i.a.k.w.r.m.K.selectBoundaryList  165 : <==        Row: null, null, 티셔츠444.jpeg, <<BLOB>>, null
2020-07-02 10:07:30.318 38593 [8080-exec-21] - TRACE           i.a.k.w.r.m.K.selectBoundaryList  165 : <==        Row: 34, 2020-07-01 11:19:40.0, d90bde5e-0ce5-4584-ac2b-8492bd7b2ae9_KakaoTalk_Photo_2020-06-15-16-04-46.jpeg, <<BLOB>>, undefined
2020-07-02 10:07:30.318 38593 [8080-exec-21] - TRACE           i.a.k.w.r.m.K.selectBoundaryList  165 : <==        Row: 35, 2020-07-01 11:19:49.0, 2241f4da-0548-4e76-af45-80ed9ec22458_images.jpeg, <<BLOB>>, undefined
2020-07-02 10:07:30.319 38593 [8080-exec-21] - TRACE           i.a.k.w.r.m.K.selectBoundaryList  165 : <==        Row: null, null, labeling1.png, <<BLOB>>, null
2020-07-02 10:07:30.319 38593 [8080-exec-21] - TRACE           i.a.k.w.r.m.K.selectBoundaryList  165 : <==        Row: 37, 2020-07-01 11:20:03.0, 539777d2-1ea4-4fa0-85f5-dde6f0b917c8_images (1).jpeg, <<BLOB>>, undefined
2020-07-02 10:07:30.319 38593 [8080-exec-21] - TRACE           i.a.k.w.r.m.K.selectBoundaryList  165 : <==        Row: null, null, Labelbox.png, <<BLOB>>, null
2020-07-02 10:07:30.319 38593 [8080-exec-21] - TRACE           i.a.k.w.r.m.K.selectBoundaryList  165 : <==        Row: null, null, Labelbox.png, <<BLOB>>, null
2020-07-02 10:07:30.320 38593 [8080-exec-21] - TRACE           i.a.k.w.r.m.K.selectBoundaryList  165 : <==        Row: null, null, 티셔츠444.jpeg, <<BLOB>>, null
2020-07-02 10:07:30.320 38593 [8080-exec-21] - TRACE           i.a.k.w.r.m.K.selectBoundaryList  165 : <==        Row: 41, 2020-07-01 12:51:33.0, 618578fe-22f6-4a26-b542-e9c022591d7e_images (1).jpeg, <<BLOB>>, undefined
2020-07-02 10:07:30.320 38593 [8080-exec-21] - TRACE           i.a.k.w.r.m.K.selectBoundaryList  165 : <==        Row: 42, 2020-07-01 12:51:43.0, 744acacc-ab39-4b3d-9940-ef3c77808d7e_images (1).jpeg, <<BLOB>>, undefined
2020-07-02 10:07:30.320 38593 [8080-exec-21] - TRACE           i.a.k.w.r.m.K.selectBoundaryList  165 : <==        Row: 43, 2020-07-01 12:52:26.0, 1d72a137-d50e-44b9-9af3-08487a27f3f2_hot-air-balloons-4381674_1920.jpg, <<BLOB>>, undefined
2020-07-02 10:07:30.321 38593 [8080-exec-21] - TRACE           i.a.k.w.r.m.K.selectBoundaryList  165 : <==        Row: 44, 2020-07-01 12:52:33.0, 25fb42b0-edfc-4a91-82b9-ebd5484fde0f_hot-air-balloons-4381674_1920.jpg, <<BLOB>>, undefined
2020-07-02 10:07:30.321 38593 [8080-exec-21] - TRACE           i.a.k.w.r.m.K.selectBoundaryList  165 : <==        Row: 45, 2020-07-01 12:52:44.0, 2557b3a8-2b76-429a-a4ef-234fb80dd40d_KakaoTalk_Photo_2020-06-15-16-04-31.jpeg, <<BLOB>>, jang6845
2020-07-02 10:07:30.321 38593 [8080-exec-21] - TRACE           i.a.k.w.r.m.K.selectBoundaryList  165 : <==        Row: 46, 2020-07-01 12:53:18.0, 908a6be3-75c4-4a83-9de2-85985cc51b95_hot-air-balloons-4381674_1920.jpg, <<BLOB>>, undefined
2020-07-02 10:07:30.322 38593 [8080-exec-21] - TRACE           i.a.k.w.r.m.K.selectBoundaryList  165 : <==        Row: 47, 2020-07-01 12:53:27.0, 2cbdfbf0-f8a3-45dd-bb49-3d6803586b9b_KakaoTalk_Photo_2020-06-15-16-04-31.jpeg, <<BLOB>>, admin
2020-07-02 10:07:30.322 38593 [8080-exec-21] - TRACE           i.a.k.w.r.m.K.selectBoundaryList  165 : <==        Row: 48, 2020-07-01 13:00:14.0, 58da8781-b750-4a2c-9e32-e02ac859124e_images.jpeg, <<BLOB>>, jang6845
2020-07-02 10:07:30.322 38593 [8080-exec-21] - TRACE           i.a.k.w.r.m.K.selectBoundaryList  165 : <==        Row: 49, 2020-07-01 13:00:24.0, 589c12e3-33d9-4b53-ae9f-1c6656f2341c_images (1).jpeg, <<BLOB>>, jang6845
2020-07-02 10:07:30.322 38593 [8080-exec-21] - TRACE           i.a.k.w.r.m.K.selectBoundaryList  165 : <==        Row: 50, 2020-07-01 17:08:47.0, 6d4d5b77-a804-40ea-b982-77c243ec4031_images.jpeg, <<BLOB>>, admin
2020-07-02 10:07:30.323 38593 [8080-exec-21] - DEBUG           i.a.k.w.r.m.K.selectBoundaryList  159 : <==      Total: 50
2020-07-02 11:18:01.140 38593 [8080-exec-36] - INFO      i.a.k.w.c.s.ControllerExceptionHandler   79 : HTTP Response [500 INTERNAL_SERVER_ERROR] to 127.0.0.1 : ErrorResponse(timestamp=2020-07-02T11:18:01.140, code=Unknown, status=500, error=Internal Server Error, message=org.springframework.security.web.authentication.WebAuthenticationDetails cannot be cast to io.aetherit.kfashion.ws.model.KfashionSimpleUser, path=/api/v1/kfashion/authentications/signcheck)
2020-07-02 11:18:02.772 38593 [8080-exec-37] - DEBUG                   i.a.k.w.r.m.K.selectUser  159 : ==>  Preparing: SELECT id, password, name, is_admin, is_approved, created_datetime, updated_datetime FROM kfashion_user_info WHERE id = ? 
2020-07-02 11:18:02.772 38593 [8080-exec-37] - DEBUG                   i.a.k.w.r.m.K.selectUser  159 : ==> Parameters: admin(String)
2020-07-02 11:18:02.777 38593 [8080-exec-37] - TRACE                   i.a.k.w.r.m.K.selectUser  165 : <==    Columns: id, password, name, is_admin, is_approved, created_datetime, updated_datetime
2020-07-02 11:18:02.777 38593 [8080-exec-37] - TRACE                   i.a.k.w.r.m.K.selectUser  165 : <==        Row: admin, {bcrypt}$2a$10$.nj8ne9ZRvs/fQ6qt8khyefVHhULl8gHL5o8B2KYzZ7bDI22tJ4nG, administrator, Y, Y, 2020-06-23 11:46:43.0, 2020-06-23 11:46:43.0
2020-07-02 11:18:02.778 38593 [8080-exec-37] - DEBUG                   i.a.k.w.r.m.K.selectUser  159 : <==      Total: 1
2020-07-02 11:28:15.480 38593 [8080-exec-46] - WARN  o.springframework.web.servlet.PageNotFound 1251 : No mapping for GET /Step/babel/parser/lib/index.js
2020-07-02 11:28:15.480 38593 [8080-exec-46] - INFO      i.a.k.w.c.s.ControllerExceptionHandler   79 : HTTP Response [404 NOT_FOUND] to 127.0.0.1 : ErrorResponse(timestamp=2020-07-02T11:28:15.480, code=Unknown, status=404, error=Not Found, message=No handler found for GET /Step/babel/parser/lib/index.js, path=/Step/babel/parser/lib/index.js)
2020-07-02 11:28:26.684 38593 [8080-exec-47] - WARN  o.springframework.web.servlet.PageNotFound 1251 : No mapping for GET /Step/babel/parser/lib/index.js
2020-07-02 11:28:26.685 38593 [8080-exec-47] - INFO      i.a.k.w.c.s.ControllerExceptionHandler   79 : HTTP Response [404 NOT_FOUND] to 127.0.0.1 : ErrorResponse(timestamp=2020-07-02T11:28:26.685, code=Unknown, status=404, error=Not Found, message=No handler found for GET /Step/babel/parser/lib/index.js, path=/Step/babel/parser/lib/index.js)
2020-07-02 11:28:38.649 38593 [ShutdownHook] - INFO     o.s.s.concurrent.ThreadPoolTaskExecutor  208 : Shutting down ExecutorService 'applicationTaskExecutor'
2020-07-02 11:28:40.858 39202 [        main] - INFO         io.aetherit.kfashion.ws.Application   55 : Starting Application on youngui-MacBookPro.local with PID 39202 (/Users/youngrackchoi/kfashion.ws/target/classes started by youngrackchoi in /Users/youngrackchoi/kfashion.ws)
2020-07-02 11:28:40.861 39202 [        main] - DEBUG        io.aetherit.kfashion.ws.Application   56 : Running with Spring Boot v2.2.4.RELEASE, Spring v5.2.3.RELEASE
2020-07-02 11:28:40.861 39202 [        main] - INFO         io.aetherit.kfashion.ws.Application  651 : No active profile set, falling back to default profiles: default
2020-07-02 11:28:41.611 39202 [        main] - INFO  o.s.c.s.PostProcessorRegistrationDelegate$BeanPostProcessorChecker  330 : Bean 'applicationConfiguration' of type [io.aetherit.kfashion.ws.configuration.ApplicationConfiguration$$EnhancerBySpringCGLIB$$1cbb2c3] is not eligible for getting processed by all BeanPostProcessors (for example: not eligible for auto-proxying)
2020-07-02 11:28:41.891 39202 [        main] - DEBUG       i.a.k.w.c.ApplicationConfiguration$1   81 : Code archive: /Users/youngrackchoi/.m2/repository/org/springframework/boot/spring-boot/2.2.4.RELEASE/spring-boot-2.2.4.RELEASE.jar
2020-07-02 11:28:41.891 39202 [        main] - DEBUG       i.a.k.w.c.ApplicationConfiguration$1  125 : Code archive: /Users/youngrackchoi/.m2/repository/org/springframework/boot/spring-boot/2.2.4.RELEASE/spring-boot-2.2.4.RELEASE.jar
2020-07-02 11:28:41.892 39202 [        main] - DEBUG       i.a.k.w.c.ApplicationConfiguration$1  149 : None of the document roots [src/main/webapp, public, static] point to a directory and will be ignored.
2020-07-02 11:28:41.905 39202 [        main] - INFO   o.s.b.web.embedded.tomcat.TomcatWebServer   92 : Tomcat initialized with port(s): 8080 (http)
2020-07-02 11:28:41.910 39202 [        main] - INFO  org.apache.coyote.http11.Http11NioProtocol  173 : Initializing ProtocolHandler ["http-nio-8080"]
2020-07-02 11:28:41.910 39202 [        main] - INFO    org.apache.catalina.core.StandardService  173 : Starting service [Tomcat]
2020-07-02 11:28:41.910 39202 [        main] - INFO     org.apache.catalina.core.StandardEngine  173 : Starting Servlet engine: [Apache Tomcat/9.0.30]
2020-07-02 11:28:41.961 39202 [        main] - INFO          o.a.c.c.C.[Tomcat].[localhost].[/]  173 : Initializing Spring embedded WebApplicationContext
2020-07-02 11:28:41.963 39202 [        main] - INFO               o.s.web.context.ContextLoader  284 : Root WebApplicationContext: initialization completed in 1067 ms
2020-07-02 11:28:42.003 39202 [        main] - DEBUG            i.a.k.w.c.DatabaseConfiguration   47 : Creating DB DataSource : org.mariadb.jdbc.Driver, jdbc:mariadb://192.168.0.5:3306/kfashion, user1
2020-07-02 11:28:42.380 39202 [        main] - DEBUG         i.a.k.w.r.m.K.selectUsersWhereType  159 : ==>  Preparing: SELECT id, password, name, is_admin, is_approved, created_datetime, updated_datetime FROM kfashion_user_info WHERE is_admin = ? ORDER BY created_datetime DESC 
2020-07-02 11:28:42.392 39202 [        main] - DEBUG         i.a.k.w.r.m.K.selectUsersWhereType  159 : ==> Parameters: Y(String)
2020-07-02 11:28:42.411 39202 [        main] - TRACE         i.a.k.w.r.m.K.selectUsersWhereType  165 : <==    Columns: id, password, name, is_admin, is_approved, created_datetime, updated_datetime
2020-07-02 11:28:42.412 39202 [        main] - TRACE         i.a.k.w.r.m.K.selectUsersWhereType  165 : <==        Row: admin, {bcrypt}$2a$10$.nj8ne9ZRvs/fQ6qt8khyefVHhULl8gHL5o8B2KYzZ7bDI22tJ4nG, administrator, Y, Y, 2020-06-23 11:46:43.0, 2020-06-23 11:46:43.0
2020-07-02 11:28:42.414 39202 [        main] - DEBUG         i.a.k.w.r.m.K.selectUsersWhereType  159 : <==      Total: 1
2020-07-02 11:28:42.537 39202 [        main] - INFO   i.a.k.ws.controller.InformationController   22 : Appliction Information : io.aetherit.kfashion.ws 1.0-SNAPSHOT 20200701_1736 #0
2020-07-02 11:28:42.844 39202 [        main] - INFO        o.s.s.web.DefaultSecurityFilterChain   43 : Creating filter chain: any request, [org.springframework.security.web.context.request.async.WebAsyncManagerIntegrationFilter@dd71b20, org.springframework.security.web.context.SecurityContextPersistenceFilter@fe7b6b0, org.springframework.security.web.header.HeaderWriterFilter@4d266391, org.springframework.security.web.authentication.logout.LogoutFilter@43fda8d9, org.springframework.security.web.savedrequest.RequestCacheAwareFilter@77681ce4, org.springframework.security.web.servletapi.SecurityContextHolderAwareRequestFilter@1df1ced0, org.springframework.security.web.authentication.AnonymousAuthenticationFilter@767f6ee7, org.springframework.security.web.session.SessionManagementFilter@2e5b7fba, org.springframework.security.web.access.ExceptionTranslationFilter@2d38edfd, org.springframework.security.web.access.intercept.FilterSecurityInterceptor@48f4713c]
2020-07-02 11:28:42.938 39202 [        main] - INFO     o.s.s.concurrent.ThreadPoolTaskExecutor  171 : Initializing ExecutorService 'applicationTaskExecutor'
2020-07-02 11:28:43.123 39202 [        main] - INFO  o.s.s.a.ScheduledAnnotationBeanPostProcessor  297 : No TaskScheduler/ScheduledExecutorService bean found for scheduled processing
2020-07-02 11:28:43.127 39202 [        main] - INFO  org.apache.coyote.http11.Http11NioProtocol  173 : Starting ProtocolHandler ["http-nio-8080"]
2020-07-02 11:28:43.171 39202 [        main] - INFO   o.s.b.web.embedded.tomcat.TomcatWebServer  204 : Tomcat started on port(s): 8080 (http) with context path ''
2020-07-02 11:28:43.173 39202 [        main] - INFO         io.aetherit.kfashion.ws.Application   61 : Started Application in 2.676 seconds (JVM running for 3.109)
2020-07-02 11:29:05.057 39202 [-8080-exec-1] - INFO          o.a.c.c.C.[Tomcat].[localhost].[/]  173 : Initializing Spring DispatcherServlet 'dispatcherServlet'
2020-07-02 11:29:05.058 39202 [-8080-exec-1] - INFO           o.s.web.servlet.DispatcherServlet  525 : Initializing Servlet 'dispatcherServlet'
2020-07-02 11:29:05.063 39202 [-8080-exec-1] - INFO           o.s.web.servlet.DispatcherServlet  547 : Completed initialization in 5 ms
2020-07-02 11:29:05.083 39202 [-8080-exec-1] - WARN  o.springframework.web.servlet.PageNotFound 1251 : No mapping for GET /Step/babel/parser/lib/index.js
2020-07-02 11:29:05.094 39202 [-8080-exec-1] - INFO      i.a.k.w.c.s.ControllerExceptionHandler   79 : HTTP Response [404 NOT_FOUND] to 127.0.0.1 : ErrorResponse(timestamp=2020-07-02T11:29:05.094, code=Unknown, status=404, error=Not Found, message=No handler found for GET /Step/babel/parser/lib/index.js, path=/Step/babel/parser/lib/index.js)
2020-07-02 13:21:11.210 39202 [8080-exec-10] - INFO      i.a.k.w.c.s.ControllerExceptionHandler   79 : HTTP Response [500 INTERNAL_SERVER_ERROR] to 127.0.0.1 : ErrorResponse(timestamp=2020-07-02T13:21:11.210, code=Unknown, status=500, error=Internal Server Error, message=org.springframework.security.web.authentication.WebAuthenticationDetails cannot be cast to io.aetherit.kfashion.ws.model.KfashionSimpleUser, path=/api/v1/kfashion/authentications/signcheck)
2020-07-02 13:21:12.859 39202 [8080-exec-11] - DEBUG                   i.a.k.w.r.m.K.selectUser  159 : ==>  Preparing: SELECT id, password, name, is_admin, is_approved, created_datetime, updated_datetime FROM kfashion_user_info WHERE id = ? 
2020-07-02 13:21:12.859 39202 [8080-exec-11] - DEBUG                   i.a.k.w.r.m.K.selectUser  159 : ==> Parameters: admin(String)
2020-07-02 13:21:12.868 39202 [8080-exec-11] - TRACE                   i.a.k.w.r.m.K.selectUser  165 : <==    Columns: id, password, name, is_admin, is_approved, created_datetime, updated_datetime
2020-07-02 13:21:12.869 39202 [8080-exec-11] - TRACE                   i.a.k.w.r.m.K.selectUser  165 : <==        Row: admin, {bcrypt}$2a$10$.nj8ne9ZRvs/fQ6qt8khyefVHhULl8gHL5o8B2KYzZ7bDI22tJ4nG, administrator, Y, Y, 2020-06-23 11:46:43.0, 2020-06-23 11:46:43.0
2020-07-02 13:21:12.870 39202 [8080-exec-11] - DEBUG                   i.a.k.w.r.m.K.selectUser  159 : <==      Total: 1
2020-07-02 14:26:44.280 39202 [8080-exec-65] - DEBUG           i.a.k.w.r.m.K.selectBoundaryList  159 : ==>  Preparing: SELECT kfashion_image.work_no, kfashion_image.created_datetime, kfashion_work.work_name, kfashion_image.img_data, kfashion_work_history.created_id FROM kfashion_image LEFT JOIN kfashion_work_history on kfashion_image.work_no = kfashion_work_history.work_no RIGHT JOIN kfashion_work ON kfashion_image.work_no = kfashion_work.no 
2020-07-02 14:26:44.282 39202 [8080-exec-65] - DEBUG           i.a.k.w.r.m.K.selectBoundaryList  159 : ==> Parameters: 
2020-07-02 14:26:44.873 39202 [8080-exec-65] - TRACE           i.a.k.w.r.m.K.selectBoundaryList  165 : <==    Columns: work_no, created_datetime, work_name, img_data, created_id
2020-07-02 14:26:44.874 39202 [8080-exec-65] - TRACE           i.a.k.w.r.m.K.selectBoundaryList  165 : <==        Row: null, null, labeling1.png, <<BLOB>>, null
2020-07-02 14:26:44.876 39202 [8080-exec-65] - TRACE           i.a.k.w.r.m.K.selectBoundaryList  165 : <==        Row: null, null, oclavi-bounding-box-mac.png, <<BLOB>>, null
2020-07-02 14:26:44.877 39202 [8080-exec-65] - TRACE           i.a.k.w.r.m.K.selectBoundaryList  165 : <==        Row: null, null, image-1.png, <<BLOB>>, null
2020-07-02 14:26:44.877 39202 [8080-exec-65] - TRACE           i.a.k.w.r.m.K.selectBoundaryList  165 : <==        Row: null, null, kfashion.png, <<BLOB>>, null
2020-07-02 14:26:44.878 39202 [8080-exec-65] - TRACE           i.a.k.w.r.m.K.selectBoundaryList  165 : <==        Row: null, null, 스크린샷 2020-06-18 오후 2.20.29.png, <<BLOB>>, null
2020-07-02 14:26:44.879 39202 [8080-exec-65] - TRACE           i.a.k.w.r.m.K.selectBoundaryList  165 : <==        Row: null, null, Labelbox.png, <<BLOB>>, null
2020-07-02 14:26:44.879 39202 [8080-exec-65] - TRACE           i.a.k.w.r.m.K.selectBoundaryList  165 : <==        Row: null, null, labeling1.png, <<BLOB>>, null
2020-07-02 14:26:44.880 39202 [8080-exec-65] - TRACE           i.a.k.w.r.m.K.selectBoundaryList  165 : <==        Row: null, null, cloth.jpg, <<BLOB>>, null
2020-07-02 14:26:44.880 39202 [8080-exec-65] - TRACE           i.a.k.w.r.m.K.selectBoundaryList  165 : <==        Row: null, null, Labelbox.png, <<BLOB>>, null
2020-07-02 14:26:44.881 39202 [8080-exec-65] - TRACE           i.a.k.w.r.m.K.selectBoundaryList  165 : <==        Row: null, null, images (1).jpeg, <<BLOB>>, null
2020-07-02 14:26:44.881 39202 [8080-exec-65] - TRACE           i.a.k.w.r.m.K.selectBoundaryList  165 : <==        Row: 11, 2020-06-29 17:36:21.0, hot-air-balloons-4381674_1920.jpg, <<BLOB>>, admin
2020-07-02 14:26:44.882 39202 [8080-exec-65] - TRACE           i.a.k.w.r.m.K.selectBoundaryList  165 : <==        Row: 12, 2020-06-29 17:47:20.0, f5857961-ad4c-46f2-ac20-ad272ab8214b_hot-air-balloons-4381674_1920.jpg, <<BLOB>>, admin
2020-07-02 14:26:44.883 39202 [8080-exec-65] - TRACE           i.a.k.w.r.m.K.selectBoundaryList  165 : <==        Row: 13, 2020-06-29 17:47:20.0, 84fbdfef-05f9-4cd7-9b91-f4e35c2e9e89_images (1).jpeg, <<BLOB>>, admin
2020-07-02 14:26:44.884 39202 [8080-exec-65] - TRACE           i.a.k.w.r.m.K.selectBoundaryList  165 : <==        Row: 14, 2020-06-29 17:47:20.0, ccdebb34-ad97-436e-8743-90e51039d9b1_images.jpeg, <<BLOB>>, admin
2020-07-02 14:26:44.884 39202 [8080-exec-65] - TRACE           i.a.k.w.r.m.K.selectBoundaryList  165 : <==        Row: 15, 2020-06-30 18:45:00.0, 72c46fe0-d719-4054-bf2e-ce55c001ca5f_hot-air-balloons-4381674_1920.jpg, <<BLOB>>, admin
2020-07-02 14:26:44.885 39202 [8080-exec-65] - TRACE           i.a.k.w.r.m.K.selectBoundaryList  165 : <==        Row: 16, 2020-06-30 18:45:00.0, 35bd0f62-38fc-4be5-ba27-8ef71b1e3ab8_images (1).jpeg, <<BLOB>>, admin
2020-07-02 14:26:44.885 39202 [8080-exec-65] - TRACE           i.a.k.w.r.m.K.selectBoundaryList  165 : <==        Row: 17, 2020-06-30 18:45:00.0, 784bb200-9915-462f-b828-8345e6bb9eba_images.jpeg, <<BLOB>>, admin
2020-07-02 14:26:44.886 39202 [8080-exec-65] - TRACE           i.a.k.w.r.m.K.selectBoundaryList  165 : <==        Row: null, null, labeling1.png, <<BLOB>>, null
2020-07-02 14:26:44.886 39202 [8080-exec-65] - TRACE           i.a.k.w.r.m.K.selectBoundaryList  165 : <==        Row: 19, 2020-07-01 10:48:16.0, 티셔츠.jpeg, <<BLOB>>, null
2020-07-02 14:26:44.887 39202 [8080-exec-65] - TRACE           i.a.k.w.r.m.K.selectBoundaryList  165 : <==        Row: null, null, 티셔츠.jpeg, <<BLOB>>, null
2020-07-02 14:26:44.887 39202 [8080-exec-65] - TRACE           i.a.k.w.r.m.K.selectBoundaryList  165 : <==        Row: 21, 2020-07-01 10:50:54.0, 티셔츠111.jpeg, <<BLOB>>, null
2020-07-02 14:26:44.887 39202 [8080-exec-65] - TRACE           i.a.k.w.r.m.K.selectBoundaryList  165 : <==        Row: 22, 2020-07-01 10:52:45.0, 티셔츠2.jpeg, <<BLOB>>, [object Object]
2020-07-02 14:26:44.888 39202 [8080-exec-65] - TRACE           i.a.k.w.r.m.K.selectBoundaryList  165 : <==        Row: 23, 2020-07-01 11:03:00.0, 5809ba07-9b81-4387-9f76-2a4b80a8ec7a_images (1).jpeg, <<BLOB>>, undefined
2020-07-02 14:26:44.888 39202 [8080-exec-65] - TRACE           i.a.k.w.r.m.K.selectBoundaryList  165 : <==        Row: 24, 2020-07-01 11:04:02.0, 4e52cfa4-7942-4792-85d1-35f2fa1189b7_hot-air-balloons-4381674_1920.jpg, <<BLOB>>, admin
2020-07-02 14:26:44.889 39202 [8080-exec-65] - TRACE           i.a.k.w.r.m.K.selectBoundaryList  165 : <==        Row: 25, 2020-07-01 11:12:01.0, 티셔츠3.jpeg, <<BLOB>>, admin
2020-07-02 14:26:44.889 39202 [8080-exec-65] - TRACE           i.a.k.w.r.m.K.selectBoundaryList  165 : <==        Row: null, null, labeling1.png, <<BLOB>>, null
2020-07-02 14:26:44.889 39202 [8080-exec-65] - TRACE           i.a.k.w.r.m.K.selectBoundaryList  165 : <==        Row: null, null, 티셔츠3.jpeg, <<BLOB>>, null
2020-07-02 14:26:44.890 39202 [8080-exec-65] - TRACE           i.a.k.w.r.m.K.selectBoundaryList  165 : <==        Row: 28, 2020-07-01 11:16:04.0, ae98ce1c-6da4-466f-84d7-45a0cc5db24a_images (1).jpeg, <<BLOB>>, undefined
2020-07-02 14:26:44.890 39202 [8080-exec-65] - TRACE           i.a.k.w.r.m.K.selectBoundaryList  165 : <==        Row: 29, 2020-07-01 11:16:37.0, 493e103f-f06a-4072-bcc1-e80c2eadee21_KakaoTalk_Photo_2020-06-15-16-04-31.jpeg, <<BLOB>>, undefined
2020-07-02 14:26:44.890 39202 [8080-exec-65] - TRACE           i.a.k.w.r.m.K.selectBoundaryList  165 : <==        Row: 30, 2020-07-01 11:16:56.0, 티셔츠444.jpeg, <<BLOB>>, undefined
2020-07-02 14:26:44.891 39202 [8080-exec-65] - TRACE           i.a.k.w.r.m.K.selectBoundaryList  165 : <==        Row: 31, 2020-07-01 11:17:09.0, 53387a61-ca29-4b38-b7fb-3b7f0cee0675_KakaoTalk_Photo_2020-06-15-16-04-46.jpeg, <<BLOB>>, jang6845
2020-07-02 14:26:44.892 39202 [8080-exec-65] - TRACE           i.a.k.w.r.m.K.selectBoundaryList  165 : <==        Row: 32, 2020-07-01 11:19:11.0, 08dbc9ad-b0d1-49a1-b381-915528709d75_images (1).jpeg, <<BLOB>>, jang6845
2020-07-02 14:26:44.892 39202 [8080-exec-65] - TRACE           i.a.k.w.r.m.K.selectBoundaryList  165 : <==        Row: null, null, 티셔츠444.jpeg, <<BLOB>>, null
2020-07-02 14:26:44.892 39202 [8080-exec-65] - TRACE           i.a.k.w.r.m.K.selectBoundaryList  165 : <==        Row: 34, 2020-07-01 11:19:40.0, d90bde5e-0ce5-4584-ac2b-8492bd7b2ae9_KakaoTalk_Photo_2020-06-15-16-04-46.jpeg, <<BLOB>>, undefined
2020-07-02 14:26:44.893 39202 [8080-exec-65] - TRACE           i.a.k.w.r.m.K.selectBoundaryList  165 : <==        Row: 35, 2020-07-01 11:19:49.0, 2241f4da-0548-4e76-af45-80ed9ec22458_images.jpeg, <<BLOB>>, undefined
2020-07-02 14:26:44.893 39202 [8080-exec-65] - TRACE           i.a.k.w.r.m.K.selectBoundaryList  165 : <==        Row: null, null, labeling1.png, <<BLOB>>, null
2020-07-02 14:26:44.894 39202 [8080-exec-65] - TRACE           i.a.k.w.r.m.K.selectBoundaryList  165 : <==        Row: 37, 2020-07-01 11:20:03.0, 539777d2-1ea4-4fa0-85f5-dde6f0b917c8_images (1).jpeg, <<BLOB>>, undefined
2020-07-02 14:26:44.894 39202 [8080-exec-65] - TRACE           i.a.k.w.r.m.K.selectBoundaryList  165 : <==        Row: null, null, Labelbox.png, <<BLOB>>, null
2020-07-02 14:26:44.894 39202 [8080-exec-65] - TRACE           i.a.k.w.r.m.K.selectBoundaryList  165 : <==        Row: null, null, Labelbox.png, <<BLOB>>, null
2020-07-02 14:26:44.894 39202 [8080-exec-65] - TRACE           i.a.k.w.r.m.K.selectBoundaryList  165 : <==        Row: null, null, 티셔츠444.jpeg, <<BLOB>>, null
2020-07-02 14:26:44.895 39202 [8080-exec-65] - TRACE           i.a.k.w.r.m.K.selectBoundaryList  165 : <==        Row: 41, 2020-07-01 12:51:33.0, 618578fe-22f6-4a26-b542-e9c022591d7e_images (1).jpeg, <<BLOB>>, undefined
2020-07-02 14:26:44.895 39202 [8080-exec-65] - TRACE           i.a.k.w.r.m.K.selectBoundaryList  165 : <==        Row: 42, 2020-07-01 12:51:43.0, 744acacc-ab39-4b3d-9940-ef3c77808d7e_images (1).jpeg, <<BLOB>>, undefined
2020-07-02 14:26:44.895 39202 [8080-exec-65] - TRACE           i.a.k.w.r.m.K.selectBoundaryList  165 : <==        Row: 43, 2020-07-01 12:52:26.0, 1d72a137-d50e-44b9-9af3-08487a27f3f2_hot-air-balloons-4381674_1920.jpg, <<BLOB>>, undefined
2020-07-02 14:26:44.896 39202 [8080-exec-65] - TRACE           i.a.k.w.r.m.K.selectBoundaryList  165 : <==        Row: 44, 2020-07-01 12:52:33.0, 25fb42b0-edfc-4a91-82b9-ebd5484fde0f_hot-air-balloons-4381674_1920.jpg, <<BLOB>>, undefined
2020-07-02 14:26:44.896 39202 [8080-exec-65] - TRACE           i.a.k.w.r.m.K.selectBoundaryList  165 : <==        Row: 45, 2020-07-01 12:52:44.0, 2557b3a8-2b76-429a-a4ef-234fb80dd40d_KakaoTalk_Photo_2020-06-15-16-04-31.jpeg, <<BLOB>>, jang6845
2020-07-02 14:26:44.896 39202 [8080-exec-65] - TRACE           i.a.k.w.r.m.K.selectBoundaryList  165 : <==        Row: 46, 2020-07-01 12:53:18.0, 908a6be3-75c4-4a83-9de2-85985cc51b95_hot-air-balloons-4381674_1920.jpg, <<BLOB>>, undefined
2020-07-02 14:26:44.897 39202 [8080-exec-65] - TRACE           i.a.k.w.r.m.K.selectBoundaryList  165 : <==        Row: 47, 2020-07-01 12:53:27.0, 2cbdfbf0-f8a3-45dd-bb49-3d6803586b9b_KakaoTalk_Photo_2020-06-15-16-04-31.jpeg, <<BLOB>>, admin
2020-07-02 14:26:44.897 39202 [8080-exec-65] - TRACE           i.a.k.w.r.m.K.selectBoundaryList  165 : <==        Row: 48, 2020-07-01 13:00:14.0, 58da8781-b750-4a2c-9e32-e02ac859124e_images.jpeg, <<BLOB>>, jang6845
2020-07-02 14:26:44.897 39202 [8080-exec-65] - TRACE           i.a.k.w.r.m.K.selectBoundaryList  165 : <==        Row: 49, 2020-07-01 13:00:24.0, 589c12e3-33d9-4b53-ae9f-1c6656f2341c_images (1).jpeg, <<BLOB>>, jang6845
2020-07-02 14:26:44.898 39202 [8080-exec-65] - TRACE           i.a.k.w.r.m.K.selectBoundaryList  165 : <==        Row: 50, 2020-07-01 17:08:47.0, 6d4d5b77-a804-40ea-b982-77c243ec4031_images.jpeg, <<BLOB>>, admin
2020-07-02 14:26:44.898 39202 [8080-exec-65] - TRACE           i.a.k.w.r.m.K.selectBoundaryList  165 : <==        Row: 51, 2020-07-02 14:11:22.0, 88dff736-a5ac-40e5-afea-8bbaea09b3f7_티셔츠444.jpeg, <<BLOB>>, asdf123
2020-07-02 14:26:44.898 39202 [8080-exec-65] - DEBUG           i.a.k.w.r.m.K.selectBoundaryList  159 : <==      Total: 51
2020-07-02 14:27:07.806 39202 [8080-exec-67] - DEBUG           i.a.k.w.r.m.K.selectBoundaryList  159 : ==>  Preparing: SELECT kfashion_image.work_no, kfashion_image.created_datetime, kfashion_work.work_name, kfashion_image.img_data, kfashion_work_history.created_id FROM kfashion_image LEFT JOIN kfashion_work_history on kfashion_image.work_no = kfashion_work_history.work_no RIGHT JOIN kfashion_work ON kfashion_image.work_no = kfashion_work.no 
2020-07-02 14:27:07.807 39202 [8080-exec-67] - DEBUG           i.a.k.w.r.m.K.selectBoundaryList  159 : ==> Parameters: 
2020-07-02 14:27:08.555 39202 [8080-exec-67] - TRACE           i.a.k.w.r.m.K.selectBoundaryList  165 : <==    Columns: work_no, created_datetime, work_name, img_data, created_id
2020-07-02 14:27:08.556 39202 [8080-exec-67] - TRACE           i.a.k.w.r.m.K.selectBoundaryList  165 : <==        Row: null, null, labeling1.png, <<BLOB>>, null
2020-07-02 14:27:08.556 39202 [8080-exec-67] - TRACE           i.a.k.w.r.m.K.selectBoundaryList  165 : <==        Row: null, null, oclavi-bounding-box-mac.png, <<BLOB>>, null
2020-07-02 14:27:08.557 39202 [8080-exec-67] - TRACE           i.a.k.w.r.m.K.selectBoundaryList  165 : <==        Row: null, null, image-1.png, <<BLOB>>, null
2020-07-02 14:27:08.557 39202 [8080-exec-67] - TRACE           i.a.k.w.r.m.K.selectBoundaryList  165 : <==        Row: null, null, kfashion.png, <<BLOB>>, null
2020-07-02 14:27:08.557 39202 [8080-exec-67] - TRACE           i.a.k.w.r.m.K.selectBoundaryList  165 : <==        Row: null, null, 스크린샷 2020-06-18 오후 2.20.29.png, <<BLOB>>, null
2020-07-02 14:27:08.558 39202 [8080-exec-67] - TRACE           i.a.k.w.r.m.K.selectBoundaryList  165 : <==        Row: null, null, Labelbox.png, <<BLOB>>, null
2020-07-02 14:27:08.558 39202 [8080-exec-67] - TRACE           i.a.k.w.r.m.K.selectBoundaryList  165 : <==        Row: null, null, labeling1.png, <<BLOB>>, null
2020-07-02 14:27:08.559 39202 [8080-exec-67] - TRACE           i.a.k.w.r.m.K.selectBoundaryList  165 : <==        Row: null, null, cloth.jpg, <<BLOB>>, null
2020-07-02 14:27:08.559 39202 [8080-exec-67] - TRACE           i.a.k.w.r.m.K.selectBoundaryList  165 : <==        Row: null, null, Labelbox.png, <<BLOB>>, null
2020-07-02 14:27:08.560 39202 [8080-exec-67] - TRACE           i.a.k.w.r.m.K.selectBoundaryList  165 : <==        Row: null, null, images (1).jpeg, <<BLOB>>, null
2020-07-02 14:27:08.560 39202 [8080-exec-67] - TRACE           i.a.k.w.r.m.K.selectBoundaryList  165 : <==        Row: 11, 2020-06-29 17:36:21.0, hot-air-balloons-4381674_1920.jpg, <<BLOB>>, admin
2020-07-02 14:27:08.561 39202 [8080-exec-67] - TRACE           i.a.k.w.r.m.K.selectBoundaryList  165 : <==        Row: 12, 2020-06-29 17:47:20.0, f5857961-ad4c-46f2-ac20-ad272ab8214b_hot-air-balloons-4381674_1920.jpg, <<BLOB>>, admin
2020-07-02 14:27:08.561 39202 [8080-exec-67] - TRACE           i.a.k.w.r.m.K.selectBoundaryList  165 : <==        Row: 13, 2020-06-29 17:47:20.0, 84fbdfef-05f9-4cd7-9b91-f4e35c2e9e89_images (1).jpeg, <<BLOB>>, admin
2020-07-02 14:27:08.562 39202 [8080-exec-67] - TRACE           i.a.k.w.r.m.K.selectBoundaryList  165 : <==        Row: 14, 2020-06-29 17:47:20.0, ccdebb34-ad97-436e-8743-90e51039d9b1_images.jpeg, <<BLOB>>, admin
2020-07-02 14:27:08.562 39202 [8080-exec-67] - TRACE           i.a.k.w.r.m.K.selectBoundaryList  165 : <==        Row: 15, 2020-06-30 18:45:00.0, 72c46fe0-d719-4054-bf2e-ce55c001ca5f_hot-air-balloons-4381674_1920.jpg, <<BLOB>>, admin
2020-07-02 14:27:08.562 39202 [8080-exec-67] - TRACE           i.a.k.w.r.m.K.selectBoundaryList  165 : <==        Row: 16, 2020-06-30 18:45:00.0, 35bd0f62-38fc-4be5-ba27-8ef71b1e3ab8_images (1).jpeg, <<BLOB>>, admin
2020-07-02 14:27:08.563 39202 [8080-exec-67] - TRACE           i.a.k.w.r.m.K.selectBoundaryList  165 : <==        Row: 17, 2020-06-30 18:45:00.0, 784bb200-9915-462f-b828-8345e6bb9eba_images.jpeg, <<BLOB>>, admin
2020-07-02 14:27:08.563 39202 [8080-exec-67] - TRACE           i.a.k.w.r.m.K.selectBoundaryList  165 : <==        Row: null, null, labeling1.png, <<BLOB>>, null
2020-07-02 14:27:08.563 39202 [8080-exec-67] - TRACE           i.a.k.w.r.m.K.selectBoundaryList  165 : <==        Row: 19, 2020-07-01 10:48:16.0, 티셔츠.jpeg, <<BLOB>>, null
2020-07-02 14:27:08.564 39202 [8080-exec-67] - TRACE           i.a.k.w.r.m.K.selectBoundaryList  165 : <==        Row: null, null, 티셔츠.jpeg, <<BLOB>>, null
2020-07-02 14:27:08.564 39202 [8080-exec-67] - TRACE           i.a.k.w.r.m.K.selectBoundaryList  165 : <==        Row: 21, 2020-07-01 10:50:54.0, 티셔츠111.jpeg, <<BLOB>>, null
2020-07-02 14:27:08.564 39202 [8080-exec-67] - TRACE           i.a.k.w.r.m.K.selectBoundaryList  165 : <==        Row: 22, 2020-07-01 10:52:45.0, 티셔츠2.jpeg, <<BLOB>>, [object Object]
2020-07-02 14:27:08.565 39202 [8080-exec-67] - TRACE           i.a.k.w.r.m.K.selectBoundaryList  165 : <==        Row: 23, 2020-07-01 11:03:00.0, 5809ba07-9b81-4387-9f76-2a4b80a8ec7a_images (1).jpeg, <<BLOB>>, undefined
2020-07-02 14:27:08.565 39202 [8080-exec-67] - TRACE           i.a.k.w.r.m.K.selectBoundaryList  165 : <==        Row: 24, 2020-07-01 11:04:02.0, 4e52cfa4-7942-4792-85d1-35f2fa1189b7_hot-air-balloons-4381674_1920.jpg, <<BLOB>>, admin
2020-07-02 14:27:08.565 39202 [8080-exec-67] - TRACE           i.a.k.w.r.m.K.selectBoundaryList  165 : <==        Row: 25, 2020-07-01 11:12:01.0, 티셔츠3.jpeg, <<BLOB>>, admin
2020-07-02 14:27:08.566 39202 [8080-exec-67] - TRACE           i.a.k.w.r.m.K.selectBoundaryList  165 : <==        Row: null, null, labeling1.png, <<BLOB>>, null
2020-07-02 14:27:08.566 39202 [8080-exec-67] - TRACE           i.a.k.w.r.m.K.selectBoundaryList  165 : <==        Row: null, null, 티셔츠3.jpeg, <<BLOB>>, null
2020-07-02 14:27:08.566 39202 [8080-exec-67] - TRACE           i.a.k.w.r.m.K.selectBoundaryList  165 : <==        Row: 28, 2020-07-01 11:16:04.0, ae98ce1c-6da4-466f-84d7-45a0cc5db24a_images (1).jpeg, <<BLOB>>, undefined
2020-07-02 14:27:08.567 39202 [8080-exec-67] - TRACE           i.a.k.w.r.m.K.selectBoundaryList  165 : <==        Row: 29, 2020-07-01 11:16:37.0, 493e103f-f06a-4072-bcc1-e80c2eadee21_KakaoTalk_Photo_2020-06-15-16-04-31.jpeg, <<BLOB>>, undefined
2020-07-02 14:27:08.567 39202 [8080-exec-67] - TRACE           i.a.k.w.r.m.K.selectBoundaryList  165 : <==        Row: 30, 2020-07-01 11:16:56.0, 티셔츠444.jpeg, <<BLOB>>, undefined
2020-07-02 14:27:08.568 39202 [8080-exec-67] - TRACE           i.a.k.w.r.m.K.selectBoundaryList  165 : <==        Row: 31, 2020-07-01 11:17:09.0, 53387a61-ca29-4b38-b7fb-3b7f0cee0675_KakaoTalk_Photo_2020-06-15-16-04-46.jpeg, <<BLOB>>, jang6845
2020-07-02 14:27:08.568 39202 [8080-exec-67] - TRACE           i.a.k.w.r.m.K.selectBoundaryList  165 : <==        Row: 32, 2020-07-01 11:19:11.0, 08dbc9ad-b0d1-49a1-b381-915528709d75_images (1).jpeg, <<BLOB>>, jang6845
2020-07-02 14:27:08.568 39202 [8080-exec-67] - TRACE           i.a.k.w.r.m.K.selectBoundaryList  165 : <==        Row: null, null, 티셔츠444.jpeg, <<BLOB>>, null
2020-07-02 14:27:08.569 39202 [8080-exec-67] - TRACE           i.a.k.w.r.m.K.selectBoundaryList  165 : <==        Row: 34, 2020-07-01 11:19:40.0, d90bde5e-0ce5-4584-ac2b-8492bd7b2ae9_KakaoTalk_Photo_2020-06-15-16-04-46.jpeg, <<BLOB>>, undefined
2020-07-02 14:27:08.569 39202 [8080-exec-67] - TRACE           i.a.k.w.r.m.K.selectBoundaryList  165 : <==        Row: 35, 2020-07-01 11:19:49.0, 2241f4da-0548-4e76-af45-80ed9ec22458_images.jpeg, <<BLOB>>, undefined
2020-07-02 14:27:08.569 39202 [8080-exec-67] - TRACE           i.a.k.w.r.m.K.selectBoundaryList  165 : <==        Row: null, null, labeling1.png, <<BLOB>>, null
2020-07-02 14:27:08.569 39202 [8080-exec-67] - TRACE           i.a.k.w.r.m.K.selectBoundaryList  165 : <==        Row: 37, 2020-07-01 11:20:03.0, 539777d2-1ea4-4fa0-85f5-dde6f0b917c8_images (1).jpeg, <<BLOB>>, undefined
2020-07-02 14:27:08.570 39202 [8080-exec-67] - TRACE           i.a.k.w.r.m.K.selectBoundaryList  165 : <==        Row: null, null, Labelbox.png, <<BLOB>>, null
2020-07-02 14:27:08.570 39202 [8080-exec-67] - TRACE           i.a.k.w.r.m.K.selectBoundaryList  165 : <==        Row: null, null, Labelbox.png, <<BLOB>>, null
2020-07-02 14:27:08.570 39202 [8080-exec-67] - TRACE           i.a.k.w.r.m.K.selectBoundaryList  165 : <==        Row: null, null, 티셔츠444.jpeg, <<BLOB>>, null
2020-07-02 14:27:08.570 39202 [8080-exec-67] - TRACE           i.a.k.w.r.m.K.selectBoundaryList  165 : <==        Row: 41, 2020-07-01 12:51:33.0, 618578fe-22f6-4a26-b542-e9c022591d7e_images (1).jpeg, <<BLOB>>, undefined
2020-07-02 14:27:08.571 39202 [8080-exec-67] - TRACE           i.a.k.w.r.m.K.selectBoundaryList  165 : <==        Row: 42, 2020-07-01 12:51:43.0, 744acacc-ab39-4b3d-9940-ef3c77808d7e_images (1).jpeg, <<BLOB>>, undefined
2020-07-02 14:27:08.571 39202 [8080-exec-67] - TRACE           i.a.k.w.r.m.K.selectBoundaryList  165 : <==        Row: 43, 2020-07-01 12:52:26.0, 1d72a137-d50e-44b9-9af3-08487a27f3f2_hot-air-balloons-4381674_1920.jpg, <<BLOB>>, undefined
2020-07-02 14:27:08.571 39202 [8080-exec-67] - TRACE           i.a.k.w.r.m.K.selectBoundaryList  165 : <==        Row: 44, 2020-07-01 12:52:33.0, 25fb42b0-edfc-4a91-82b9-ebd5484fde0f_hot-air-balloons-4381674_1920.jpg, <<BLOB>>, undefined
2020-07-02 14:27:08.572 39202 [8080-exec-67] - TRACE           i.a.k.w.r.m.K.selectBoundaryList  165 : <==        Row: 45, 2020-07-01 12:52:44.0, 2557b3a8-2b76-429a-a4ef-234fb80dd40d_KakaoTalk_Photo_2020-06-15-16-04-31.jpeg, <<BLOB>>, jang6845
2020-07-02 14:27:08.572 39202 [8080-exec-67] - TRACE           i.a.k.w.r.m.K.selectBoundaryList  165 : <==        Row: 46, 2020-07-01 12:53:18.0, 908a6be3-75c4-4a83-9de2-85985cc51b95_hot-air-balloons-4381674_1920.jpg, <<BLOB>>, undefined
2020-07-02 14:27:08.572 39202 [8080-exec-67] - TRACE           i.a.k.w.r.m.K.selectBoundaryList  165 : <==        Row: 47, 2020-07-01 12:53:27.0, 2cbdfbf0-f8a3-45dd-bb49-3d6803586b9b_KakaoTalk_Photo_2020-06-15-16-04-31.jpeg, <<BLOB>>, admin
2020-07-02 14:27:08.573 39202 [8080-exec-67] - TRACE           i.a.k.w.r.m.K.selectBoundaryList  165 : <==        Row: 48, 2020-07-01 13:00:14.0, 58da8781-b750-4a2c-9e32-e02ac859124e_images.jpeg, <<BLOB>>, jang6845
2020-07-02 14:27:08.573 39202 [8080-exec-67] - TRACE           i.a.k.w.r.m.K.selectBoundaryList  165 : <==        Row: 49, 2020-07-01 13:00:24.0, 589c12e3-33d9-4b53-ae9f-1c6656f2341c_images (1).jpeg, <<BLOB>>, jang6845
2020-07-02 14:27:08.573 39202 [8080-exec-67] - TRACE           i.a.k.w.r.m.K.selectBoundaryList  165 : <==        Row: 50, 2020-07-01 17:08:47.0, 6d4d5b77-a804-40ea-b982-77c243ec4031_images.jpeg, <<BLOB>>, admin
2020-07-02 14:27:08.574 39202 [8080-exec-67] - TRACE           i.a.k.w.r.m.K.selectBoundaryList  165 : <==        Row: 51, 2020-07-02 14:11:22.0, 88dff736-a5ac-40e5-afea-8bbaea09b3f7_티셔츠444.jpeg, <<BLOB>>, asdf123
2020-07-02 14:27:08.574 39202 [8080-exec-67] - DEBUG           i.a.k.w.r.m.K.selectBoundaryList  159 : <==      Total: 51
2020-07-02 14:35:40.972 39202 [8080-exec-73] - DEBUG           i.a.k.w.r.m.K.selectBoundaryList  159 : ==>  Preparing: SELECT kfashion_image.work_no, kfashion_image.created_datetime, kfashion_work.work_name, kfashion_image.img_data, kfashion_work_history.created_id FROM kfashion_image LEFT JOIN kfashion_work_history on kfashion_image.work_no = kfashion_work_history.work_no RIGHT JOIN kfashion_work ON kfashion_image.work_no = kfashion_work.no 
2020-07-02 14:35:40.973 39202 [8080-exec-73] - DEBUG           i.a.k.w.r.m.K.selectBoundaryList  159 : ==> Parameters: 
2020-07-02 14:35:41.391 39202 [8080-exec-73] - TRACE           i.a.k.w.r.m.K.selectBoundaryList  165 : <==    Columns: work_no, created_datetime, work_name, img_data, created_id
2020-07-02 14:35:41.392 39202 [8080-exec-73] - TRACE           i.a.k.w.r.m.K.selectBoundaryList  165 : <==        Row: null, null, labeling1.png, <<BLOB>>, null
2020-07-02 14:35:41.393 39202 [8080-exec-73] - TRACE           i.a.k.w.r.m.K.selectBoundaryList  165 : <==        Row: null, null, oclavi-bounding-box-mac.png, <<BLOB>>, null
2020-07-02 14:35:41.394 39202 [8080-exec-73] - TRACE           i.a.k.w.r.m.K.selectBoundaryList  165 : <==        Row: null, null, image-1.png, <<BLOB>>, null
2020-07-02 14:35:41.395 39202 [8080-exec-73] - TRACE           i.a.k.w.r.m.K.selectBoundaryList  165 : <==        Row: null, null, kfashion.png, <<BLOB>>, null
2020-07-02 14:35:41.395 39202 [8080-exec-73] - TRACE           i.a.k.w.r.m.K.selectBoundaryList  165 : <==        Row: null, null, 스크린샷 2020-06-18 오후 2.20.29.png, <<BLOB>>, null
2020-07-02 14:35:41.396 39202 [8080-exec-73] - TRACE           i.a.k.w.r.m.K.selectBoundaryList  165 : <==        Row: null, null, Labelbox.png, <<BLOB>>, null
2020-07-02 14:35:41.396 39202 [8080-exec-73] - TRACE           i.a.k.w.r.m.K.selectBoundaryList  165 : <==        Row: null, null, labeling1.png, <<BLOB>>, null
2020-07-02 14:35:41.397 39202 [8080-exec-73] - TRACE           i.a.k.w.r.m.K.selectBoundaryList  165 : <==        Row: null, null, cloth.jpg, <<BLOB>>, null
2020-07-02 14:35:41.397 39202 [8080-exec-73] - TRACE           i.a.k.w.r.m.K.selectBoundaryList  165 : <==        Row: null, null, Labelbox.png, <<BLOB>>, null
2020-07-02 14:35:41.398 39202 [8080-exec-73] - TRACE           i.a.k.w.r.m.K.selectBoundaryList  165 : <==        Row: null, null, images (1).jpeg, <<BLOB>>, null
2020-07-02 14:35:41.398 39202 [8080-exec-73] - TRACE           i.a.k.w.r.m.K.selectBoundaryList  165 : <==        Row: 11, 2020-06-29 17:36:21.0, hot-air-balloons-4381674_1920.jpg, <<BLOB>>, admin
2020-07-02 14:35:41.399 39202 [8080-exec-73] - TRACE           i.a.k.w.r.m.K.selectBoundaryList  165 : <==        Row: 12, 2020-06-29 17:47:20.0, f5857961-ad4c-46f2-ac20-ad272ab8214b_hot-air-balloons-4381674_1920.jpg, <<BLOB>>, admin
2020-07-02 14:35:41.399 39202 [8080-exec-73] - TRACE           i.a.k.w.r.m.K.selectBoundaryList  165 : <==        Row: 13, 2020-06-29 17:47:20.0, 84fbdfef-05f9-4cd7-9b91-f4e35c2e9e89_images (1).jpeg, <<BLOB>>, admin
2020-07-02 14:35:41.400 39202 [8080-exec-73] - TRACE           i.a.k.w.r.m.K.selectBoundaryList  165 : <==        Row: 14, 2020-06-29 17:47:20.0, ccdebb34-ad97-436e-8743-90e51039d9b1_images.jpeg, <<BLOB>>, admin
2020-07-02 14:35:41.400 39202 [8080-exec-73] - TRACE           i.a.k.w.r.m.K.selectBoundaryList  165 : <==        Row: 15, 2020-06-30 18:45:00.0, 72c46fe0-d719-4054-bf2e-ce55c001ca5f_hot-air-balloons-4381674_1920.jpg, <<BLOB>>, admin
2020-07-02 14:35:41.401 39202 [8080-exec-73] - TRACE           i.a.k.w.r.m.K.selectBoundaryList  165 : <==        Row: 16, 2020-06-30 18:45:00.0, 35bd0f62-38fc-4be5-ba27-8ef71b1e3ab8_images (1).jpeg, <<BLOB>>, admin
2020-07-02 14:35:41.401 39202 [8080-exec-73] - TRACE           i.a.k.w.r.m.K.selectBoundaryList  165 : <==        Row: 17, 2020-06-30 18:45:00.0, 784bb200-9915-462f-b828-8345e6bb9eba_images.jpeg, <<BLOB>>, admin
2020-07-02 14:35:41.401 39202 [8080-exec-73] - TRACE           i.a.k.w.r.m.K.selectBoundaryList  165 : <==        Row: null, null, labeling1.png, <<BLOB>>, null
2020-07-02 14:35:41.402 39202 [8080-exec-73] - TRACE           i.a.k.w.r.m.K.selectBoundaryList  165 : <==        Row: 19, 2020-07-01 10:48:16.0, 티셔츠.jpeg, <<BLOB>>, null
2020-07-02 14:35:41.402 39202 [8080-exec-73] - TRACE           i.a.k.w.r.m.K.selectBoundaryList  165 : <==        Row: null, null, 티셔츠.jpeg, <<BLOB>>, null
2020-07-02 14:35:41.403 39202 [8080-exec-73] - TRACE           i.a.k.w.r.m.K.selectBoundaryList  165 : <==        Row: 21, 2020-07-01 10:50:54.0, 티셔츠111.jpeg, <<BLOB>>, null
2020-07-02 14:35:41.403 39202 [8080-exec-73] - TRACE           i.a.k.w.r.m.K.selectBoundaryList  165 : <==        Row: 22, 2020-07-01 10:52:45.0, 티셔츠2.jpeg, <<BLOB>>, [object Object]
2020-07-02 14:35:41.404 39202 [8080-exec-73] - TRACE           i.a.k.w.r.m.K.selectBoundaryList  165 : <==        Row: 23, 2020-07-01 11:03:00.0, 5809ba07-9b81-4387-9f76-2a4b80a8ec7a_images (1).jpeg, <<BLOB>>, undefined
2020-07-02 14:35:41.404 39202 [8080-exec-73] - TRACE           i.a.k.w.r.m.K.selectBoundaryList  165 : <==        Row: 24, 2020-07-01 11:04:02.0, 4e52cfa4-7942-4792-85d1-35f2fa1189b7_hot-air-balloons-4381674_1920.jpg, <<BLOB>>, admin
2020-07-02 14:35:41.405 39202 [8080-exec-73] - TRACE           i.a.k.w.r.m.K.selectBoundaryList  165 : <==        Row: 25, 2020-07-01 11:12:01.0, 티셔츠3.jpeg, <<BLOB>>, admin
2020-07-02 14:35:41.405 39202 [8080-exec-73] - TRACE           i.a.k.w.r.m.K.selectBoundaryList  165 : <==        Row: null, null, labeling1.png, <<BLOB>>, null
2020-07-02 14:35:41.406 39202 [8080-exec-73] - TRACE           i.a.k.w.r.m.K.selectBoundaryList  165 : <==        Row: null, null, 티셔츠3.jpeg, <<BLOB>>, null
2020-07-02 14:35:41.406 39202 [8080-exec-73] - TRACE           i.a.k.w.r.m.K.selectBoundaryList  165 : <==        Row: 28, 2020-07-01 11:16:04.0, ae98ce1c-6da4-466f-84d7-45a0cc5db24a_images (1).jpeg, <<BLOB>>, undefined
2020-07-02 14:35:41.406 39202 [8080-exec-73] - TRACE           i.a.k.w.r.m.K.selectBoundaryList  165 : <==        Row: 29, 2020-07-01 11:16:37.0, 493e103f-f06a-4072-bcc1-e80c2eadee21_KakaoTalk_Photo_2020-06-15-16-04-31.jpeg, <<BLOB>>, undefined
2020-07-02 14:35:41.407 39202 [8080-exec-73] - TRACE           i.a.k.w.r.m.K.selectBoundaryList  165 : <==        Row: 30, 2020-07-01 11:16:56.0, 티셔츠444.jpeg, <<BLOB>>, undefined
2020-07-02 14:35:41.407 39202 [8080-exec-73] - TRACE           i.a.k.w.r.m.K.selectBoundaryList  165 : <==        Row: 31, 2020-07-01 11:17:09.0, 53387a61-ca29-4b38-b7fb-3b7f0cee0675_KakaoTalk_Photo_2020-06-15-16-04-46.jpeg, <<BLOB>>, jang6845
2020-07-02 14:35:41.407 39202 [8080-exec-73] - TRACE           i.a.k.w.r.m.K.selectBoundaryList  165 : <==        Row: 32, 2020-07-01 11:19:11.0, 08dbc9ad-b0d1-49a1-b381-915528709d75_images (1).jpeg, <<BLOB>>, jang6845
2020-07-02 14:35:41.408 39202 [8080-exec-73] - TRACE           i.a.k.w.r.m.K.selectBoundaryList  165 : <==        Row: null, null, 티셔츠444.jpeg, <<BLOB>>, null
2020-07-02 14:35:41.408 39202 [8080-exec-73] - TRACE           i.a.k.w.r.m.K.selectBoundaryList  165 : <==        Row: 34, 2020-07-01 11:19:40.0, d90bde5e-0ce5-4584-ac2b-8492bd7b2ae9_KakaoTalk_Photo_2020-06-15-16-04-46.jpeg, <<BLOB>>, undefined
2020-07-02 14:35:41.408 39202 [8080-exec-73] - TRACE           i.a.k.w.r.m.K.selectBoundaryList  165 : <==        Row: 35, 2020-07-01 11:19:49.0, 2241f4da-0548-4e76-af45-80ed9ec22458_images.jpeg, <<BLOB>>, undefined
2020-07-02 14:35:41.409 39202 [8080-exec-73] - TRACE           i.a.k.w.r.m.K.selectBoundaryList  165 : <==        Row: null, null, labeling1.png, <<BLOB>>, null
2020-07-02 14:35:41.409 39202 [8080-exec-73] - TRACE           i.a.k.w.r.m.K.selectBoundaryList  165 : <==        Row: 37, 2020-07-01 11:20:03.0, 539777d2-1ea4-4fa0-85f5-dde6f0b917c8_images (1).jpeg, <<BLOB>>, undefined
2020-07-02 14:35:41.409 39202 [8080-exec-73] - TRACE           i.a.k.w.r.m.K.selectBoundaryList  165 : <==        Row: null, null, Labelbox.png, <<BLOB>>, null
2020-07-02 14:35:41.409 39202 [8080-exec-73] - TRACE           i.a.k.w.r.m.K.selectBoundaryList  165 : <==        Row: null, null, Labelbox.png, <<BLOB>>, null
2020-07-02 14:35:41.410 39202 [8080-exec-73] - TRACE           i.a.k.w.r.m.K.selectBoundaryList  165 : <==        Row: null, null, 티셔츠444.jpeg, <<BLOB>>, null
2020-07-02 14:35:41.410 39202 [8080-exec-73] - TRACE           i.a.k.w.r.m.K.selectBoundaryList  165 : <==        Row: 41, 2020-07-01 12:51:33.0, 618578fe-22f6-4a26-b542-e9c022591d7e_images (1).jpeg, <<BLOB>>, undefined
2020-07-02 14:35:41.410 39202 [8080-exec-73] - TRACE           i.a.k.w.r.m.K.selectBoundaryList  165 : <==        Row: 42, 2020-07-01 12:51:43.0, 744acacc-ab39-4b3d-9940-ef3c77808d7e_images (1).jpeg, <<BLOB>>, undefined
2020-07-02 14:35:41.410 39202 [8080-exec-73] - TRACE           i.a.k.w.r.m.K.selectBoundaryList  165 : <==        Row: 43, 2020-07-01 12:52:26.0, 1d72a137-d50e-44b9-9af3-08487a27f3f2_hot-air-balloons-4381674_1920.jpg, <<BLOB>>, undefined
2020-07-02 14:35:41.411 39202 [8080-exec-73] - TRACE           i.a.k.w.r.m.K.selectBoundaryList  165 : <==        Row: 44, 2020-07-01 12:52:33.0, 25fb42b0-edfc-4a91-82b9-ebd5484fde0f_hot-air-balloons-4381674_1920.jpg, <<BLOB>>, undefined
2020-07-02 14:35:41.411 39202 [8080-exec-73] - TRACE           i.a.k.w.r.m.K.selectBoundaryList  165 : <==        Row: 45, 2020-07-01 12:52:44.0, 2557b3a8-2b76-429a-a4ef-234fb80dd40d_KakaoTalk_Photo_2020-06-15-16-04-31.jpeg, <<BLOB>>, jang6845
2020-07-02 14:35:41.411 39202 [8080-exec-73] - TRACE           i.a.k.w.r.m.K.selectBoundaryList  165 : <==        Row: 46, 2020-07-01 12:53:18.0, 908a6be3-75c4-4a83-9de2-85985cc51b95_hot-air-balloons-4381674_1920.jpg, <<BLOB>>, undefined
2020-07-02 14:35:41.412 39202 [8080-exec-73] - TRACE           i.a.k.w.r.m.K.selectBoundaryList  165 : <==        Row: 47, 2020-07-01 12:53:27.0, 2cbdfbf0-f8a3-45dd-bb49-3d6803586b9b_KakaoTalk_Photo_2020-06-15-16-04-31.jpeg, <<BLOB>>, admin
2020-07-02 14:35:41.412 39202 [8080-exec-73] - TRACE           i.a.k.w.r.m.K.selectBoundaryList  165 : <==        Row: 48, 2020-07-01 13:00:14.0, 58da8781-b750-4a2c-9e32-e02ac859124e_images.jpeg, <<BLOB>>, jang6845
2020-07-02 14:35:41.412 39202 [8080-exec-73] - TRACE           i.a.k.w.r.m.K.selectBoundaryList  165 : <==        Row: 49, 2020-07-01 13:00:24.0, 589c12e3-33d9-4b53-ae9f-1c6656f2341c_images (1).jpeg, <<BLOB>>, jang6845
2020-07-02 14:35:41.413 39202 [8080-exec-73] - TRACE           i.a.k.w.r.m.K.selectBoundaryList  165 : <==        Row: 50, 2020-07-01 17:08:47.0, 6d4d5b77-a804-40ea-b982-77c243ec4031_images.jpeg, <<BLOB>>, admin
2020-07-02 14:35:41.413 39202 [8080-exec-73] - TRACE           i.a.k.w.r.m.K.selectBoundaryList  165 : <==        Row: 51, 2020-07-02 14:11:22.0, 88dff736-a5ac-40e5-afea-8bbaea09b3f7_티셔츠444.jpeg, <<BLOB>>, asdf123
2020-07-02 14:35:41.413 39202 [8080-exec-73] - DEBUG           i.a.k.w.r.m.K.selectBoundaryList  159 : <==      Total: 51
2020-07-02 16:18:16.283 39202 [8080-exec-83] - DEBUG           i.a.k.w.r.m.K.selectBoundaryList  159 : ==>  Preparing: SELECT kfashion_image.work_no, kfashion_image.created_datetime, kfashion_work.work_name, kfashion_image.img_data, kfashion_work_history.created_id FROM kfashion_image LEFT JOIN kfashion_work_history on kfashion_image.work_no = kfashion_work_history.work_no RIGHT JOIN kfashion_work ON kfashion_image.work_no = kfashion_work.no 
2020-07-02 16:18:16.285 39202 [8080-exec-83] - DEBUG           i.a.k.w.r.m.K.selectBoundaryList  159 : ==> Parameters: 
2020-07-02 16:18:16.695 39202 [8080-exec-83] - TRACE           i.a.k.w.r.m.K.selectBoundaryList  165 : <==    Columns: work_no, created_datetime, work_name, img_data, created_id
2020-07-02 16:18:16.696 39202 [8080-exec-83] - TRACE           i.a.k.w.r.m.K.selectBoundaryList  165 : <==        Row: null, null, labeling1.png, <<BLOB>>, null
2020-07-02 16:18:16.697 39202 [8080-exec-83] - TRACE           i.a.k.w.r.m.K.selectBoundaryList  165 : <==        Row: null, null, oclavi-bounding-box-mac.png, <<BLOB>>, null
2020-07-02 16:18:16.697 39202 [8080-exec-83] - TRACE           i.a.k.w.r.m.K.selectBoundaryList  165 : <==        Row: null, null, image-1.png, <<BLOB>>, null
2020-07-02 16:18:16.698 39202 [8080-exec-83] - TRACE           i.a.k.w.r.m.K.selectBoundaryList  165 : <==        Row: null, null, kfashion.png, <<BLOB>>, null
2020-07-02 16:18:16.698 39202 [8080-exec-83] - TRACE           i.a.k.w.r.m.K.selectBoundaryList  165 : <==        Row: null, null, 스크린샷 2020-06-18 오후 2.20.29.png, <<BLOB>>, null
2020-07-02 16:18:16.698 39202 [8080-exec-83] - TRACE           i.a.k.w.r.m.K.selectBoundaryList  165 : <==        Row: null, null, Labelbox.png, <<BLOB>>, null
2020-07-02 16:18:16.699 39202 [8080-exec-83] - TRACE           i.a.k.w.r.m.K.selectBoundaryList  165 : <==        Row: null, null, labeling1.png, <<BLOB>>, null
2020-07-02 16:18:16.699 39202 [8080-exec-83] - TRACE           i.a.k.w.r.m.K.selectBoundaryList  165 : <==        Row: null, null, cloth.jpg, <<BLOB>>, null
2020-07-02 16:18:16.699 39202 [8080-exec-83] - TRACE           i.a.k.w.r.m.K.selectBoundaryList  165 : <==        Row: null, null, Labelbox.png, <<BLOB>>, null
2020-07-02 16:18:16.700 39202 [8080-exec-83] - TRACE           i.a.k.w.r.m.K.selectBoundaryList  165 : <==        Row: null, null, images (1).jpeg, <<BLOB>>, null
2020-07-02 16:18:16.700 39202 [8080-exec-83] - TRACE           i.a.k.w.r.m.K.selectBoundaryList  165 : <==        Row: 11, 2020-06-29 17:36:21.0, hot-air-balloons-4381674_1920.jpg, <<BLOB>>, admin
2020-07-02 16:18:16.700 39202 [8080-exec-83] - TRACE           i.a.k.w.r.m.K.selectBoundaryList  165 : <==        Row: 12, 2020-06-29 17:47:20.0, f5857961-ad4c-46f2-ac20-ad272ab8214b_hot-air-balloons-4381674_1920.jpg, <<BLOB>>, admin
2020-07-02 16:18:16.701 39202 [8080-exec-83] - TRACE           i.a.k.w.r.m.K.selectBoundaryList  165 : <==        Row: 13, 2020-06-29 17:47:20.0, 84fbdfef-05f9-4cd7-9b91-f4e35c2e9e89_images (1).jpeg, <<BLOB>>, admin
2020-07-02 16:18:16.701 39202 [8080-exec-83] - TRACE           i.a.k.w.r.m.K.selectBoundaryList  165 : <==        Row: 13, 2020-06-29 17:47:20.0, 84fbdfef-05f9-4cd7-9b91-f4e35c2e9e89_images (1).jpeg, <<BLOB>>, asdf123
2020-07-02 16:18:16.701 39202 [8080-exec-83] - TRACE           i.a.k.w.r.m.K.selectBoundaryList  165 : <==        Row: 14, 2020-06-29 17:47:20.0, ccdebb34-ad97-436e-8743-90e51039d9b1_images.jpeg, <<BLOB>>, admin
2020-07-02 16:18:16.702 39202 [8080-exec-83] - TRACE           i.a.k.w.r.m.K.selectBoundaryList  165 : <==        Row: 15, 2020-06-30 18:45:00.0, 72c46fe0-d719-4054-bf2e-ce55c001ca5f_hot-air-balloons-4381674_1920.jpg, <<BLOB>>, admin
2020-07-02 16:18:16.702 39202 [8080-exec-83] - TRACE           i.a.k.w.r.m.K.selectBoundaryList  165 : <==        Row: 16, 2020-06-30 18:45:00.0, 35bd0f62-38fc-4be5-ba27-8ef71b1e3ab8_images (1).jpeg, <<BLOB>>, admin
2020-07-02 16:18:16.702 39202 [8080-exec-83] - TRACE           i.a.k.w.r.m.K.selectBoundaryList  165 : <==        Row: 16, 2020-06-30 18:45:00.0, 35bd0f62-38fc-4be5-ba27-8ef71b1e3ab8_images (1).jpeg, <<BLOB>>, asdf123
2020-07-02 16:18:16.703 39202 [8080-exec-83] - TRACE           i.a.k.w.r.m.K.selectBoundaryList  165 : <==        Row: 17, 2020-06-30 18:45:00.0, 784bb200-9915-462f-b828-8345e6bb9eba_images.jpeg, <<BLOB>>, admin
2020-07-02 16:18:16.703 39202 [8080-exec-83] - TRACE           i.a.k.w.r.m.K.selectBoundaryList  165 : <==        Row: 17, 2020-06-30 18:45:00.0, 784bb200-9915-462f-b828-8345e6bb9eba_images.jpeg, <<BLOB>>, asdf123
2020-07-02 16:18:16.703 39202 [8080-exec-83] - TRACE           i.a.k.w.r.m.K.selectBoundaryList  165 : <==        Row: null, null, labeling1.png, <<BLOB>>, null
2020-07-02 16:18:16.703 39202 [8080-exec-83] - TRACE           i.a.k.w.r.m.K.selectBoundaryList  165 : <==        Row: 19, 2020-07-01 10:48:16.0, 티셔츠.jpeg, <<BLOB>>, null
2020-07-02 16:18:16.704 39202 [8080-exec-83] - TRACE           i.a.k.w.r.m.K.selectBoundaryList  165 : <==        Row: null, null, 티셔츠.jpeg, <<BLOB>>, null
2020-07-02 16:18:16.704 39202 [8080-exec-83] - TRACE           i.a.k.w.r.m.K.selectBoundaryList  165 : <==        Row: 21, 2020-07-01 10:50:54.0, 티셔츠111.jpeg, <<BLOB>>, null
2020-07-02 16:18:16.705 39202 [8080-exec-83] - TRACE           i.a.k.w.r.m.K.selectBoundaryList  165 : <==        Row: 22, 2020-07-01 10:52:45.0, 티셔츠2.jpeg, <<BLOB>>, [object Object]
2020-07-02 16:18:16.705 39202 [8080-exec-83] - TRACE           i.a.k.w.r.m.K.selectBoundaryList  165 : <==        Row: 23, 2020-07-01 11:03:00.0, 5809ba07-9b81-4387-9f76-2a4b80a8ec7a_images (1).jpeg, <<BLOB>>, undefined
2020-07-02 16:18:16.705 39202 [8080-exec-83] - TRACE           i.a.k.w.r.m.K.selectBoundaryList  165 : <==        Row: 24, 2020-07-01 11:04:02.0, 4e52cfa4-7942-4792-85d1-35f2fa1189b7_hot-air-balloons-4381674_1920.jpg, <<BLOB>>, admin
2020-07-02 16:18:16.706 39202 [8080-exec-83] - TRACE           i.a.k.w.r.m.K.selectBoundaryList  165 : <==        Row: 25, 2020-07-01 11:12:01.0, 티셔츠3.jpeg, <<BLOB>>, admin
2020-07-02 16:18:16.706 39202 [8080-exec-83] - TRACE           i.a.k.w.r.m.K.selectBoundaryList  165 : <==        Row: null, null, labeling1.png, <<BLOB>>, null
2020-07-02 16:18:16.706 39202 [8080-exec-83] - TRACE           i.a.k.w.r.m.K.selectBoundaryList  165 : <==        Row: null, null, 티셔츠3.jpeg, <<BLOB>>, null
2020-07-02 16:18:16.706 39202 [8080-exec-83] - TRACE           i.a.k.w.r.m.K.selectBoundaryList  165 : <==        Row: 28, 2020-07-01 11:16:04.0, ae98ce1c-6da4-466f-84d7-45a0cc5db24a_images (1).jpeg, <<BLOB>>, undefined
2020-07-02 16:18:16.707 39202 [8080-exec-83] - TRACE           i.a.k.w.r.m.K.selectBoundaryList  165 : <==        Row: 29, 2020-07-01 11:16:37.0, 493e103f-f06a-4072-bcc1-e80c2eadee21_KakaoTalk_Photo_2020-06-15-16-04-31.jpeg, <<BLOB>>, undefined
2020-07-02 16:18:16.707 39202 [8080-exec-83] - TRACE           i.a.k.w.r.m.K.selectBoundaryList  165 : <==        Row: 30, 2020-07-01 11:16:56.0, 티셔츠444.jpeg, <<BLOB>>, undefined
2020-07-02 16:18:16.707 39202 [8080-exec-83] - TRACE           i.a.k.w.r.m.K.selectBoundaryList  165 : <==        Row: 31, 2020-07-01 11:17:09.0, 53387a61-ca29-4b38-b7fb-3b7f0cee0675_KakaoTalk_Photo_2020-06-15-16-04-46.jpeg, <<BLOB>>, jang6845
2020-07-02 16:18:16.707 39202 [8080-exec-83] - TRACE           i.a.k.w.r.m.K.selectBoundaryList  165 : <==        Row: 32, 2020-07-01 11:19:11.0, 08dbc9ad-b0d1-49a1-b381-915528709d75_images (1).jpeg, <<BLOB>>, jang6845
2020-07-02 16:18:16.708 39202 [8080-exec-83] - TRACE           i.a.k.w.r.m.K.selectBoundaryList  165 : <==        Row: null, null, 티셔츠444.jpeg, <<BLOB>>, null
2020-07-02 16:18:16.708 39202 [8080-exec-83] - TRACE           i.a.k.w.r.m.K.selectBoundaryList  165 : <==        Row: 34, 2020-07-01 11:19:40.0, d90bde5e-0ce5-4584-ac2b-8492bd7b2ae9_KakaoTalk_Photo_2020-06-15-16-04-46.jpeg, <<BLOB>>, undefined
2020-07-02 16:18:16.708 39202 [8080-exec-83] - TRACE           i.a.k.w.r.m.K.selectBoundaryList  165 : <==        Row: 35, 2020-07-01 11:19:49.0, 2241f4da-0548-4e76-af45-80ed9ec22458_images.jpeg, <<BLOB>>, undefined
2020-07-02 16:18:16.708 39202 [8080-exec-83] - TRACE           i.a.k.w.r.m.K.selectBoundaryList  165 : <==        Row: null, null, labeling1.png, <<BLOB>>, null
2020-07-02 16:18:16.709 39202 [8080-exec-83] - TRACE           i.a.k.w.r.m.K.selectBoundaryList  165 : <==        Row: 37, 2020-07-01 11:20:03.0, 539777d2-1ea4-4fa0-85f5-dde6f0b917c8_images (1).jpeg, <<BLOB>>, undefined
2020-07-02 16:18:16.709 39202 [8080-exec-83] - TRACE           i.a.k.w.r.m.K.selectBoundaryList  165 : <==        Row: null, null, Labelbox.png, <<BLOB>>, null
2020-07-02 16:18:16.709 39202 [8080-exec-83] - TRACE           i.a.k.w.r.m.K.selectBoundaryList  165 : <==        Row: null, null, Labelbox.png, <<BLOB>>, null
2020-07-02 16:18:16.709 39202 [8080-exec-83] - TRACE           i.a.k.w.r.m.K.selectBoundaryList  165 : <==        Row: null, null, 티셔츠444.jpeg, <<BLOB>>, null
2020-07-02 16:18:16.710 39202 [8080-exec-83] - TRACE           i.a.k.w.r.m.K.selectBoundaryList  165 : <==        Row: 41, 2020-07-01 12:51:33.0, 618578fe-22f6-4a26-b542-e9c022591d7e_images (1).jpeg, <<BLOB>>, undefined
2020-07-02 16:18:16.710 39202 [8080-exec-83] - TRACE           i.a.k.w.r.m.K.selectBoundaryList  165 : <==        Row: 42, 2020-07-01 12:51:43.0, 744acacc-ab39-4b3d-9940-ef3c77808d7e_images (1).jpeg, <<BLOB>>, undefined
2020-07-02 16:18:16.710 39202 [8080-exec-83] - TRACE           i.a.k.w.r.m.K.selectBoundaryList  165 : <==        Row: 43, 2020-07-01 12:52:26.0, 1d72a137-d50e-44b9-9af3-08487a27f3f2_hot-air-balloons-4381674_1920.jpg, <<BLOB>>, undefined
2020-07-02 16:18:16.710 39202 [8080-exec-83] - TRACE           i.a.k.w.r.m.K.selectBoundaryList  165 : <==        Row: 44, 2020-07-01 12:52:33.0, 25fb42b0-edfc-4a91-82b9-ebd5484fde0f_hot-air-balloons-4381674_1920.jpg, <<BLOB>>, undefined
2020-07-02 16:18:16.711 39202 [8080-exec-83] - TRACE           i.a.k.w.r.m.K.selectBoundaryList  165 : <==        Row: 45, 2020-07-01 12:52:44.0, 2557b3a8-2b76-429a-a4ef-234fb80dd40d_KakaoTalk_Photo_2020-06-15-16-04-31.jpeg, <<BLOB>>, jang6845
2020-07-02 16:18:16.711 39202 [8080-exec-83] - TRACE           i.a.k.w.r.m.K.selectBoundaryList  165 : <==        Row: 46, 2020-07-01 12:53:18.0, 908a6be3-75c4-4a83-9de2-85985cc51b95_hot-air-balloons-4381674_1920.jpg, <<BLOB>>, undefined
2020-07-02 16:18:16.711 39202 [8080-exec-83] - TRACE           i.a.k.w.r.m.K.selectBoundaryList  165 : <==        Row: 47, 2020-07-01 12:53:27.0, 2cbdfbf0-f8a3-45dd-bb49-3d6803586b9b_KakaoTalk_Photo_2020-06-15-16-04-31.jpeg, <<BLOB>>, admin
2020-07-02 16:18:16.711 39202 [8080-exec-83] - TRACE           i.a.k.w.r.m.K.selectBoundaryList  165 : <==        Row: 48, 2020-07-01 13:00:14.0, 58da8781-b750-4a2c-9e32-e02ac859124e_images.jpeg, <<BLOB>>, jang6845
2020-07-02 16:18:16.712 39202 [8080-exec-83] - TRACE           i.a.k.w.r.m.K.selectBoundaryList  165 : <==        Row: 49, 2020-07-01 13:00:24.0, 589c12e3-33d9-4b53-ae9f-1c6656f2341c_images (1).jpeg, <<BLOB>>, jang6845
2020-07-02 16:18:16.712 39202 [8080-exec-83] - TRACE           i.a.k.w.r.m.K.selectBoundaryList  165 : <==        Row: 50, 2020-07-01 17:08:47.0, 6d4d5b77-a804-40ea-b982-77c243ec4031_images.jpeg, <<BLOB>>, admin
2020-07-02 16:18:16.712 39202 [8080-exec-83] - TRACE           i.a.k.w.r.m.K.selectBoundaryList  165 : <==        Row: 51, 2020-07-02 14:11:22.0, 88dff736-a5ac-40e5-afea-8bbaea09b3f7_티셔츠444.jpeg, <<BLOB>>, asdf123
2020-07-02 16:18:16.713 39202 [8080-exec-83] - DEBUG           i.a.k.w.r.m.K.selectBoundaryList  159 : <==      Total: 54
2020-07-02 16:18:20.551 39202 [8080-exec-84] - INFO      i.a.k.w.c.s.ControllerExceptionHandler   79 : HTTP Response [500 INTERNAL_SERVER_ERROR] to 127.0.0.1 : ErrorResponse(timestamp=2020-07-02T16:18:20.551, code=Unknown, status=500, error=Internal Server Error, message=org.springframework.security.web.authentication.WebAuthenticationDetails cannot be cast to io.aetherit.kfashion.ws.model.KfashionSimpleUser, path=/api/v1/kfashion/authentications/signcheck)
2020-07-02 16:18:22.314 39202 [8080-exec-85] - DEBUG                   i.a.k.w.r.m.K.selectUser  159 : ==>  Preparing: SELECT id, password, name, is_admin, is_approved, created_datetime, updated_datetime FROM kfashion_user_info WHERE id = ? 
2020-07-02 16:18:22.315 39202 [8080-exec-85] - DEBUG                   i.a.k.w.r.m.K.selectUser  159 : ==> Parameters: admin(String)
2020-07-02 16:18:22.424 39202 [8080-exec-85] - TRACE                   i.a.k.w.r.m.K.selectUser  165 : <==    Columns: id, password, name, is_admin, is_approved, created_datetime, updated_datetime
2020-07-02 16:18:22.425 39202 [8080-exec-85] - TRACE                   i.a.k.w.r.m.K.selectUser  165 : <==        Row: admin, {bcrypt}$2a$10$.nj8ne9ZRvs/fQ6qt8khyefVHhULl8gHL5o8B2KYzZ7bDI22tJ4nG, administrator, Y, Y, 2020-06-23 11:46:43.0, 2020-06-23 11:46:43.0
2020-07-02 16:18:22.426 39202 [8080-exec-85] - DEBUG                   i.a.k.w.r.m.K.selectUser  159 : <==      Total: 1
2020-07-02 17:35:14.613 39202 [8080-exec-86] - INFO      i.a.k.w.c.s.ControllerExceptionHandler   79 : HTTP Response [500 INTERNAL_SERVER_ERROR] to 127.0.0.1 : ErrorResponse(timestamp=2020-07-02T17:35:14.613, code=Unknown, status=500, error=Internal Server Error, message=org.springframework.security.web.authentication.WebAuthenticationDetails cannot be cast to io.aetherit.kfashion.ws.model.KfashionSimpleUser, path=/api/v1/kfashion/authentications/signcheck)
2020-07-02 17:35:15.980 39202 [8080-exec-87] - DEBUG                   i.a.k.w.r.m.K.selectUser  159 : ==>  Preparing: SELECT id, password, name, is_admin, is_approved, created_datetime, updated_datetime FROM kfashion_user_info WHERE id = ? 
2020-07-02 17:35:15.981 39202 [8080-exec-87] - DEBUG                   i.a.k.w.r.m.K.selectUser  159 : ==> Parameters: admin(String)
2020-07-02 17:35:16.006 39202 [8080-exec-87] - TRACE                   i.a.k.w.r.m.K.selectUser  165 : <==    Columns: id, password, name, is_admin, is_approved, created_datetime, updated_datetime
2020-07-02 17:35:16.007 39202 [8080-exec-87] - TRACE                   i.a.k.w.r.m.K.selectUser  165 : <==        Row: admin, {bcrypt}$2a$10$.nj8ne9ZRvs/fQ6qt8khyefVHhULl8gHL5o8B2KYzZ7bDI22tJ4nG, administrator, Y, Y, 2020-06-23 11:46:43.0, 2020-06-23 11:46:43.0
2020-07-02 17:35:16.008 39202 [8080-exec-87] - DEBUG                   i.a.k.w.r.m.K.selectUser  159 : <==      Total: 1
2020-07-02 18:03:30.336 39202 [8080-exec-92] - DEBUG                   i.a.k.w.r.m.K.selectUser  159 : ==>  Preparing: SELECT id, password, name, is_admin, is_approved, created_datetime, updated_datetime FROM kfashion_user_info WHERE id = ? 
2020-07-02 18:03:30.338 39202 [8080-exec-92] - DEBUG                   i.a.k.w.r.m.K.selectUser  159 : ==> Parameters: admin(String)
2020-07-02 18:03:30.365 39202 [8080-exec-92] - TRACE                   i.a.k.w.r.m.K.selectUser  165 : <==    Columns: id, password, name, is_admin, is_approved, created_datetime, updated_datetime
2020-07-02 18:03:30.366 39202 [8080-exec-92] - TRACE                   i.a.k.w.r.m.K.selectUser  165 : <==        Row: admin, {bcrypt}$2a$10$.nj8ne9ZRvs/fQ6qt8khyefVHhULl8gHL5o8B2KYzZ7bDI22tJ4nG, administrator, Y, Y, 2020-06-23 11:46:43.0, 2020-06-23 11:46:43.0
2020-07-02 18:03:30.367 39202 [8080-exec-92] - DEBUG                   i.a.k.w.r.m.K.selectUser  159 : <==      Total: 1
2020-07-02 20:23:16.253 39202 [080-exec-141] - INFO      i.a.k.w.c.s.ControllerExceptionHandler   79 : HTTP Response [500 INTERNAL_SERVER_ERROR] to 127.0.0.1 : ErrorResponse(timestamp=2020-07-02T20:23:16.253, code=Unknown, status=500, error=Internal Server Error, message=org.springframework.security.web.authentication.WebAuthenticationDetails cannot be cast to io.aetherit.kfashion.ws.model.KfashionSimpleUser, path=/api/v1/kfashion/authentications/signcheck)
2020-07-02 20:23:17.393 39202 [080-exec-142] - DEBUG                   i.a.k.w.r.m.K.selectUser  159 : ==>  Preparing: SELECT id, password, name, is_admin, is_approved, created_datetime, updated_datetime FROM kfashion_user_info WHERE id = ? 
2020-07-02 20:23:17.394 39202 [080-exec-142] - DEBUG                   i.a.k.w.r.m.K.selectUser  159 : ==> Parameters: admin(String)
2020-07-02 20:23:17.402 39202 [080-exec-142] - TRACE                   i.a.k.w.r.m.K.selectUser  165 : <==    Columns: id, password, name, is_admin, is_approved, created_datetime, updated_datetime
2020-07-02 20:23:17.403 39202 [080-exec-142] - TRACE                   i.a.k.w.r.m.K.selectUser  165 : <==        Row: admin, {bcrypt}$2a$10$.nj8ne9ZRvs/fQ6qt8khyefVHhULl8gHL5o8B2KYzZ7bDI22tJ4nG, administrator, Y, Y, 2020-06-23 11:46:43.0, 2020-06-23 11:46:43.0
2020-07-02 20:23:17.404 39202 [080-exec-142] - DEBUG                   i.a.k.w.r.m.K.selectUser  159 : <==      Total: 1
2020-07-02 21:51:01.459 39202 [080-exec-203] - DEBUG                   i.a.k.w.r.m.K.selectUser  159 : ==>  Preparing: SELECT id, password, name, is_admin, is_approved, created_datetime, updated_datetime FROM kfashion_user_info WHERE id = ? 
2020-07-02 21:51:01.461 39202 [080-exec-203] - DEBUG                   i.a.k.w.r.m.K.selectUser  159 : ==> Parameters: admin(String)
2020-07-02 21:51:01.484 39202 [080-exec-203] - TRACE                   i.a.k.w.r.m.K.selectUser  165 : <==    Columns: id, password, name, is_admin, is_approved, created_datetime, updated_datetime
2020-07-02 21:51:01.485 39202 [080-exec-203] - TRACE                   i.a.k.w.r.m.K.selectUser  165 : <==        Row: admin, {bcrypt}$2a$10$.nj8ne9ZRvs/fQ6qt8khyefVHhULl8gHL5o8B2KYzZ7bDI22tJ4nG, administrator, Y, Y, 2020-06-23 11:46:43.0, 2020-06-23 11:46:43.0
2020-07-02 21:51:01.485 39202 [080-exec-203] - DEBUG                   i.a.k.w.r.m.K.selectUser  159 : <==      Total: 1
