2020-06-18 09:52:21.888 2303 [        main] - INFO         io.aetherit.kfashion.ws.Application   55 : Starting Application on jangseong-yeol-ui-MacBookPro.local with PID 2303 (/Users/jangseong-yeol/kfashion.ws/target/classes started by jangseong-yeol in /Users/jangseong-yeol/kfashion.ws)
2020-06-18 09:52:21.893 2303 [        main] - DEBUG        io.aetherit.kfashion.ws.Application   56 : Running with Spring Boot v2.2.4.RELEASE, Spring v5.2.3.RELEASE
2020-06-18 09:52:21.894 2303 [        main] - INFO         io.aetherit.kfashion.ws.Application  651 : No active profile set, falling back to default profiles: default
2020-06-18 09:52:22.630 2303 [        main] - INFO  o.s.c.s.PostProcessorRegistrationDelegate$BeanPostProcessorChecker  330 : Bean 'applicationConfiguration' of type [io.aetherit.kfashion.ws.configuration.ApplicationConfiguration$$EnhancerBySpringCGLIB$$134d70b1] is not eligible for getting processed by all BeanPostProcessors (for example: not eligible for auto-proxying)
2020-06-18 09:52:22.968 2303 [        main] - DEBUG       i.a.k.w.c.ApplicationConfiguration$1   81 : Code archive: /Users/jangseong-yeol/.m2/repository/org/springframework/boot/spring-boot/2.2.4.RELEASE/spring-boot-2.2.4.RELEASE.jar
2020-06-18 09:52:22.968 2303 [        main] - DEBUG       i.a.k.w.c.ApplicationConfiguration$1  125 : Code archive: /Users/jangseong-yeol/.m2/repository/org/springframework/boot/spring-boot/2.2.4.RELEASE/spring-boot-2.2.4.RELEASE.jar
2020-06-18 09:52:22.968 2303 [        main] - DEBUG       i.a.k.w.c.ApplicationConfiguration$1  149 : None of the document roots [src/main/webapp, public, static] point to a directory and will be ignored.
2020-06-18 09:52:22.985 2303 [        main] - INFO   o.s.b.web.embedded.tomcat.TomcatWebServer   92 : Tomcat initialized with port(s): 8080 (http)
2020-06-18 09:52:22.990 2303 [        main] - INFO  org.apache.coyote.http11.Http11NioProtocol  173 : Initializing ProtocolHandler ["http-nio-8080"]
2020-06-18 09:52:22.991 2303 [        main] - INFO    org.apache.catalina.core.StandardService  173 : Starting service [Tomcat]
2020-06-18 09:52:22.991 2303 [        main] - INFO     org.apache.catalina.core.StandardEngine  173 : Starting Servlet engine: [Apache Tomcat/9.0.30]
2020-06-18 09:52:23.056 2303 [        main] - INFO          o.a.c.c.C.[Tomcat].[localhost].[/]  173 : Initializing Spring embedded WebApplicationContext
2020-06-18 09:52:23.056 2303 [        main] - INFO               o.s.web.context.ContextLoader  284 : Root WebApplicationContext: initialization completed in 1126 ms
2020-06-18 09:52:23.095 2303 [        main] - DEBUG            i.a.k.w.c.DatabaseConfiguration   47 : Creating DB DataSource : org.mariadb.jdbc.Driver, jdbc:mariadb://192.168.0.13:3306/kfashion, user1
2020-06-18 09:52:23.595 2303 [        main] - DEBUG         i.a.k.w.r.m.U.selectUsersWhereType  159 : ==>  Preparing: SELECT id, password, name, type, is_enabled, created_datetime, updated_datetime FROM kfashion_users WHERE type = ? ORDER BY created_datetime DESC 
2020-06-18 09:52:23.609 2303 [        main] - DEBUG         i.a.k.w.r.m.U.selectUsersWhereType  159 : ==> Parameters: Admin(String)
2020-06-18 09:52:23.626 2303 [        main] - TRACE         i.a.k.w.r.m.U.selectUsersWhereType  165 : <==    Columns: id, password, name, type, is_enabled, created_datetime, updated_datetime
2020-06-18 09:52:23.627 2303 [        main] - TRACE         i.a.k.w.r.m.U.selectUsersWhereType  165 : <==        Row: admin, {bcrypt}$2a$10$AYladbn9V26tseFXJduxXOeCvTHLP7XSRnBjN72f6tLjmLQfm.rBS, administrator, Admin, 1, 2020-06-15 10:42:05.0, 2020-06-15 10:42:05.0
2020-06-18 09:52:23.629 2303 [        main] - DEBUG         i.a.k.w.r.m.U.selectUsersWhereType  159 : <==      Total: 1
2020-06-18 09:52:23.767 2303 [        main] - INFO   i.a.k.ws.controller.InformationController   22 : Appliction Information : io.aetherit.kfashion.ws 1.0-SNAPSHOT 20200616_1844 #0
2020-06-18 09:52:24.163 2303 [        main] - INFO        o.s.s.web.DefaultSecurityFilterChain   43 : Creating filter chain: any request, [org.springframework.security.web.context.request.async.WebAsyncManagerIntegrationFilter@3791f50e, org.springframework.security.web.context.SecurityContextPersistenceFilter@177515d1, org.springframework.security.web.header.HeaderWriterFilter@7a360554, org.springframework.security.web.authentication.logout.LogoutFilter@4012d5bc, org.springframework.security.web.savedrequest.RequestCacheAwareFilter@4c2af006, org.springframework.security.web.servletapi.SecurityContextHolderAwareRequestFilter@1b7a52dd, org.springframework.security.web.authentication.AnonymousAuthenticationFilter@574b7f4a, org.springframework.security.web.session.SessionManagementFilter@77865933, org.springframework.security.web.access.ExceptionTranslationFilter@3722c145, org.springframework.security.web.access.intercept.FilterSecurityInterceptor@5c441290]
2020-06-18 09:52:24.274 2303 [        main] - INFO     o.s.s.concurrent.ThreadPoolTaskExecutor  171 : Initializing ExecutorService 'applicationTaskExecutor'
2020-06-18 09:52:24.470 2303 [        main] - INFO  o.s.s.a.ScheduledAnnotationBeanPostProcessor  297 : No TaskScheduler/ScheduledExecutorService bean found for scheduled processing
2020-06-18 09:52:24.477 2303 [        main] - INFO  org.apache.coyote.http11.Http11NioProtocol  173 : Starting ProtocolHandler ["http-nio-8080"]
2020-06-18 09:52:24.530 2303 [        main] - INFO   o.s.b.web.embedded.tomcat.TomcatWebServer  204 : Tomcat started on port(s): 8080 (http) with context path ''
2020-06-18 09:52:24.533 2303 [        main] - INFO         io.aetherit.kfashion.ws.Application   61 : Started Application in 3.036 seconds (JVM running for 3.727)
2020-06-18 09:52:38.793 2303 [-8080-exec-1] - INFO          o.a.c.c.C.[Tomcat].[localhost].[/]  173 : Initializing Spring DispatcherServlet 'dispatcherServlet'
2020-06-18 09:52:38.793 2303 [-8080-exec-1] - INFO           o.s.web.servlet.DispatcherServlet  525 : Initializing Servlet 'dispatcherServlet'
2020-06-18 09:52:38.801 2303 [-8080-exec-1] - INFO           o.s.web.servlet.DispatcherServlet  547 : Completed initialization in 8 ms
2020-06-18 09:52:38.940 2303 [-8080-exec-1] - INFO      i.a.k.w.c.s.ControllerExceptionHandler   79 : HTTP Response [500 INTERNAL_SERVER_ERROR] to 127.0.0.1 : ErrorResponse(timestamp=2020-06-18T09:52:38.940, code=Unknown, status=500, error=Internal Server Error, message=org.springframework.security.web.authentication.WebAuthenticationDetails cannot be cast to io.aetherit.kfashion.ws.model.SimpleUser, path=/api/v1/authentications/signcheck)
2020-06-18 09:52:42.647 2303 [-8080-exec-2] - DEBUG     i.a.k.w.r.mapper.UserMapper.selectUser  159 : ==>  Preparing: SELECT id, password, name, type, is_enabled, created_datetime, updated_datetime FROM kfashion_users WHERE id = ? 
2020-06-18 09:52:42.648 2303 [-8080-exec-2] - DEBUG     i.a.k.w.r.mapper.UserMapper.selectUser  159 : ==> Parameters: admin(String)
2020-06-18 09:52:42.653 2303 [-8080-exec-2] - TRACE     i.a.k.w.r.mapper.UserMapper.selectUser  165 : <==    Columns: id, password, name, type, is_enabled, created_datetime, updated_datetime
2020-06-18 09:52:42.653 2303 [-8080-exec-2] - TRACE     i.a.k.w.r.mapper.UserMapper.selectUser  165 : <==        Row: admin, {bcrypt}$2a$10$AYladbn9V26tseFXJduxXOeCvTHLP7XSRnBjN72f6tLjmLQfm.rBS, administrator, Admin, 1, 2020-06-15 10:42:05.0, 2020-06-15 10:42:05.0
2020-06-18 09:52:42.654 2303 [-8080-exec-2] - DEBUG     i.a.k.w.r.mapper.UserMapper.selectUser  159 : <==      Total: 1
